NODE                                       NAME
gke-cluster-x-default-pool-48b4fcc4-c7tq   job1m2cit-mbackground-17-1-bf76m
gke-cluster-x-default-pool-48b4fcc4-t243   job22lv9k-madd-29-1-bg4j4
gke-cluster-x-default-pool-48b4fcc4-c7tq   job3b8x8w-mbackground-27-1-rqvqm
gke-cluster-x-default-pool-48b4fcc4-t243   job4o2wyc-mbackground-6-1-sctv7
gke-cluster-x-default-pool-48b4fcc4-t243   job4u82sf-mproject-22-1-svmx2
gke-cluster-x-default-pool-48b4fcc4-c7tq   job550psj-mbgmodel-15-1-7kndh
gke-cluster-x-default-pool-48b4fcc4-t243   job62gzlp-mbgmodel-25-1-llsrs
gke-cluster-x-default-pool-48b4fcc4-c7tq   job8p7wae-mviewer-30-1-m5wlg
gke-cluster-x-default-pool-48b4fcc4-t243   jobapqjm-mproject-2-1-82s5t
gke-cluster-x-default-pool-48b4fcc4-c7tq   jobaz1jr-mconcatfit-4-1-vddbk
gke-cluster-x-default-pool-48b4fcc4-t243   jobbe5k3b-mimgtbl-28-1-hz7c2
gke-cluster-x-default-pool-48b4fcc4-c7tq   jobd4w4uy-mproject-12-1-7ctkx
gke-cluster-x-default-pool-48b4fcc4-t243   jobffr1h-mdifffit-23-1-fglbf
gke-cluster-x-default-pool-48b4fcc4-c7tq   jobfhnfma-mdifffit-3-1-w6dft
gke-cluster-x-default-pool-48b4fcc4-t243   jobhym9p4-mproject-21-1-t4bgk
gke-cluster-x-default-pool-48b4fcc4-c7tq   jobiufve-mdifffit-13-1-2wxrf
gke-cluster-x-default-pool-48b4fcc4-t243   jobji4ohj-mviewer-10-1-4pp48
gke-cluster-x-default-pool-48b4fcc4-c7tq   jobk2jq8-mbackground-16-1-xtn2r
gke-cluster-x-default-pool-48b4fcc4-c7tq   jobm0rxtk-mbackground-7-1-vlhtp
gke-cluster-x-default-pool-48b4fcc4-t243   jobotl0nt-mconcatfit-24-1-jzzmk
gke-cluster-x-default-pool-48b4fcc4-c7tq   jobqddp6c-mbgmodel-5-1-z9hdm
gke-cluster-x-default-pool-48b4fcc4-c7tq   jobr5ruih-mviewer-20-1-bd6tw
gke-cluster-x-default-pool-48b4fcc4-c7tq   jobrvjdlg-mproject-11-1-8kjnm
gke-cluster-x-default-pool-48b4fcc4-t243   jobs21qqi-madd-9-1-zg6wz
gke-cluster-x-default-pool-48b4fcc4-t243   jobswse1q-mbackground-26-1-4mr9g
gke-cluster-x-default-pool-48b4fcc4-c7tq   jobv2iby1-madd-19-1-ttqwh
gke-cluster-x-default-pool-48b4fcc4-c7tq   jobw4rijj-mconcatfit-14-1-8qvn9
gke-cluster-x-default-pool-48b4fcc4-c7tq   jobxnz6mpn-mimgtbl-8-1-bsqfl
gke-cluster-x-default-pool-48b4fcc4-t243   jobxtpcl6-mproject-1-1-fkxf2
gke-cluster-x-default-pool-48b4fcc4-c7tq   jobxwke79-mimgtbl-18-1-ddh9z
gke-cluster-x-default-pool-48b4fcc4-c7tq   jobxy8cs-mviewer-31-1-drw96
