null /work_dir
{
  "ins": [
    0,
    1,
    4,
    8,
    10,
    12,
    17,
    19,
    23,
    26,
    30,
    32,
    34,
    39,
    44,
    47,
    51,
    53,
    55,
    60
  ],
  "name": "montage2",
  "outs": [
    21,
    22,
    41,
    43,
    63,
    64,
    65
  ],
  "processes": [
    {
      "config": {
        "executor": {
          "args": [
            "-X",
            "2mass-atlas-980914s-j0820044.fits",
            "p2mass-atlas-980914s-j0820044.fits",
            "region-oversized.hdr"
          ],
          "executable": "mProject"
        }
      },
      "firingLimit": 1,
      "function": "{{function}}",
      "ins": [
        0,
        1
      ],
      "name": "mProject",
      "outs": [
        2,
        3
      ],
      "type": "dataflow",
      "phase": 1
    },
    {
      "config": {
        "executor": {
          "args": [
            "-X",
            "2mass-atlas-001021s-j0490233.fits",
            "p2mass-atlas-001021s-j0490233.fits",
            "region-oversized.hdr"
          ],
          "executable": "mProject"
        }
      },
      "firingLimit": 1,
      "function": "{{function}}",
      "ins": [
        4,
        1
      ],
      "name": "mProject",
      "outs": [
        5,
        6
      ],
      "type": "dataflow",
      "phase": 1
    },
    {
      "config": {
        "executor": {
          "args": [
            "-d",
            "-s",
            "1-fit.000001.000002.txt",
            "p2mass-atlas-980914s-j0820044.fits",
            "p2mass-atlas-001021s-j0490233.fits",
            "1-diff.000001.000002.fits",
            "region-oversized.hdr"
          ],
          "executable": "mDiffFit"
        }
      },
      "firingLimit": 1,
      "function": "{{function}}",
      "ins": [
        5,
        2,
        1,
        6,
        3
      ],
      "name": "mDiffFit",
      "outs": [
        7
      ],
      "type": "dataflow",
      "phase": 2
    },
    {
      "config": {
        "executor": {
          "args": [
            "1-stat.tbl",
            "1-fits.tbl",
            "."
          ],
          "executable": "mConcatFit"
        }
      },
      "firingLimit": 1,
      "function": "{{function}}",
      "ins": [
        7,
        8
      ],
      "name": "mConcatFit",
      "outs": [
        9
      ],
      "type": "dataflow",
      "phase": 3
    },
    {
      "config": {
        "executor": {
          "args": [
            "-i",
            "100000",
            "1-images.tbl",
            "1-fits.tbl",
            "1-corrections.tbl"
          ],
          "executable": "mBgModel"
        }
      },
      "firingLimit": 1,
      "function": "{{function}}",
      "ins": [
        9,
        10
      ],
      "name": "mBgModel",
      "outs": [
        11
      ],
      "type": "dataflow",
      "phase": 4
    },
    {
      "config": {
        "executor": {
          "args": [
            "-t",
            "p2mass-atlas-980914s-j0820044.fits",
            "c2mass-atlas-980914s-j0820044.fits",
            "1-projected.tbl",
            "1-corrections.tbl"
          ],
          "executable": "mBackground"
        }
      },
      "firingLimit": 1,
      "function": "{{function}}",
      "ins": [
        2,
        11,
        12,
        3
      ],
      "name": "mBackground",
      "outs": [
        13,
        14
      ],
      "type": "dataflow",
      "phase": 5
    },
    {
      "config": {
        "executor": {
          "args": [
            "-t",
            "p2mass-atlas-001021s-j0490233.fits",
            "c2mass-atlas-001021s-j0490233.fits",
            "1-projected.tbl",
            "1-corrections.tbl"
          ],
          "executable": "mBackground"
        }
      },
      "firingLimit": 1,
      "function": "{{function}}",
      "ins": [
        5,
        12,
        11,
        6
      ],
      "name": "mBackground",
      "outs": [
        15,
        16
      ],
      "type": "dataflow",
      "phase": 5
    },
    {
      "config": {
        "executor": {
          "args": [
            "-t",
            "1-corrected.tbl",
            ".",
            "1-updated-corrected.tbl"
          ],
          "executable": "mImgtbl"
        }
      },
      "firingLimit": 1,
      "function": "{{function}}",
      "ins": [
        17,
        15,
        14
      ],
      "name": "mImgtbl",
      "outs": [
        18
      ],
      "type": "dataflow",
      "phase": 6
    },
    {
      "config": {
        "executor": {
          "args": [
            "-e",
            "1-updated-corrected.tbl",
            "region.hdr",
            "1-mosaic.fits"
          ],
          "executable": "mAdd"
        }
      },
      "firingLimit": 1,
      "function": "{{function}}",
      "ins": [
        13,
        19,
        18,
        14,
        15,
        16
      ],
      "name": "mAdd",
      "outs": [
        20,
        21
      ],
      "type": "dataflow",
      "phase": 7
    },
    {
      "config": {
        "executor": {
          "args": [
            "-ct",
            "0",
            "-gray",
            "1-mosaic.fits",
            "0s",
            "99.999%",
            "gaussian",
            "-out",
            "1-mosaic.jpg"
          ],
          "executable": "mViewer"
        }
      },
      "firingLimit": 1,
      "function": "{{function}}",
      "ins": [
        20
      ],
      "name": "mViewer",
      "outs": [
        22
      ],
      "type": "dataflow",
      "phase": 8
    },
    {
      "config": {
        "executor": {
          "args": [
            "-X",
            "2mass-atlas-980914s-h0820044.fits",
            "p2mass-atlas-980914s-h0820044.fits",
            "region-oversized.hdr"
          ],
          "executable": "mProject"
        }
      },
      "firingLimit": 1,
      "function": "{{function}}",
      "ins": [
        23,
        1
      ],
      "name": "mProject",
      "outs": [
        24,
        25
      ],
      "type": "dataflow",
      "phase": 1
    },
    {
      "config": {
        "executor": {
          "args": [
            "-X",
            "2mass-atlas-001021s-h0490233.fits",
            "p2mass-atlas-001021s-h0490233.fits",
            "region-oversized.hdr"
          ],
          "executable": "mProject"
        }
      },
      "firingLimit": 1,
      "function": "{{function}}",
      "ins": [
        26,
        1
      ],
      "name": "mProject",
      "outs": [
        27,
        28
      ],
      "type": "dataflow",
      "phase": 1
    },
    {
      "config": {
        "executor": {
          "args": [
            "-d",
            "-s",
            "2-fit.000001.000002.txt",
            "p2mass-atlas-980914s-h0820044.fits",
            "p2mass-atlas-001021s-h0490233.fits",
            "2-diff.000001.000002.fits",
            "region-oversized.hdr"
          ],
          "executable": "mDiffFit"
        }
      },
      "firingLimit": 1,
      "function": "{{function}}",
      "ins": [
        25,
        27,
        1,
        24,
        28
      ],
      "name": "mDiffFit",
      "outs": [
        29
      ],
      "type": "dataflow",
      "phase": 2
    },
    {
      "config": {
        "executor": {
          "args": [
            "2-stat.tbl",
            "2-fits.tbl",
            "."
          ],
          "executable": "mConcatFit"
        }
      },
      "firingLimit": 1,
      "function": "{{function}}",
      "ins": [
        29,
        30
      ],
      "name": "mConcatFit",
      "outs": [
        31
      ],
      "type": "dataflow",
      "phase": 3
    },
    {
      "config": {
        "executor": {
          "args": [
            "-i",
            "100000",
            "2-images.tbl",
            "2-fits.tbl",
            "2-corrections.tbl"
          ],
          "executable": "mBgModel"
        }
      },
      "firingLimit": 1,
      "function": "{{function}}",
      "ins": [
        31,
        32
      ],
      "name": "mBgModel",
      "outs": [
        33
      ],
      "type": "dataflow",
      "phase": 4
    },
    {
      "config": {
        "executor": {
          "args": [
            "-t",
            "p2mass-atlas-980914s-h0820044.fits",
            "c2mass-atlas-980914s-h0820044.fits",
            "2-projected.tbl",
            "2-corrections.tbl"
          ],
          "executable": "mBackground"
        }
      },
      "firingLimit": 1,
      "function": "{{function}}",
      "ins": [
        33,
        25,
        34,
        24
      ],
      "name": "mBackground",
      "outs": [
        35,
        36
      ],
      "type": "dataflow",
      "phase": 5
    },
    {
      "config": {
        "executor": {
          "args": [
            "-t",
            "p2mass-atlas-001021s-h0490233.fits",
            "c2mass-atlas-001021s-h0490233.fits",
            "2-projected.tbl",
            "2-corrections.tbl"
          ],
          "executable": "mBackground"
        }
      },
      "firingLimit": 1,
      "function": "{{function}}",
      "ins": [
        33,
        34,
        27,
        28
      ],
      "name": "mBackground",
      "outs": [
        37,
        38
      ],
      "type": "dataflow",
      "phase": 5
    },
    {
      "config": {
        "executor": {
          "args": [
            "-t",
            "2-corrected.tbl",
            ".",
            "2-updated-corrected.tbl"
          ],
          "executable": "mImgtbl"
        }
      },
      "firingLimit": 1,
      "function": "{{function}}",
      "ins": [
        35,
        39,
        38
      ],
      "name": "mImgtbl",
      "outs": [
        40
      ],
      "type": "dataflow",
      "phase": 6
    },
    {
      "config": {
        "executor": {
          "args": [
            "-e",
            "2-updated-corrected.tbl",
            "region.hdr",
            "2-mosaic.fits"
          ],
          "executable": "mAdd"
        }
      },
      "firingLimit": 1,
      "function": "{{function}}",
      "ins": [
        35,
        36,
        19,
        40,
        38,
        37
      ],
      "name": "mAdd",
      "outs": [
        41,
        42
      ],
      "type": "dataflow",
      "phase": 7
    },
    {
      "config": {
        "executor": {
          "args": [
            "-ct",
            "0",
            "-gray",
            "2-mosaic.fits",
            "0s",
            "99.999%",
            "gaussian",
            "-out",
            "2-mosaic.jpg"
          ],
          "executable": "mViewer"
        }
      },
      "firingLimit": 1,
      "function": "{{function}}",
      "ins": [
        42
      ],
      "name": "mViewer",
      "outs": [
        43
      ],
      "type": "dataflow",
      "phase": 8
    },
    {
      "config": {
        "executor": {
          "args": [
            "-X",
            "2mass-atlas-001021s-k0490233.fits",
            "p2mass-atlas-001021s-k0490233.fits",
            "region-oversized.hdr"
          ],
          "executable": "mProject"
        }
      },
      "firingLimit": 1,
      "function": "{{function}}",
      "ins": [
        44,
        1
      ],
      "name": "mProject",
      "outs": [
        45,
        46
      ],
      "type": "dataflow",
      "phase": 1
    },
    {
      "config": {
        "executor": {
          "args": [
            "-X",
            "2mass-atlas-980914s-k0820044.fits",
            "p2mass-atlas-980914s-k0820044.fits",
            "region-oversized.hdr"
          ],
          "executable": "mProject"
        }
      },
      "firingLimit": 1,
      "function": "{{function}}",
      "ins": [
        47,
        1
      ],
      "name": "mProject",
      "outs": [
        48,
        49
      ],
      "type": "dataflow",
      "phase": 1
    },
    {
      "config": {
        "executor": {
          "args": [
            "-d",
            "-s",
            "3-fit.000001.000002.txt",
            "p2mass-atlas-001021s-k0490233.fits",
            "p2mass-atlas-980914s-k0820044.fits",
            "3-diff.000001.000002.fits",
            "region-oversized.hdr"
          ],
          "executable": "mDiffFit"
        }
      },
      "firingLimit": 1,
      "function": "{{function}}",
      "ins": [
        1,
        48,
        46,
        49,
        45
      ],
      "name": "mDiffFit",
      "outs": [
        50
      ],
      "type": "dataflow",
      "phase": 2
    },
    {
      "config": {
        "executor": {
          "args": [
            "3-stat.tbl",
            "3-fits.tbl",
            "."
          ],
          "executable": "mConcatFit"
        }
      },
      "firingLimit": 1,
      "function": "{{function}}",
      "ins": [
        50,
        51
      ],
      "name": "mConcatFit",
      "outs": [
        52
      ],
      "type": "dataflow",
      "phase": 3
    },
    {
      "config": {
        "executor": {
          "args": [
            "-i",
            "100000",
            "3-images.tbl",
            "3-fits.tbl",
            "3-corrections.tbl"
          ],
          "executable": "mBgModel"
        }
      },
      "firingLimit": 1,
      "function": "{{function}}",
      "ins": [
        53,
        52
      ],
      "name": "mBgModel",
      "outs": [
        54
      ],
      "type": "dataflow",
      "phase": 4
    },
    {
      "config": {
        "executor": {
          "args": [
            "-t",
            "p2mass-atlas-001021s-k0490233.fits",
            "c2mass-atlas-001021s-k0490233.fits",
            "3-projected.tbl",
            "3-corrections.tbl"
          ],
          "executable": "mBackground"
        }
      },
      "firingLimit": 1,
      "function": "{{function}}",
      "ins": [
        55,
        54,
        46,
        45
      ],
      "name": "mBackground",
      "outs": [
        56,
        57
      ],
      "type": "dataflow",
      "phase": 5
    },
    {
      "config": {
        "executor": {
          "args": [
            "-t",
            "p2mass-atlas-980914s-k0820044.fits",
            "c2mass-atlas-980914s-k0820044.fits",
            "3-projected.tbl",
            "3-corrections.tbl"
          ],
          "executable": "mBackground"
        }
      },
      "firingLimit": 1,
      "function": "{{function}}",
      "ins": [
        48,
        55,
        54,
        49
      ],
      "name": "mBackground",
      "outs": [
        58,
        59
      ],
      "type": "dataflow",
      "phase": 5
    },
    {
      "config": {
        "executor": {
          "args": [
            "-t",
            "3-corrected.tbl",
            ".",
            "3-updated-corrected.tbl"
          ],
          "executable": "mImgtbl"
        }
      },
      "firingLimit": 1,
      "function": "{{function}}",
      "ins": [
        60,
        59,
        57
      ],
      "name": "mImgtbl",
      "outs": [
        61
      ],
      "type": "dataflow",
      "phase": 6
    },
    {
      "config": {
        "executor": {
          "args": [
            "-e",
            "3-updated-corrected.tbl",
            "region.hdr",
            "3-mosaic.fits"
          ],
          "executable": "mAdd"
        }
      },
      "firingLimit": 1,
      "function": "{{function}}",
      "ins": [
        61,
        19,
        58,
        56,
        59,
        57
      ],
      "name": "mAdd",
      "outs": [
        62,
        63
      ],
      "type": "dataflow",
      "phase": 7
    },
    {
      "config": {
        "executor": {
          "args": [
            "-ct",
            "0",
            "-gray",
            "3-mosaic.fits",
            "0s",
            "99.999%",
            "gaussian",
            "-out",
            "3-mosaic.jpg"
          ],
          "executable": "mViewer"
        }
      },
      "firingLimit": 1,
      "function": "{{function}}",
      "ins": [
        62
      ],
      "name": "mViewer",
      "outs": [
        64
      ],
      "type": "dataflow",
      "phase": 8
    },
    {
      "config": {
        "executor": {
          "args": [
            "-red",
            "1-mosaic.fits",
            "-1s",
            "99.999%",
            "gaussian-log",
            "-green",
            "2-mosaic.fits",
            "-1s",
            "99.999%",
            "gaussian-log",
            "-blue",
            "3-mosaic.fits",
            "-1s",
            "99.999%",
            "gaussian-log",
            "-out",
            "mosaic-color.jpg"
          ],
          "executable": "mViewer"
        }
      },
      "firingLimit": 1,
      "function": "{{function}}",
      "ins": [
        62,
        20,
        42
      ],
      "name": "mViewer",
      "outs": [
        65
      ],
      "type": "dataflow",
      "phase": 8
    }
  ],
  "signals": [
    {
      "data": [
        {}
      ],
      "name": "2mass-atlas-980914s-j0820044.fits"
    },
    {
      "data": [
        {}
      ],
      "name": "region-oversized.hdr",
      "size": 277
    },
    {
      "name": "p2mass-atlas-980914s-j0820044.fits",
      "size": 4152960
    },
    {
      "name": "p2mass-atlas-980914s-j0820044_area.fits",
      "size": 4152960
    },
    {
      "data": [
        {}
      ],
      "name": "2mass-atlas-001021s-j0490233.fits",
      "size": 1537525
    },
    {
      "name": "p2mass-atlas-001021s-j0490233.fits",
      "size": 4152960
    },
    {
      "name": "p2mass-atlas-001021s-j0490233_area.fits",
      "size": 4152960
    },
    {
      "name": "1-fit.000001.000002.txt",
      "size": 269
    },
    {
      "data": [
        {}
      ],
      "name": "1-stat.tbl",
      "size": 650
    },
    {
      "name": "1-fits.tbl",
      "size": 417
    },
    {
      "data": [
        {}
      ],
      "name": "1-images.tbl",
      "size": 1476
    },
    {
      "name": "1-corrections.tbl",
      "size": 166
    },
    {
      "data": [
        {}
      ],
      "name": "1-projected.tbl",
      "size": 658
    },
    {
      "name": "c2mass-atlas-980914s-j0820044_area.fits",
      "size": 4152960
    },
    {
      "name": "c2mass-atlas-980914s-j0820044.fits",
      "size": 4152960
    },
    {
      "name": "c2mass-atlas-001021s-j0490233.fits",
      "size": 4152960
    },
    {
      "name": "c2mass-atlas-001021s-j0490233_area.fits",
      "size": 4152960
    },
    {
      "data": [
        {}
      ],
      "name": "1-corrected.tbl",
      "size": 658
    },
    {
      "name": "1-updated-corrected.tbl",
      "size": 1764
    },
    {
      "data": [
        {}
      ],
      "name": "region.hdr",
      "size": 269
    },
    {
      "name": "1-mosaic.fits",
      "size": 14400
    },
    {
      "name": "1-mosaic_area.fits",
      "size": 14400
    },
    {
      "name": "1-mosaic.jpg",
      "size": 1098
    },
    {
      "data": [
        {}
      ],
      "name": "2mass-atlas-980914s-h0820044.fits",
      "size": 1464705
    },
    {
      "name": "p2mass-atlas-980914s-h0820044_area.fits",
      "size": 4161600
    },
    {
      "name": "p2mass-atlas-980914s-h0820044.fits",
      "size": 4161600
    },
    {
      "data": [
        {}
      ],
      "name": "2mass-atlas-001021s-h0490233.fits",
      "size": 1469719
    },
    {
      "name": "p2mass-atlas-001021s-h0490233_area.fits",
      "size": 4170240
    },
    {
      "name": "p2mass-atlas-001021s-h0490233.fits",
      "size": 4170240
    },
    {
      "name": "2-fit.000001.000002.txt",
      "size": 268
    },
    {
      "data": [
        {}
      ],
      "name": "2-stat.tbl",
      "size": 650
    },
    {
      "name": "2-fits.tbl",
      "size": 417
    },
    {
      "data": [
        {}
      ],
      "name": "2-images.tbl",
      "size": 1476
    },
    {
      "name": "2-corrections.tbl",
      "size": 166
    },
    {
      "data": [
        {}
      ],
      "name": "2-projected.tbl",
      "size": 658
    },
    {
      "name": "c2mass-atlas-980914s-h0820044.fits",
      "size": 4161600
    },
    {
      "name": "c2mass-atlas-980914s-h0820044_area.fits",
      "size": 4161600
    },
    {
      "name": "c2mass-atlas-001021s-h0490233_area.fits",
      "size": 4170240
    },
    {
      "name": "c2mass-atlas-001021s-h0490233.fits",
      "size": 4170240
    },
    {
      "data": [
        {}
      ],
      "name": "2-corrected.tbl",
      "size": 658
    },
    {
      "name": "2-updated-corrected.tbl",
      "size": 1764
    },
    {
      "name": "2-mosaic_area.fits",
      "size": 14400
    },
    {
      "name": "2-mosaic.fits",
      "size": 14400
    },
    {
      "name": "2-mosaic.jpg",
      "size": 1088
    },
    {
      "data": [
        {}
      ],
      "name": "2mass-atlas-001021s-k0490233.fits",
      "size": 1473388
    },
    {
      "name": "p2mass-atlas-001021s-k0490233_area.fits",
      "size": 4144320
    },
    {
      "name": "p2mass-atlas-001021s-k0490233.fits",
      "size": 4144320
    },
    {
      "data": [
        {}
      ],
      "name": "2mass-atlas-980914s-k0820044.fits",
      "size": 1465354
    },
    {
      "name": "p2mass-atlas-980914s-k0820044_area.fits",
      "size": 4144320
    },
    {
      "name": "p2mass-atlas-980914s-k0820044.fits",
      "size": 4144320
    },
    {
      "name": "3-fit.000001.000002.txt",
      "size": 265
    },
    {
      "data": [
        {}
      ],
      "name": "3-stat.tbl",
      "size": 650
    },
    {
      "name": "3-fits.tbl",
      "size": 417
    },
    {
      "data": [
        {}
      ],
      "name": "3-images.tbl",
      "size": 1476
    },
    {
      "name": "3-corrections.tbl",
      "size": 166
    },
    {
      "data": [
        {}
      ],
      "name": "3-projected.tbl",
      "size": 658
    },
    {
      "name": "c2mass-atlas-001021s-k0490233_area.fits",
      "size": 4144320
    },
    {
      "name": "c2mass-atlas-001021s-k0490233.fits",
      "size": 4144320
    },
    {
      "name": "c2mass-atlas-980914s-k0820044_area.fits",
      "size": 4144320
    },
    {
      "name": "c2mass-atlas-980914s-k0820044.fits",
      "size": 4144320
    },
    {
      "data": [
        {}
      ],
      "name": "3-corrected.tbl",
      "size": 658
    },
    {
      "name": "3-updated-corrected.tbl",
      "size": 1764
    },
    {
      "name": "3-mosaic.fits",
      "size": 14400
    },
    {
      "name": "3-mosaic_area.fits",
      "size": 14400
    },
    {
      "name": "3-mosaic.jpg",
      "size": 1062
    },
    {
      "name": "mosaic-color.jpg",
      "size": 3509
    }
  ],
  "size": "0.01",
  "version": "1.0.0"
}
workflow: montage2
processes: 31
  mProject: 6
  mDiffFit: 3
  mConcatFit: 3
  mBgModel: 3
  mBackground: 6
  mImgtbl: 3
  mAdd: 3
  mViewer: 4
signals: 66
levels: 8 [6,3,3,3,6,3,3,4]
