[2020-05-03T21:33:31.864] [INFO] hftrace - handler started
[2020-05-03T21:33:31.869] [ERROR] hftrace - nethogs execution error: Error: spawn nethogs-wrapper.py ENOENT
    at Process.ChildProcess._handle.onexit (internal/child_process.js:267:19)
    at onErrorNT (internal/child_process.js:469:16)
    at processTicksAndRejections (internal/process/task_queues.js:84:21) {
  errno: 'ENOENT',
  code: 'ENOENT',
  syscall: 'spawn nethogs-wrapper.py',
  path: 'nethogs-wrapper.py',
  spawnargs: []
}
[2020-05-03T21:33:31.880] [INFO] hftrace - jobMessage:  [
  'TGMfC62C8:1:5:1_msg',
  '{"executable":"mBgModel","args":["-i","100000","1-images.tbl","1-fits.tbl","1-corrections.tbl"],"inputs":[{"name":"1-fits.tbl","_id":10,"source":4,"firingId":1,"sigIdx":1},{"name":"1-images.tbl","_id":11,"data":[{}],"sigIdx":1}],"outputs":[{"name":"1-corrections.tbl"}],"redis_url":"redis://redis.default.svc.cluster.local:6379","taskId":"TGMfC62C8:1:5:1","name":"mBgModel"}'
]
[2020-05-03T21:33:31.881] [INFO] hftrace - Job command: 'mBgModel -i 100000 1-images.tbl 1-fits.tbl 1-corrections.tbl'
[2020-05-03T21:33:31.890] [INFO] hftrace - command: {"pid":19,"name":"mBgModel","command":["mBgModel","-i","100000","1-images.tbl","1-fits.tbl","1-corrections.tbl"]}
[2020-05-03T21:33:31.891] [INFO] hftrace - IO: {"read":1225,"write":1,"readSyscalls":5,"writeSyscalls":1,"readReal":0,"writeReal":0,"writeCancelled":0,"pid":19,"name":"mBgModel"}
[2020-05-03T21:33:31.901] [INFO] hftrace - NetDev: pid: 19 [{"name":"eth0","rxBytes":5650,"rxPackets":16,"rxErrors":0,"rxDrop":0,"rxFifo":0,"rxFrame":0,"rxCompressed":0,"rxMulticast":0,"txBytes":1378,"txPackets":16,"txErrors":0,"txDrop":0,"txFifo":0,"txColls":0,"txCarrier":0,"txCompressed":0},{"name":"lo","rxBytes":0,"rxPackets":0,"rxErrors":0,"rxDrop":0,"rxFifo":0,"rxFrame":0,"rxCompressed":0,"rxMulticast":0,"txBytes":0,"txPackets":0,"txErrors":0,"txDrop":0,"txFifo":0,"txColls":0,"txCarrier":0,"txCompressed":0}]
[2020-05-03T21:33:31.911] [INFO] hftrace - job started: mBgModel
[2020-05-03T21:33:31.942] [INFO] hftrace - Procusage: pid: 19 {"cpu":0,"memory":19165184,"ctime":40,"elapsed":40,"timestamp":1588541611942,"pid":19,"ppid":7}
[2020-05-03T21:33:31.943] [INFO] hftrace - Sysinfo: {"cpu":{"manufacturer":"Intel®","brand":"Xeon®","vendor":"","family":"","model":"","stepping":"","revision":"","voltage":"","speed":"2.00","speedmin":"","speedmax":"","governor":"","cores":4,"physicalCores":4,"processors":1,"socket":"","cache":{"l1d":"","l1i":"","l2":"","l3":""}},"mem":{"total":4140511232,"free":199532544,"used":3940978688,"active":1221210112,"available":2919301120,"buffers":207142912,"cached":2465894400,"slab":415535104,"buffcache":3088572416,"swaptotal":0,"swapused":0,"swapfree":0}}
[2020-05-03T21:33:32.436] [INFO] hftrace - job successful (try 1): mBgModel
[2020-05-03T21:33:32.437] [INFO] hftrace - job exit code: 0
[2020-05-03T21:33:32.439] [INFO] hftrace - Job inputs: [ { '1-fits.tbl': 417 }, { '1-images.tbl': 1476 } ]
[2020-05-03T21:33:32.440] [INFO] hftrace - Job outputs: [ { '1-corrections.tbl': 166 } ]
[2020-05-03T21:33:32.440] [INFO] hftrace - handler exiting
