[2020-05-03T21:33:32.489] [INFO] hftrace - handler started
[2020-05-03T21:33:32.492] [ERROR] hftrace - nethogs execution error: Error: spawn nethogs-wrapper.py ENOENT
    at Process.ChildProcess._handle.onexit (internal/child_process.js:267:19)
    at onErrorNT (internal/child_process.js:469:16)
    at processTicksAndRejections (internal/process/task_queues.js:84:21) {
  errno: 'ENOENT',
  code: 'ENOENT',
  syscall: 'spawn nethogs-wrapper.py',
  path: 'nethogs-wrapper.py',
  spawnargs: []
}
[2020-05-03T21:33:32.503] [INFO] hftrace - jobMessage:  [
  'TGMfC62C8:1:27:1_msg',
  '{"executable":"mBackground","args":["-t","p2mass-atlas-980914s-k0820044.fits","c2mass-atlas-980914s-k0820044.fits","3-projected.tbl","3-corrections.tbl"],"inputs":[{"name":"p2mass-atlas-980914s-k0820044_area.fits","_id":49,"source":22,"firingId":1,"sigIdx":1},{"name":"p2mass-atlas-980914s-k0820044.fits","_id":50,"source":22,"firingId":1,"sigIdx":1},{"name":"3-corrections.tbl","_id":55,"source":25,"firingId":1,"sigIdx":1},{"name":"3-projected.tbl","_id":56,"data":[{}],"sigIdx":1}],"outputs":[{"name":"c2mass-atlas-980914s-k0820044_area.fits"},{"name":"c2mass-atlas-980914s-k0820044.fits"}],"redis_url":"redis://redis.default.svc.cluster.local:6379","taskId":"TGMfC62C8:1:27:1","name":"mBackground"}'
]
[2020-05-03T21:33:32.509] [INFO] hftrace - Job command: 'mBackground -t p2mass-atlas-980914s-k0820044.fits c2mass-atlas-980914s-k0820044.fits 3-projected.tbl 3-corrections.tbl'
[2020-05-03T21:33:32.518] [INFO] hftrace - command: {"pid":18,"name":"mBackground","command":["mBackground","-t","p2mass-atlas-980914s-k0820044.fits","c2mass-atlas-980914s-k0820044.fits","3-projected.tbl","3-corrections.tbl"]}
[2020-05-03T21:33:32.519] [INFO] hftrace - IO: {"read":1225,"write":1,"readSyscalls":5,"writeSyscalls":1,"readReal":0,"writeReal":0,"writeCancelled":0,"pid":18,"name":"mBackground"}
[2020-05-03T21:33:32.520] [INFO] hftrace - NetDev: pid: 18 [{"name":"eth0","rxBytes":6151,"rxPackets":19,"rxErrors":0,"rxDrop":0,"rxFifo":0,"rxFrame":0,"rxCompressed":0,"rxMulticast":0,"txBytes":1379,"txPackets":16,"txErrors":0,"txDrop":0,"txFifo":0,"txColls":0,"txCarrier":0,"txCompressed":0},{"name":"lo","rxBytes":0,"rxPackets":0,"rxErrors":0,"rxDrop":0,"rxFifo":0,"rxFrame":0,"rxCompressed":0,"rxMulticast":0,"txBytes":0,"txPackets":0,"txErrors":0,"txDrop":0,"txFifo":0,"txColls":0,"txCarrier":0,"txCompressed":0}]
[2020-05-03T21:33:32.530] [INFO] hftrace - job started: mBackground
[2020-05-03T21:33:32.561] [INFO] hftrace - Procusage: pid: 18 {"cpu":0,"memory":15384576,"ctime":40,"elapsed":40,"timestamp":1588541612560,"pid":18,"ppid":6}
[2020-05-03T21:33:32.563] [INFO] hftrace - Sysinfo: {"cpu":{"manufacturer":"Intel®","brand":"Xeon®","vendor":"","family":"","model":"","stepping":"","revision":"","voltage":"","speed":"2.00","speedmin":"","speedmax":"","governor":"","cores":4,"physicalCores":4,"processors":1,"socket":"","cache":{"l1d":"","l1i":"","l2":"","l3":""}},"mem":{"total":4140511232,"free":263204864,"used":3877306368,"active":1209602048,"available":2930909184,"buffers":206970880,"cached":2416439296,"slab":415670272,"buffcache":3039080448,"swaptotal":0,"swapused":0,"swapfree":0}}
[2020-05-03T21:33:32.945] [INFO] hftrace - job successful (try 1): mBackground
[2020-05-03T21:33:32.945] [INFO] hftrace - job exit code: 0
[2020-05-03T21:33:32.947] [INFO] hftrace - Job inputs: [
  { 'p2mass-atlas-980914s-k0820044_area.fits': 4144320 },
  { 'p2mass-atlas-980914s-k0820044.fits': 4144320 },
  { '3-corrections.tbl': 166 },
  { '3-projected.tbl': 658 }
]
[2020-05-03T21:33:32.948] [INFO] hftrace - Job outputs: [
  { 'c2mass-atlas-980914s-k0820044_area.fits': 4144320 },
  { 'c2mass-atlas-980914s-k0820044.fits': 4144320 }
]
[2020-05-03T21:33:32.948] [INFO] hftrace - handler exiting
