SVC_DEBUG>  svc_debug(): ON<br>
[mDiff p2mass-atlas-980914s-h0820044.fits p2mass-atlas-001021s-h0490233.fits 2-diff.000001.000002.fits region-oversized.hdr]
SVC_DEBUG>  Entering svc_run()<br>
SVC_DEBUG>  svc_run(): svcstr = [mDiff p2mass-atlas-980914s-h0820044.fits p2mass-atlas-001021s-h0490233.fits 2-diff.000001.000002.fits region-oversized.hdr]<br>
SVC_DEBUG>  Entering svc_init()<br>
SVC_DEBUG>  svc_init(): svcstr = [mDiff p2mass-atlas-980914s-h0820044.fits p2mass-atlas-001021s-h0490233.fits 2-diff.000001.000002.fits region-oversized.hdr]<br>
SVC_DEBUG>  Entering svc_alloc()<br>
SVC_DEBUG>  svc_alloc(): allocated 32 service slots [@0x55dd4ad46700]<br>
SVC_DEBUG>  Entering svc_getargs()<br>
SVC_DEBUG>  svc_init(): index = 0<br>
SVC_DEBUG>  svc_init(): pid   = 20<br>
SVC_DEBUG>  svc_init(): path  = mDiff<br>
SVC_DEBUG>  svc_init(): fdin  = 5<br>
SVC_DEBUG>  svc_init(): fdout = 6<br>
SVC_DEBUG>  svc_run(): index (from svc_init()) = 0<br>
SVC_DEBUG>  Entering svc_receive()<br>
SVC_DEBUG>  Entering svc_fgets()<br>
SVC_DEBUG>  svc_fgets(): Allocate string space [@0x55dd4ca55520]<br>
SVC_DEBUG>  Entering svc_check()<br>
SVC_DEBUG>  svc_receive(): Receiving [[struct stat="OK", module="mDiff", time=0.0, min_pixel=2.1189e-12, max_pixel=2.92017e-08, min_diff=13.4567, max_diff=239.364]]<br>
SVC_DEBUG>  Entering svc_close()<br>
SVC_DEBUG>  Entering svc_check()<br>
SVC_DEBUG>  Entering svc_value()<br>
SVC_DEBUG>  svc_value(): [stat] -> [OK] [@0x55dd4ca55020]<br>
[mFitplane -b 0 2-diff.000001.000002.fits]
SVC_DEBUG>  Entering svc_run()<br>
SVC_DEBUG>  svc_run(): svcstr = [mFitplane -b 0 2-diff.000001.000002.fits]<br>
SVC_DEBUG>  Entering svc_init()<br>
SVC_DEBUG>  svc_init(): svcstr = [mFitplane -b 0 2-diff.000001.000002.fits]<br>
SVC_DEBUG>  Entering svc_alloc()<br>
SVC_DEBUG>  Entering svc_getargs()<br>
SVC_DEBUG>  svc_init(): index = 0<br>
SVC_DEBUG>  svc_init(): pid   = 31<br>
SVC_DEBUG>  svc_init(): path  = mFitplane<br>
SVC_DEBUG>  svc_init(): fdin  = 5<br>
SVC_DEBUG>  svc_init(): fdout = 6<br>
SVC_DEBUG>  svc_run(): index (from svc_init()) = 0<br>
SVC_DEBUG>  Entering svc_receive()<br>
SVC_DEBUG>  Entering svc_fgets()<br>
SVC_DEBUG>  svc_fgets(): Allocate string space [@0x55dd4ca55220]<br>
SVC_DEBUG>  Entering svc_check()<br>
SVC_DEBUG>  svc_receive(): Receiving [[struct stat="OK", module="mFitplane", a=-0.000780898, b=0.00174372, c=-41.4116, crpix1=291.5, crpix2=501.5, xmin=-291.5, xmax=212.5, ymin=-500.5, ymax=323.5, xcenter=-38.5972, ycenter=-86.8366, npixel=353309, rms=0.823262, boxx=-39.5, boxy=-88.5, boxwidth=826, boxheight=504, boxang=90]]<br>
SVC_DEBUG>  Entering svc_close()<br>
SVC_DEBUG>  Entering svc_check()<br>
SVC_DEBUG>  Entering svc_value()<br>
SVC_DEBUG>  svc_value(): [stat] -> [OK] [@0x7f97242595a0]<br>
SVC_DEBUG>  Entering svc_value()<br>
SVC_DEBUG>  svc_value(): [a] -> [-0.000780898] [@0x7f97242595a0]<br>
SVC_DEBUG>  Entering svc_value()<br>
SVC_DEBUG>  svc_value(): [b] -> [0.00174372] [@0x7f97242595a0]<br>
SVC_DEBUG>  Entering svc_value()<br>
SVC_DEBUG>  svc_value(): [c] -> [-41.4116] [@0x7f97242595a0]<br>
SVC_DEBUG>  Entering svc_value()<br>
SVC_DEBUG>  svc_value(): [crpix1] -> [291.5] [@0x7f97242595a0]<br>
SVC_DEBUG>  Entering svc_value()<br>
SVC_DEBUG>  svc_value(): [crpix2] -> [501.5] [@0x7f97242595a0]<br>
SVC_DEBUG>  Entering svc_value()<br>
SVC_DEBUG>  svc_value(): [xmin] -> [-291.5] [@0x7f97242595a0]<br>
SVC_DEBUG>  Entering svc_value()<br>
SVC_DEBUG>  svc_value(): [xmax] -> [212.5] [@0x7f97242595a0]<br>
SVC_DEBUG>  Entering svc_value()<br>
SVC_DEBUG>  svc_value(): [ymin] -> [-500.5] [@0x7f97242595a0]<br>
SVC_DEBUG>  Entering svc_value()<br>
SVC_DEBUG>  svc_value(): [ymax] -> [323.5] [@0x7f97242595a0]<br>
SVC_DEBUG>  Entering svc_value()<br>
SVC_DEBUG>  svc_value(): [xcenter] -> [-38.5972] [@0x7f97242595a0]<br>
SVC_DEBUG>  Entering svc_value()<br>
SVC_DEBUG>  svc_value(): [ycenter] -> [-86.8366] [@0x7f97242595a0]<br>
SVC_DEBUG>  Entering svc_value()<br>
SVC_DEBUG>  svc_value(): [npixel] -> [353309] [@0x7f97242595a0]<br>
SVC_DEBUG>  Entering svc_value()<br>
SVC_DEBUG>  svc_value(): [rms] -> [0.823262] [@0x7f97242595a0]<br>
SVC_DEBUG>  Entering svc_value()<br>
SVC_DEBUG>  svc_value(): [boxx] -> [-39.5] [@0x7f97242595a0]<br>
SVC_DEBUG>  Entering svc_value()<br>
SVC_DEBUG>  svc_value(): [boxy] -> [-88.5] [@0x7f97242595a0]<br>
SVC_DEBUG>  Entering svc_value()<br>
SVC_DEBUG>  svc_value(): [boxwidth] -> [826] [@0x7f97242595a0]<br>
SVC_DEBUG>  Entering svc_value()<br>
SVC_DEBUG>  svc_value(): [boxheight] -> [504] [@0x7f97242595a0]<br>
SVC_DEBUG>  Entering svc_value()<br>
SVC_DEBUG>  svc_value(): [boxang] -> [90] [@0x7f97242595a0]<br>
