[2020-05-13T09:55:35.115] [INFO] hftrace - Environment variables (HF_LOG): {"podIp":"10.40.0.57","nodeName":"gke-cluster-x-default-pool-917ea268-7zqx","podName":"jobqtcvll-mdifffit-12-1-q5jf9","podServiceAccount":"default","podNamespace":"default"}
[2020-05-13T09:55:35.135] [INFO] hftrace - handler started
[2020-05-13T09:55:35.162] [INFO] hftrace - jobMessage:  [
  'j6Bb_ZBMN:1:12:1_msg',
  '{"executable":"mDiffFit","args":["-s","fit.000001.000003.txt","p2mass-atlas-001124n-j0880044.fits","p2mass-atlas-001124n-j0880032.fits","diff.000001.000003.fits","big_region_20180402_165339_22325.hdr"],"inputs":[{"name":"p2mass-atlas-001124n-j0880044.fits","_id":2,"source":1,"firingId":1,"sigIdx":1},{"name":"p2mass-atlas-001124n-j0880044_area.fits","_id":3,"source":1,"firingId":1,"sigIdx":1},{"name":"big_region_20180402_165339_22325.hdr","_id":4,"data":[{}],"sigIdx":1},{"name":"p2mass-atlas-001124n-j0880032.fits","_id":9,"source":3,"firingId":1,"sigIdx":1},{"name":"p2mass-atlas-001124n-j0880032_area.fits","_id":10,"source":3,"firingId":1,"sigIdx":1},{"name":"mDiff","_id":32,"data":[{}],"sigIdx":1},{"name":"mFitplane","_id":33,"data":[{}],"sigIdx":1}],"outputs":[{"name":"fit.000001.000003.txt"},{"name":"diff.000001.000003.fits"}],"redis_url":"redis://redis.default.svc.cluster.local:6379","taskId":"j6Bb_ZBMN:1:12:1","name":"mDiffFit"}'
]
[2020-05-13T09:55:35.164] [INFO] hftrace - Job command: 'mDiffFit -s fit.000001.000003.txt p2mass-atlas-001124n-j0880044.fits p2mass-atlas-001124n-j0880032.fits diff.000001.000003.fits big_region_20180402_165339_22325.hdr'
[2020-05-13T09:55:35.180] [INFO] hftrace - command: {"pid":24,"name":"mDiffFit","command":["mDiffFit","-s","fit.000001.000003.txt","p2mass-atlas-001124n-j0880044.fits","p2mass-atlas-001124n-j0880032.fits","diff.000001.000003.fits","big_region_20180402_165339_22325.hdr"]}
[2020-05-13T09:55:35.182] [INFO] hftrace - IO: {"read":2185,"write":1,"readSyscalls":6,"writeSyscalls":1,"readReal":0,"writeReal":0,"writeCancelled":0,"pid":24,"name":"mDiffFit"}
[2020-05-13T09:55:35.205] [INFO] hftrace - NetDev: pid: 24 [{"name":"eth0","rxBytes":6347,"rxPackets":19,"rxErrors":0,"rxDrop":0,"rxFifo":0,"rxFrame":0,"rxCompressed":0,"rxMulticast":0,"txBytes":1403,"txPackets":16,"txErrors":0,"txDrop":0,"txFifo":0,"txColls":0,"txCarrier":0,"txCompressed":0},{"name":"lo","rxBytes":0,"rxPackets":0,"rxErrors":0,"rxDrop":0,"rxFifo":0,"rxFrame":0,"rxCompressed":0,"rxMulticast":0,"txBytes":0,"txPackets":0,"txErrors":0,"txDrop":0,"txFifo":0,"txColls":0,"txCarrier":0,"txCompressed":0}]
[2020-05-13T09:55:35.243] [INFO] hftrace - job started: mDiffFit
[2020-05-13T09:55:35.294] [INFO] hftrace - command: {"pid":25,"name":"mDiffFit","command":["mDiff","p2mass-atlas-001124n-j0880044.fits","p2mass-atlas-001124n-j0880032.fits","diff.000001.000003.fits","big_region_20180402_165339_22325.hdr"]}
[2020-05-13T09:55:35.294] [INFO] hftrace - IO: {"read":12004307,"write":0,"readSyscalls":4183,"writeSyscalls":0,"readReal":8249344,"writeReal":0,"writeCancelled":0,"pid":25,"name":"mDiffFit"}
[2020-05-13T09:55:35.295] [INFO] hftrace - NetDev: pid: 25 [{"name":"eth0","rxBytes":6347,"rxPackets":19,"rxErrors":0,"rxDrop":0,"rxFifo":0,"rxFrame":0,"rxCompressed":0,"rxMulticast":0,"txBytes":1403,"txPackets":16,"txErrors":0,"txDrop":0,"txFifo":0,"txColls":0,"txCarrier":0,"txCompressed":0},{"name":"lo","rxBytes":0,"rxPackets":0,"rxErrors":0,"rxDrop":0,"rxFifo":0,"rxFrame":0,"rxCompressed":0,"rxMulticast":0,"txBytes":0,"txPackets":0,"txErrors":0,"txDrop":0,"txFifo":0,"txColls":0,"txCarrier":0,"txCompressed":0}]
[2020-05-13T09:55:35.391] [INFO] hftrace - Procusage: pid: 24 {"cpu":0,"memory":466944,"ctime":0,"elapsed":170,"timestamp":1589363735391,"pid":24,"ppid":12}
[2020-05-13T09:55:35.392] [INFO] hftrace - Procusage: pid: 25 undefined
[2020-05-13T09:55:35.411] [INFO] hftrace - Sysinfo: {"cpu":{"manufacturer":"Intel®","brand":"Xeon®","vendor":"GenuineIntel","family":"6","model":"85","stepping":"3","revision":"","voltage":"","speed":"2.00","speedmin":"","speedmax":"","governor":"","cores":2,"physicalCores":1,"processors":1,"socket":"","cache":{"l1d":32768,"l1i":32768,"l2":1048576,"l3":40370176}},"mem":{"total":2092941312,"free":157069312,"used":1935872000,"active":1058430976,"available":1034510336,"buffers":89559040,"cached":838639616,"slab":177512448,"buffcache":1105711104,"swaptotal":0,"swapused":0,"swapfree":0}}
[2020-05-13T09:55:35.509] [INFO] hftrace - job successful (try 1): mDiffFit
[2020-05-13T09:55:35.509] [INFO] hftrace - job exit code: 0
[2020-05-13T09:55:35.516] [INFO] hftrace - Job inputs: [{"p2mass-atlas-001124n-j0880044.fits":4124160},{"p2mass-atlas-001124n-j0880044_area.fits":4124160},{"big_region_20180402_165339_22325.hdr":306},{"p2mass-atlas-001124n-j0880032.fits":4129920},{"p2mass-atlas-001124n-j0880032_area.fits":4129920},{"mDiff":-1},{"mFitplane":-1}]
[2020-05-13T09:55:35.516] [INFO] hftrace - Job outputs: [{"fit.000001.000003.txt":257},{"diff.000001.000003.fits":221760}]
[2020-05-13T09:55:35.516] [INFO] hftrace - handler exiting
