[2020-05-13T09:55:32.786] [INFO] hftrace - Environment variables (HF_LOG): {"podIp":"10.40.2.39","nodeName":"gke-cluster-x-default-pool-917ea268-mwwq","podName":"jobat7fid-mdifffit-11-1-7g56x","podServiceAccount":"default","podNamespace":"default"}
[2020-05-13T09:55:32.803] [INFO] hftrace - handler started
[2020-05-13T09:55:32.830] [INFO] hftrace - jobMessage:  [
  'j6Bb_ZBMN:1:11:1_msg',
  '{"executable":"mDiffFit","args":["-s","fit.000001.000002.txt","p2mass-atlas-001124n-j0880044.fits","p2mass-atlas-001124n-j0890232.fits","diff.000001.000002.fits","big_region_20180402_165339_22325.hdr"],"inputs":[{"name":"p2mass-atlas-001124n-j0880044.fits","_id":2,"source":1,"firingId":1,"sigIdx":1},{"name":"p2mass-atlas-001124n-j0880044_area.fits","_id":3,"source":1,"firingId":1,"sigIdx":1},{"name":"big_region_20180402_165339_22325.hdr","_id":4,"data":[{}],"sigIdx":1},{"name":"p2mass-atlas-001124n-j0890232.fits","_id":6,"source":2,"firingId":1,"sigIdx":1},{"name":"p2mass-atlas-001124n-j0890232_area.fits","_id":7,"source":2,"firingId":1,"sigIdx":1},{"name":"mDiff","_id":32,"data":[{}],"sigIdx":1},{"name":"mFitplane","_id":33,"data":[{}],"sigIdx":1}],"outputs":[{"name":"fit.000001.000002.txt"},{"name":"diff.000001.000002.fits"}],"redis_url":"redis://redis.default.svc.cluster.local:6379","taskId":"j6Bb_ZBMN:1:11:1","name":"mDiffFit"}'
]
[2020-05-13T09:55:32.832] [INFO] hftrace - Job command: 'mDiffFit -s fit.000001.000002.txt p2mass-atlas-001124n-j0880044.fits p2mass-atlas-001124n-j0890232.fits diff.000001.000002.fits big_region_20180402_165339_22325.hdr'
[2020-05-13T09:55:32.859] [INFO] hftrace - command: {"pid":23,"name":"mDiffFit","command":["mDiffFit","-s","fit.000001.000002.txt","p2mass-atlas-001124n-j0880044.fits","p2mass-atlas-001124n-j0890232.fits","diff.000001.000002.fits","big_region_20180402_165339_22325.hdr"]}
[2020-05-13T09:55:32.865] [INFO] hftrace - IO: {"read":2185,"write":1,"readSyscalls":6,"writeSyscalls":1,"readReal":0,"writeReal":0,"writeCancelled":0,"pid":23,"name":"mDiffFit"}
[2020-05-13T09:55:32.870] [INFO] hftrace - NetDev: pid: 23 [{"name":"lo","rxBytes":0,"rxPackets":0,"rxErrors":0,"rxDrop":0,"rxFifo":0,"rxFrame":0,"rxCompressed":0,"rxMulticast":0,"txBytes":0,"txPackets":0,"txErrors":0,"txDrop":0,"txFifo":0,"txColls":0,"txCarrier":0,"txCompressed":0},{"name":"eth0","rxBytes":6272,"rxPackets":16,"rxErrors":0,"rxDrop":0,"rxFifo":0,"rxFrame":0,"rxCompressed":0,"rxMulticast":0,"txBytes":1337,"txPackets":15,"txErrors":0,"txDrop":0,"txFifo":0,"txColls":0,"txCarrier":0,"txCompressed":0}]
[2020-05-13T09:55:32.918] [INFO] hftrace - job started: mDiffFit
[2020-05-13T09:55:32.957] [INFO] hftrace - command: {"pid":24,"name":"mDiffFit","command":["mDiff","p2mass-atlas-001124n-j0880044.fits","p2mass-atlas-001124n-j0890232.fits","diff.000001.000002.fits","big_region_20180402_165339_22325.hdr"]}
[2020-05-13T09:55:32.958] [INFO] hftrace - IO: {"read":9072467,"write":0,"readSyscalls":3165,"writeSyscalls":0,"readReal":0,"writeReal":0,"writeCancelled":0,"pid":24,"name":"mDiffFit"}
[2020-05-13T09:55:32.958] [INFO] hftrace - NetDev: pid: 24 [{"name":"lo","rxBytes":0,"rxPackets":0,"rxErrors":0,"rxDrop":0,"rxFifo":0,"rxFrame":0,"rxCompressed":0,"rxMulticast":0,"txBytes":0,"txPackets":0,"txErrors":0,"txDrop":0,"txFifo":0,"txColls":0,"txCarrier":0,"txCompressed":0},{"name":"eth0","rxBytes":6272,"rxPackets":16,"rxErrors":0,"rxDrop":0,"rxFifo":0,"rxFrame":0,"rxCompressed":0,"rxMulticast":0,"txBytes":1403,"txPackets":16,"txErrors":0,"txDrop":0,"txFifo":0,"txColls":0,"txCarrier":0,"txCompressed":0}]
[2020-05-13T09:55:33.017] [INFO] hftrace - Procusage: pid: 23 {"cpu":0,"memory":475136,"ctime":0,"elapsed":170,"timestamp":1589363733015,"pid":23,"ppid":11}
[2020-05-13T09:55:33.017] [INFO] hftrace - Procusage: pid: 24 {"cpu":0,"memory":2813952,"ctime":40,"elapsed":150,"timestamp":1589363733017,"pid":24,"ppid":23}
[2020-05-13T09:55:33.023] [INFO] hftrace - Sysinfo: {"cpu":{"manufacturer":"Intel®","brand":"Xeon®","vendor":"GenuineIntel","family":"6","model":"85","stepping":"3","revision":"","voltage":"","speed":"2.00","speedmin":"","speedmax":"","governor":"","cores":2,"physicalCores":1,"processors":1,"socket":"","cache":{"l1d":32768,"l1i":32768,"l2":1048576,"l3":40370176}},"mem":{"total":2092941312,"free":107474944,"used":1985466368,"active":937877504,"available":1155063808,"buffers":58781696,"cached":1050460160,"slab":184422400,"buffcache":1293664256,"swaptotal":0,"swapused":0,"swapfree":0}}
[2020-05-13T09:55:33.119] [INFO] hftrace - job successful (try 1): mDiffFit
[2020-05-13T09:55:33.119] [INFO] hftrace - job exit code: 0
[2020-05-13T09:55:33.123] [INFO] hftrace - Job inputs: [{"p2mass-atlas-001124n-j0880044.fits":4124160},{"p2mass-atlas-001124n-j0880044_area.fits":4124160},{"big_region_20180402_165339_22325.hdr":306},{"p2mass-atlas-001124n-j0890232.fits":4124160},{"p2mass-atlas-001124n-j0890232_area.fits":4124160},{"mDiff":-1},{"mFitplane":-1}]
[2020-05-13T09:55:33.123] [INFO] hftrace - Job outputs: [{"fit.000001.000002.txt":252},{"diff.000001.000002.fits":457920}]
[2020-05-13T09:55:33.123] [INFO] hftrace - handler exiting
