[2020-05-03T21:33:28.986] [INFO] hftrace - handler started
[2020-05-03T21:33:28.989] [ERROR] hftrace - nethogs execution error: Error: spawn nethogs-wrapper.py ENOENT
    at Process.ChildProcess._handle.onexit (internal/child_process.js:267:19)
    at onErrorNT (internal/child_process.js:469:16)
    at processTicksAndRejections (internal/process/task_queues.js:84:21) {
  errno: 'ENOENT',
  code: 'ENOENT',
  syscall: 'spawn nethogs-wrapper.py',
  path: 'nethogs-wrapper.py',
  spawnargs: []
}
[2020-05-03T21:33:29.001] [INFO] hftrace - jobMessage:  [
  'TGMfC62C8:1:4:1_msg',
  '{"executable":"mConcatFit","args":["1-stat.tbl","1-fits.tbl","."],"inputs":[{"name":"1-fit.000001.000002.txt","_id":8,"source":3,"firingId":1,"sigIdx":1},{"name":"1-stat.tbl","_id":9,"data":[{}],"sigIdx":1}],"outputs":[{"name":"1-fits.tbl"}],"redis_url":"redis://redis.default.svc.cluster.local:6379","taskId":"TGMfC62C8:1:4:1","name":"mConcatFit"}'
]
[2020-05-03T21:33:29.005] [INFO] hftrace - Job command: 'mConcatFit 1-stat.tbl 1-fits.tbl .'
[2020-05-03T21:33:29.014] [INFO] hftrace - command: {"pid":19,"name":"mConcatFit","command":["mConcatFit","1-stat.tbl","1-fits.tbl","."]}
[2020-05-03T21:33:29.015] [INFO] hftrace - IO: {"read":1225,"write":1,"readSyscalls":5,"writeSyscalls":1,"readReal":0,"writeReal":0,"writeCancelled":0,"pid":19,"name":"mConcatFit"}
[2020-05-03T21:33:29.016] [INFO] hftrace - NetDev: pid: 19 [{"name":"eth0","rxBytes":5618,"rxPackets":17,"rxErrors":0,"rxDrop":0,"rxFifo":0,"rxFrame":0,"rxCompressed":0,"rxMulticast":0,"txBytes":1378,"txPackets":16,"txErrors":0,"txDrop":0,"txFifo":0,"txColls":0,"txCarrier":0,"txCompressed":0},{"name":"lo","rxBytes":0,"rxPackets":0,"rxErrors":0,"rxDrop":0,"rxFifo":0,"rxFrame":0,"rxCompressed":0,"rxMulticast":0,"txBytes":0,"txPackets":0,"txErrors":0,"txDrop":0,"txFifo":0,"txColls":0,"txCarrier":0,"txCompressed":0}]
[2020-05-03T21:33:29.023] [INFO] hftrace - job started: mConcatFit
[2020-05-03T21:33:29.047] [INFO] hftrace - Procusage: pid: 19 {"cpu":0,"memory":15015936,"ctime":30,"elapsed":30,"timestamp":1588541609047,"pid":19,"ppid":7}
[2020-05-03T21:33:29.048] [INFO] hftrace - Sysinfo: {"cpu":{"manufacturer":"Intel®","brand":"Xeon®","vendor":"","family":"","model":"","stepping":"","revision":"","voltage":"","speed":"2.00","speedmin":"","speedmax":"","governor":"","cores":4,"physicalCores":4,"processors":1,"socket":"","cache":{"l1d":"","l1i":"","l2":"","l3":""}},"mem":{"total":4140511232,"free":217399296,"used":3923111936,"active":1206353920,"available":2934157312,"buffers":206520320,"cached":2465497088,"slab":414105600,"buffcache":3086123008,"swaptotal":0,"swapused":0,"swapfree":0}}
[2020-05-03T21:33:29.187] [INFO] hftrace - job successful (try 1): mConcatFit
[2020-05-03T21:33:29.187] [INFO] hftrace - job exit code: 0
[2020-05-03T21:33:29.188] [INFO] hftrace - Job inputs: [ { '1-fit.000001.000002.txt': 269 }, { '1-stat.tbl': 650 } ]
[2020-05-03T21:33:29.188] [INFO] hftrace - Job outputs: [ { '1-fits.tbl': 417 } ]
[2020-05-03T21:33:29.188] [INFO] hftrace - handler exiting
