[2020-05-13T09:55:31.029] [INFO] hftrace - Environment variables (HF_LOG): {"podIp":"10.40.2.38","nodeName":"gke-cluster-x-default-pool-917ea268-mwwq","podName":"jobymyufp-mdifffit-15-1-7xb4z","podServiceAccount":"default","podNamespace":"default"}
[2020-05-13T09:55:31.042] [INFO] hftrace - handler started
[2020-05-13T09:55:31.067] [INFO] hftrace - jobMessage:  [
  'j6Bb_ZBMN:1:15:1_msg',
  '{"executable":"mDiffFit","args":["-s","fit.000002.000008.txt","p2mass-atlas-001124n-j0890232.fits","p2mass-atlas-001124n-j0890244.fits","diff.000002.000008.fits","big_region_20180402_165339_22325.hdr"],"inputs":[{"name":"big_region_20180402_165339_22325.hdr","_id":4,"data":[{}],"sigIdx":1},{"name":"p2mass-atlas-001124n-j0890232.fits","_id":6,"source":2,"firingId":1,"sigIdx":1},{"name":"p2mass-atlas-001124n-j0890232_area.fits","_id":7,"source":2,"firingId":1,"sigIdx":1},{"name":"p2mass-atlas-001124n-j0890244.fits","_id":24,"source":8,"firingId":1,"sigIdx":1},{"name":"p2mass-atlas-001124n-j0890244_area.fits","_id":25,"source":8,"firingId":1,"sigIdx":1},{"name":"mDiff","_id":32,"data":[{}],"sigIdx":1},{"name":"mFitplane","_id":33,"data":[{}],"sigIdx":1}],"outputs":[{"name":"fit.000002.000008.txt"},{"name":"diff.000002.000008.fits"}],"redis_url":"redis://redis.default.svc.cluster.local:6379","taskId":"j6Bb_ZBMN:1:15:1","name":"mDiffFit"}'
]
[2020-05-13T09:55:31.069] [INFO] hftrace - Job command: 'mDiffFit -s fit.000002.000008.txt p2mass-atlas-001124n-j0890232.fits p2mass-atlas-001124n-j0890244.fits diff.000002.000008.fits big_region_20180402_165339_22325.hdr'
[2020-05-13T09:55:31.084] [INFO] hftrace - command: {"pid":24,"name":"mDiffFit","command":["mDiffFit","-s","fit.000002.000008.txt","p2mass-atlas-001124n-j0890232.fits","p2mass-atlas-001124n-j0890244.fits","diff.000002.000008.fits","big_region_20180402_165339_22325.hdr"]}
[2020-05-13T09:55:31.085] [INFO] hftrace - IO: {"read":1225,"write":1,"readSyscalls":5,"writeSyscalls":1,"readReal":0,"writeReal":0,"writeCancelled":0,"pid":24,"name":"mDiffFit"}
[2020-05-13T09:55:31.088] [INFO] hftrace - NetDev: pid: 24 [{"name":"lo","rxBytes":0,"rxPackets":0,"rxErrors":0,"rxDrop":0,"rxFifo":0,"rxFrame":0,"rxCompressed":0,"rxMulticast":0,"txBytes":0,"txPackets":0,"txErrors":0,"txDrop":0,"txFifo":0,"txColls":0,"txCarrier":0,"txCompressed":0},{"name":"eth0","rxBytes":6187,"rxPackets":15,"rxErrors":0,"rxDrop":0,"rxFifo":0,"rxFrame":0,"rxCompressed":0,"rxMulticast":0,"txBytes":1337,"txPackets":15,"txErrors":0,"txDrop":0,"txFifo":0,"txColls":0,"txCarrier":0,"txCompressed":0}]
[2020-05-13T09:55:31.111] [INFO] hftrace - job started: mDiffFit
[2020-05-13T09:55:31.202] [INFO] hftrace - command: {"pid":25,"name":"mDiffFit","command":["mDiff","p2mass-atlas-001124n-j0890232.fits","p2mass-atlas-001124n-j0890244.fits","diff.000002.000008.fits","big_region_20180402_165339_22325.hdr"]}
[2020-05-13T09:55:31.203] [INFO] hftrace - IO: {"read":10835027,"write":0,"readSyscalls":3777,"writeSyscalls":0,"readReal":8249344,"writeReal":0,"writeCancelled":0,"pid":25,"name":"mDiffFit"}
[2020-05-13T09:55:31.203] [INFO] hftrace - NetDev: pid: 25 [{"name":"lo","rxBytes":0,"rxPackets":0,"rxErrors":0,"rxDrop":0,"rxFifo":0,"rxFrame":0,"rxCompressed":0,"rxMulticast":0,"txBytes":0,"txPackets":0,"txErrors":0,"txDrop":0,"txFifo":0,"txColls":0,"txCarrier":0,"txCompressed":0},{"name":"eth0","rxBytes":6187,"rxPackets":15,"rxErrors":0,"rxDrop":0,"rxFifo":0,"rxFrame":0,"rxCompressed":0,"rxMulticast":0,"txBytes":1403,"txPackets":16,"txErrors":0,"txDrop":0,"txFifo":0,"txColls":0,"txCarrier":0,"txCompressed":0}]
[2020-05-13T09:55:31.234] [INFO] hftrace - Procusage: pid: 24 {"cpu":0,"memory":442368,"ctime":0,"elapsed":150,"timestamp":1589363731234,"pid":24,"ppid":12}
[2020-05-13T09:55:31.264] [INFO] hftrace - Procusage: pid: 25 {"cpu":0,"memory":2347008,"ctime":30,"elapsed":140,"timestamp":1589363731264,"pid":25,"ppid":24}
[2020-05-13T09:55:31.272] [INFO] hftrace - Sysinfo: {"cpu":{"manufacturer":"Intel®","brand":"Xeon®","vendor":"GenuineIntel","family":"6","model":"85","stepping":"3","revision":"","voltage":"","speed":"2.00","speedmin":"","speedmax":"","governor":"","cores":2,"physicalCores":1,"processors":1,"socket":"","cache":{"l1d":32768,"l1i":32768,"l2":1048576,"l3":40370176}},"mem":{"total":2092941312,"free":188960768,"used":1903980544,"active":858451968,"available":1234489344,"buffers":58527744,"cached":1049133056,"slab":183635968,"buffcache":1291296768,"swaptotal":0,"swapused":0,"swapfree":0}}
[2020-05-13T09:55:31.350] [INFO] hftrace - job successful (try 1): mDiffFit
[2020-05-13T09:55:31.351] [INFO] hftrace - job exit code: 0
[2020-05-13T09:55:31.354] [INFO] hftrace - Job inputs: [{"big_region_20180402_165339_22325.hdr":306},{"p2mass-atlas-001124n-j0890232.fits":4124160},{"p2mass-atlas-001124n-j0890232_area.fits":4124160},{"p2mass-atlas-001124n-j0890244.fits":4129920},{"p2mass-atlas-001124n-j0890244_area.fits":4129920},{"mDiff":-1},{"mFitplane":-1}]
[2020-05-13T09:55:31.354] [INFO] hftrace - Job outputs: [{"fit.000002.000008.txt":257},{"diff.000002.000008.fits":218880}]
[2020-05-13T09:55:31.354] [INFO] hftrace - handler exiting
