[2020-05-03T21:33:34.989] [INFO] hftrace - handler started
[2020-05-03T21:33:34.993] [ERROR] hftrace - nethogs execution error: Error: spawn nethogs-wrapper.py ENOENT
    at Process.ChildProcess._handle.onexit (internal/child_process.js:267:19)
    at onErrorNT (internal/child_process.js:469:16)
    at processTicksAndRejections (internal/process/task_queues.js:84:21) {
  errno: 'ENOENT',
  code: 'ENOENT',
  syscall: 'spawn nethogs-wrapper.py',
  path: 'nethogs-wrapper.py',
  spawnargs: []
}
[2020-05-03T21:33:35.004] [INFO] hftrace - jobMessage:  [
  'TGMfC62C8:1:28:1_msg',
  '{"executable":"mImgtbl","args":["-t","3-corrected.tbl",".","3-updated-corrected.tbl"],"inputs":[{"name":"c2mass-atlas-001021s-k0490233.fits","_id":58,"source":26,"firingId":1,"sigIdx":1},{"name":"c2mass-atlas-980914s-k0820044.fits","_id":60,"source":27,"firingId":1,"sigIdx":1},{"name":"3-corrected.tbl","_id":61,"data":[{}],"sigIdx":1}],"outputs":[{"name":"3-updated-corrected.tbl"}],"redis_url":"redis://redis.default.svc.cluster.local:6379","taskId":"TGMfC62C8:1:28:1","name":"mImgtbl"}'
]
[2020-05-03T21:33:35.006] [INFO] hftrace - Job command: 'mImgtbl -t 3-corrected.tbl . 3-updated-corrected.tbl'
[2020-05-03T21:33:35.043] [INFO] hftrace - command: {"pid":19,"name":"mImgtbl","command":["mImgtbl","-t","3-corrected.tbl",".","3-updated-corrected.tbl"]}
[2020-05-03T21:33:35.044] [INFO] hftrace - IO: {"read":1225,"write":1,"readSyscalls":5,"writeSyscalls":1,"readReal":409600,"writeReal":0,"writeCancelled":0,"pid":19,"name":"mImgtbl"}
[2020-05-03T21:33:35.049] [INFO] hftrace - NetDev: pid: 19 [{"name":"eth0","rxBytes":5763,"rxPackets":16,"rxErrors":0,"rxDrop":0,"rxFifo":0,"rxFrame":0,"rxCompressed":0,"rxMulticast":0,"txBytes":1403,"txPackets":16,"txErrors":0,"txDrop":0,"txFifo":0,"txColls":0,"txCarrier":0,"txCompressed":0},{"name":"lo","rxBytes":0,"rxPackets":0,"rxErrors":0,"rxDrop":0,"rxFifo":0,"rxFrame":0,"rxCompressed":0,"rxMulticast":0,"txBytes":0,"txPackets":0,"txErrors":0,"txDrop":0,"txFifo":0,"txColls":0,"txCarrier":0,"txCompressed":0}]
[2020-05-03T21:33:35.056] [INFO] hftrace - job started: mImgtbl
[2020-05-03T21:33:35.078] [INFO] hftrace - Procusage: pid: 19 {"cpu":0,"memory":4096,"ctime":0,"elapsed":60,"timestamp":1588541615078,"pid":19,"ppid":7}
[2020-05-03T21:33:35.080] [INFO] hftrace - Sysinfo: {"cpu":{"manufacturer":"Intel®","brand":"Xeon®","vendor":"","family":"","model":"","stepping":"","revision":"","voltage":"","speed":"2.00","speedmin":"","speedmax":"","governor":"","cores":4,"physicalCores":4,"processors":1,"socket":"","cache":{"l1d":"","l1i":"","l2":"","l3":""}},"mem":{"total":4140511232,"free":1527345152,"used":2613166080,"active":1355972608,"available":2784538624,"buffers":189935616,"cached":1119649792,"slab":328904704,"buffcache":1638490112,"swaptotal":0,"swapused":0,"swapfree":0}}
[2020-05-03T21:33:35.266] [INFO] hftrace - job successful (try 1): mImgtbl
[2020-05-03T21:33:35.266] [INFO] hftrace - job exit code: 0
[2020-05-03T21:33:35.267] [INFO] hftrace - Job inputs: [
  { 'c2mass-atlas-001021s-k0490233.fits': 4144320 },
  { 'c2mass-atlas-980914s-k0820044.fits': 4144320 },
  { '3-corrected.tbl': 658 }
]
[2020-05-03T21:33:35.267] [INFO] hftrace - Job outputs: [ { '3-updated-corrected.tbl': 1764 } ]
[2020-05-03T21:33:35.268] [INFO] hftrace - handler exiting
