[2020-05-13T09:55:44.684] [INFO] hftrace - Environment variables (HF_LOG): {"podIp":"10.40.0.59","nodeName":"gke-cluster-x-default-pool-917ea268-7zqx","podName":"jobwt6daaj-mdifffit-21-1-hbbmf","podServiceAccount":"default","podNamespace":"default"}
[2020-05-13T09:55:44.697] [INFO] hftrace - handler started
[2020-05-13T09:55:44.726] [INFO] hftrace - jobMessage:  [
  'j6Bb_ZBMN:1:21:1_msg',
  '{"executable":"mDiffFit","args":["-s","fit.000005.000006.txt","p2mass-atlas-001124n-j0870232.fits","p2mass-atlas-001124n-j0860044.fits","diff.000005.000006.fits","big_region_20180402_165339_22325.hdr"],"inputs":[{"name":"big_region_20180402_165339_22325.hdr","_id":4,"data":[{}],"sigIdx":1},{"name":"p2mass-atlas-001124n-j0870232.fits","_id":15,"source":5,"firingId":1,"sigIdx":1},{"name":"p2mass-atlas-001124n-j0870232_area.fits","_id":16,"source":5,"firingId":1,"sigIdx":1},{"name":"p2mass-atlas-001124n-j0860044.fits","_id":18,"source":6,"firingId":1,"sigIdx":1},{"name":"p2mass-atlas-001124n-j0860044_area.fits","_id":19,"source":6,"firingId":1,"sigIdx":1},{"name":"mDiff","_id":32,"data":[{}],"sigIdx":1},{"name":"mFitplane","_id":33,"data":[{}],"sigIdx":1}],"outputs":[{"name":"fit.000005.000006.txt"},{"name":"diff.000005.000006.fits"}],"redis_url":"redis://redis.default.svc.cluster.local:6379","taskId":"j6Bb_ZBMN:1:21:1","name":"mDiffFit"}'
]
[2020-05-13T09:55:44.729] [INFO] hftrace - Job command: 'mDiffFit -s fit.000005.000006.txt p2mass-atlas-001124n-j0870232.fits p2mass-atlas-001124n-j0860044.fits diff.000005.000006.fits big_region_20180402_165339_22325.hdr'
[2020-05-13T09:55:44.743] [INFO] hftrace - command: {"pid":24,"name":"mDiffFit","command":["mDiffFit","-s","fit.000005.000006.txt","p2mass-atlas-001124n-j0870232.fits","p2mass-atlas-001124n-j0860044.fits","diff.000005.000006.fits","big_region_20180402_165339_22325.hdr"]}
[2020-05-13T09:55:44.744] [INFO] hftrace - IO: {"read":2185,"write":1,"readSyscalls":6,"writeSyscalls":1,"readReal":0,"writeReal":0,"writeCancelled":0,"pid":24,"name":"mDiffFit"}
[2020-05-13T09:55:44.747] [INFO] hftrace - NetDev: pid: 24 [{"name":"lo","rxBytes":0,"rxPackets":0,"rxErrors":0,"rxDrop":0,"rxFifo":0,"rxFrame":0,"rxCompressed":0,"rxMulticast":0,"txBytes":0,"txPackets":0,"txErrors":0,"txDrop":0,"txFifo":0,"txColls":0,"txCarrier":0,"txCompressed":0},{"name":"eth0","rxBytes":6271,"rxPackets":16,"rxErrors":0,"rxDrop":0,"rxFifo":0,"rxFrame":0,"rxCompressed":0,"rxMulticast":0,"txBytes":1337,"txPackets":15,"txErrors":0,"txDrop":0,"txFifo":0,"txColls":0,"txCarrier":0,"txCompressed":0}]
[2020-05-13T09:55:44.764] [INFO] hftrace - job started: mDiffFit
[2020-05-13T09:55:44.794] [INFO] hftrace - command: {"pid":25,"name":"mDiffFit","command":["mDiff","p2mass-atlas-001124n-j0870232.fits","p2mass-atlas-001124n-j0860044.fits","diff.000005.000006.fits","big_region_20180402_165339_22325.hdr"]}
[2020-05-13T09:55:44.795] [INFO] hftrace - IO: {"read":8363987,"write":0,"readSyscalls":2919,"writeSyscalls":0,"readReal":8253440,"writeReal":0,"writeCancelled":0,"pid":25,"name":"mDiffFit"}
[2020-05-13T09:55:44.796] [INFO] hftrace - NetDev: pid: 25 [{"name":"lo","rxBytes":0,"rxPackets":0,"rxErrors":0,"rxDrop":0,"rxFifo":0,"rxFrame":0,"rxCompressed":0,"rxMulticast":0,"txBytes":0,"txPackets":0,"txErrors":0,"txDrop":0,"txFifo":0,"txColls":0,"txCarrier":0,"txCompressed":0},{"name":"eth0","rxBytes":6271,"rxPackets":16,"rxErrors":0,"rxDrop":0,"rxFifo":0,"rxFrame":0,"rxCompressed":0,"rxMulticast":0,"txBytes":1403,"txPackets":16,"txErrors":0,"txDrop":0,"txFifo":0,"txColls":0,"txCarrier":0,"txCompressed":0}]
[2020-05-13T09:55:44.841] [INFO] hftrace - Procusage: pid: 25 undefined
[2020-05-13T09:55:44.841] [INFO] hftrace - Procusage: pid: 24 {"cpu":0,"memory":598016,"ctime":0,"elapsed":100,"timestamp":1589363744841,"pid":24,"ppid":12}
[2020-05-13T09:55:44.851] [INFO] hftrace - Sysinfo: {"cpu":{"manufacturer":"Intel®","brand":"Xeon®","vendor":"GenuineIntel","family":"6","model":"85","stepping":"3","revision":"","voltage":"","speed":"2.00","speedmin":"","speedmax":"","governor":"","cores":2,"physicalCores":1,"processors":1,"socket":"","cache":{"l1d":32768,"l1i":32768,"l2":1048576,"l3":40370176}},"mem":{"total":2092941312,"free":161312768,"used":1931628544,"active":1029287936,"available":1063653376,"buffers":90542080,"cached":862056448,"slab":175890432,"buffcache":1128488960,"swaptotal":0,"swapused":0,"swapfree":0}}
[2020-05-13T09:55:44.912] [INFO] hftrace - job successful (try 1): mDiffFit
[2020-05-13T09:55:44.912] [INFO] hftrace - job exit code: 0
[2020-05-13T09:55:44.916] [INFO] hftrace - Job inputs: [{"big_region_20180402_165339_22325.hdr":306},{"p2mass-atlas-001124n-j0870232.fits":4121280},{"p2mass-atlas-001124n-j0870232_area.fits":4121280},{"p2mass-atlas-001124n-j0860044.fits":4121280},{"p2mass-atlas-001124n-j0860044_area.fits":4121280},{"mDiff":-1},{"mFitplane":-1}]
[2020-05-13T09:55:44.916] [INFO] hftrace - Job outputs: [{"fit.000005.000006.txt":251},{"diff.000005.000006.fits":478080}]
[2020-05-13T09:55:44.916] [INFO] hftrace - handler exiting
