[2020-05-03T21:33:26.697] [INFO] hftrace - handler started
[2020-05-03T21:33:26.700] [ERROR] hftrace - nethogs execution error: Error: spawn nethogs-wrapper.py ENOENT
    at Process.ChildProcess._handle.onexit (internal/child_process.js:267:19)
    at onErrorNT (internal/child_process.js:469:16)
    at processTicksAndRejections (internal/process/task_queues.js:84:21) {
  errno: 'ENOENT',
  code: 'ENOENT',
  syscall: 'spawn nethogs-wrapper.py',
  path: 'nethogs-wrapper.py',
  spawnargs: []
}
[2020-05-03T21:33:26.708] [INFO] hftrace - jobMessage:  [
  'TGMfC62C8:1:23:1_msg',
  '{"executable":"mDiffFit","args":["-d","-s","3-fit.000001.000002.txt","p2mass-atlas-001021s-k0490233.fits","p2mass-atlas-980914s-k0820044.fits","3-diff.000001.000002.fits","region-oversized.hdr"],"inputs":[{"name":"region-oversized.hdr","_id":2,"data":[{}],"sigIdx":1},{"name":"p2mass-atlas-001021s-k0490233_area.fits","_id":46,"source":21,"firingId":1,"sigIdx":1},{"name":"p2mass-atlas-001021s-k0490233.fits","_id":47,"source":21,"firingId":1,"sigIdx":1},{"name":"p2mass-atlas-980914s-k0820044_area.fits","_id":49,"source":22,"firingId":1,"sigIdx":1},{"name":"p2mass-atlas-980914s-k0820044.fits","_id":50,"source":22,"firingId":1,"sigIdx":1}],"outputs":[{"name":"3-fit.000001.000002.txt"}],"redis_url":"redis://redis.default.svc.cluster.local:6379","taskId":"TGMfC62C8:1:23:1","name":"mDiffFit"}'
]
[2020-05-03T21:33:26.709] [INFO] hftrace - Job command: 'mDiffFit -d -s 3-fit.000001.000002.txt p2mass-atlas-001021s-k0490233.fits p2mass-atlas-980914s-k0820044.fits 3-diff.000001.000002.fits region-oversized.hdr'
[2020-05-03T21:33:26.746] [INFO] hftrace - command: {"pid":19,"name":"mDiffFit","command":["mDiffFit","-d","-s","3-fit.000001.000002.txt","p2mass-atlas-001021s-k0490233.fits","p2mass-atlas-980914s-k0820044.fits","3-diff.000001.000002.fits","region-oversized.hdr"]}
[2020-05-03T21:33:26.747] [INFO] hftrace - IO: {"read":1225,"write":1097,"readSyscalls":5,"writeSyscalls":15,"readReal":24576,"writeReal":0,"writeCancelled":0,"pid":19,"name":"mDiffFit"}
[2020-05-03T21:33:26.748] [INFO] hftrace - NetDev: pid: 19 [{"name":"eth0","rxBytes":6030,"rxPackets":15,"rxErrors":0,"rxDrop":0,"rxFifo":0,"rxFrame":0,"rxCompressed":0,"rxMulticast":0,"txBytes":1337,"txPackets":15,"txErrors":0,"txDrop":0,"txFifo":0,"txColls":0,"txCarrier":0,"txCompressed":0},{"name":"lo","rxBytes":0,"rxPackets":0,"rxErrors":0,"rxDrop":0,"rxFifo":0,"rxFrame":0,"rxCompressed":0,"rxMulticast":0,"txBytes":0,"txPackets":0,"txErrors":0,"txDrop":0,"txFifo":0,"txColls":0,"txCarrier":0,"txCompressed":0}]
[2020-05-03T21:33:26.756] [INFO] hftrace - job started: mDiffFit
[2020-05-03T21:33:26.776] [INFO] hftrace - command: {"pid":20,"name":"mDiffFit","command":["mDiff","p2mass-atlas-001021s-k0490233.fits","p2mass-atlas-980914s-k0820044.fits","3-diff.000001.000002.fits","region-oversized.hdr"]}
[2020-05-03T21:33:26.776] [INFO] hftrace - IO: {"read":22045,"write":0,"readSyscalls":20,"writeSyscalls":0,"readReal":180224,"writeReal":0,"writeCancelled":0,"pid":20,"name":"mDiffFit"}
[2020-05-03T21:33:26.777] [INFO] hftrace - NetDev: pid: 20 [{"name":"eth0","rxBytes":6030,"rxPackets":15,"rxErrors":0,"rxDrop":0,"rxFifo":0,"rxFrame":0,"rxCompressed":0,"rxMulticast":0,"txBytes":1403,"txPackets":16,"txErrors":0,"txDrop":0,"txFifo":0,"txColls":0,"txCarrier":0,"txCompressed":0},{"name":"lo","rxBytes":0,"rxPackets":0,"rxErrors":0,"rxDrop":0,"rxFifo":0,"rxFrame":0,"rxCompressed":0,"rxMulticast":0,"txBytes":0,"txPackets":0,"txErrors":0,"txDrop":0,"txFifo":0,"txColls":0,"txCarrier":0,"txCompressed":0}]
[2020-05-03T21:33:26.805] [INFO] hftrace - Procusage: pid: 19 {"cpu":0,"memory":4096,"ctime":0,"elapsed":100,"timestamp":1588541606805,"pid":19,"ppid":7}
[2020-05-03T21:33:26.806] [INFO] hftrace - Procusage: pid: 20 {"cpu":0,"memory":8314880,"ctime":30,"elapsed":60,"timestamp":1588541606806,"pid":20,"ppid":19}
[2020-05-03T21:33:26.806] [INFO] hftrace - Sysinfo: {"cpu":{"manufacturer":"Intel®","brand":"Xeon®","vendor":"","family":"","model":"","stepping":"","revision":"","voltage":"","speed":"2.00","speedmin":"","speedmax":"","governor":"","cores":4,"physicalCores":4,"processors":1,"socket":"","cache":{"l1d":"","l1i":"","l2":"","l3":""}},"mem":{"total":4140511232,"free":1601953792,"used":2538557440,"active":1357914112,"available":2782597120,"buffers":187985920,"cached":1046290432,"slab":328077312,"buffcache":1562353664,"swaptotal":0,"swapused":0,"swapfree":0}}
[2020-05-03T21:33:27.300] [INFO] hftrace - job successful (try 1): mDiffFit
[2020-05-03T21:33:27.300] [INFO] hftrace - job exit code: 0
[2020-05-03T21:33:27.302] [INFO] hftrace - Job inputs: [
  { 'region-oversized.hdr': 277 },
  { 'p2mass-atlas-001021s-k0490233_area.fits': 4144320 },
  { 'p2mass-atlas-001021s-k0490233.fits': 4144320 },
  { 'p2mass-atlas-980914s-k0820044_area.fits': 4144320 },
  { 'p2mass-atlas-980914s-k0820044.fits': 4144320 }
]
[2020-05-03T21:33:27.303] [INFO] hftrace - Job outputs: [ { '3-fit.000001.000002.txt': 265 } ]
[2020-05-03T21:33:27.303] [INFO] hftrace - handler exiting
