[2020-05-13T09:55:26.858] [INFO] hftrace - Environment variables (HF_LOG): {"podIp":"10.40.0.53","nodeName":"gke-cluster-x-default-pool-917ea268-7zqx","podName":"jobf6q7ij-mdifffit-26-1-gk4g5","podServiceAccount":"default","podNamespace":"default"}
[2020-05-13T09:55:26.897] [INFO] hftrace - handler started
[2020-05-13T09:55:26.966] [INFO] hftrace - jobMessage:  [
  'j6Bb_ZBMN:1:26:1_msg',
  '{"executable":"mDiffFit","args":["-s","fit.000007.000010.txt","p2mass-atlas-001124n-j0860032.fits","p2mass-atlas-001124n-j0850244.fits","diff.000007.000010.fits","big_region_20180402_165339_22325.hdr"],"inputs":[{"name":"big_region_20180402_165339_22325.hdr","_id":4,"data":[{}],"sigIdx":1},{"name":"p2mass-atlas-001124n-j0860032.fits","_id":21,"source":7,"firingId":1,"sigIdx":1},{"name":"p2mass-atlas-001124n-j0860032_area.fits","_id":22,"source":7,"firingId":1,"sigIdx":1},{"name":"p2mass-atlas-001124n-j0850244.fits","_id":30,"source":10,"firingId":1,"sigIdx":1},{"name":"p2mass-atlas-001124n-j0850244_area.fits","_id":31,"source":10,"firingId":1,"sigIdx":1},{"name":"mDiff","_id":32,"data":[{}],"sigIdx":1},{"name":"mFitplane","_id":33,"data":[{}],"sigIdx":1}],"outputs":[{"name":"fit.000007.000010.txt"},{"name":"diff.000007.000010.fits"}],"redis_url":"redis://redis.default.svc.cluster.local:6379","taskId":"j6Bb_ZBMN:1:26:1","name":"mDiffFit"}'
]
[2020-05-13T09:55:26.968] [INFO] hftrace - Job command: 'mDiffFit -s fit.000007.000010.txt p2mass-atlas-001124n-j0860032.fits p2mass-atlas-001124n-j0850244.fits diff.000007.000010.fits big_region_20180402_165339_22325.hdr'
[2020-05-13T09:55:27.008] [INFO] hftrace - command: {"pid":23,"name":"mDiffFit","command":["mDiffFit","-s","fit.000007.000010.txt","p2mass-atlas-001124n-j0860032.fits","p2mass-atlas-001124n-j0850244.fits","diff.000007.000010.fits","big_region_20180402_165339_22325.hdr"]}
[2020-05-13T09:55:27.009] [INFO] hftrace - IO: {"read":1225,"write":1,"readSyscalls":5,"writeSyscalls":1,"readReal":24576,"writeReal":0,"writeCancelled":0,"pid":23,"name":"mDiffFit"}
[2020-05-13T09:55:27.012] [INFO] hftrace - NetDev: pid: 23 [{"name":"lo","rxBytes":0,"rxPackets":0,"rxErrors":0,"rxDrop":0,"rxFifo":0,"rxFrame":0,"rxCompressed":0,"rxMulticast":0,"txBytes":0,"txPackets":0,"txErrors":0,"txDrop":0,"txFifo":0,"txColls":0,"txCarrier":0,"txCompressed":0},{"name":"eth0","rxBytes":6314,"rxPackets":18,"rxErrors":0,"rxDrop":0,"rxFifo":0,"rxFrame":0,"rxCompressed":0,"rxMulticast":0,"txBytes":1403,"txPackets":16,"txErrors":0,"txDrop":0,"txFifo":0,"txColls":0,"txCarrier":0,"txCompressed":0}]
[2020-05-13T09:55:27.023] [INFO] hftrace - job started: mDiffFit
[2020-05-13T09:55:27.084] [INFO] hftrace - command: {"pid":24,"name":"mDiffFit","command":["mDiff","p2mass-atlas-001124n-j0860032.fits","p2mass-atlas-001124n-j0850244.fits","diff.000007.000010.fits","big_region_20180402_165339_22325.hdr"]}
[2020-05-13T09:55:27.085] [INFO] hftrace - IO: {"read":3526417,"write":0,"readSyscalls":1238,"writeSyscalls":0,"readReal":163840,"writeReal":0,"writeCancelled":0,"pid":24,"name":"mDiffFit"}
[2020-05-13T09:55:27.085] [INFO] hftrace - NetDev: pid: 24 [{"name":"lo","rxBytes":0,"rxPackets":0,"rxErrors":0,"rxDrop":0,"rxFifo":0,"rxFrame":0,"rxCompressed":0,"rxMulticast":0,"txBytes":0,"txPackets":0,"txErrors":0,"txDrop":0,"txFifo":0,"txColls":0,"txCarrier":0,"txCompressed":0},{"name":"eth0","rxBytes":6314,"rxPackets":18,"rxErrors":0,"rxDrop":0,"rxFifo":0,"rxFrame":0,"rxCompressed":0,"rxMulticast":0,"txBytes":1403,"txPackets":16,"txErrors":0,"txDrop":0,"txFifo":0,"txColls":0,"txCarrier":0,"txCompressed":0}]
[2020-05-13T09:55:27.125] [INFO] hftrace - Procusage: pid: 23 {"cpu":0,"memory":430080,"ctime":0,"elapsed":130,"timestamp":1589363727125,"pid":23,"ppid":11}
[2020-05-13T09:55:27.142] [INFO] hftrace - Procusage: pid: 24 {"cpu":0,"memory":2658304,"ctime":10,"elapsed":90,"timestamp":1589363727142,"pid":24,"ppid":23}
[2020-05-13T09:55:27.153] [INFO] hftrace - Sysinfo: {"cpu":{"manufacturer":"Intel®","brand":"Xeon®","vendor":"GenuineIntel","family":"6","model":"85","stepping":"3","revision":"","voltage":"","speed":"2.00","speedmin":"","speedmax":"","governor":"","cores":2,"physicalCores":1,"processors":1,"socket":"","cache":{"l1d":32768,"l1i":32768,"l2":1048576,"l3":40370176}},"mem":{"total":2092941312,"free":247463936,"used":1845477376,"active":1060999168,"available":1031942144,"buffers":87130112,"cached":763453440,"slab":174866432,"buffcache":1025449984,"swaptotal":0,"swapused":0,"swapfree":0}}
[2020-05-13T09:55:27.330] [INFO] hftrace - job successful (try 1): mDiffFit
[2020-05-13T09:55:27.330] [INFO] hftrace - job exit code: 0
[2020-05-13T09:55:27.337] [INFO] hftrace - Job inputs: [{"big_region_20180402_165339_22325.hdr":306},{"p2mass-atlas-001124n-j0860032.fits":4121280},{"p2mass-atlas-001124n-j0860032_area.fits":4121280},{"p2mass-atlas-001124n-j0850244.fits":4129920},{"p2mass-atlas-001124n-j0850244_area.fits":4129920},{"mDiff":-1},{"mFitplane":-1}]
[2020-05-13T09:55:27.337] [INFO] hftrace - Job outputs: [{"fit.000007.000010.txt":252},{"diff.000007.000010.fits":498240}]
[2020-05-13T09:55:27.337] [INFO] hftrace - handler exiting
