[2020-05-13T09:55:35.357] [INFO] hftrace - Environment variables (HF_LOG): {"podIp":"10.40.0.58","nodeName":"gke-cluster-x-default-pool-917ea268-7zqx","podName":"jobgsrlzu-mdifffit-18-1-n794b","podServiceAccount":"default","podNamespace":"default"}
[2020-05-13T09:55:35.392] [INFO] hftrace - handler started
[2020-05-13T09:55:35.442] [INFO] hftrace - jobMessage:  [
  'j6Bb_ZBMN:1:18:1_msg',
  '{"executable":"mDiffFit","args":["-s","fit.000003.000008.txt","p2mass-atlas-001124n-j0880032.fits","p2mass-atlas-001124n-j0890244.fits","diff.000003.000008.fits","big_region_20180402_165339_22325.hdr"],"inputs":[{"name":"big_region_20180402_165339_22325.hdr","_id":4,"data":[{}],"sigIdx":1},{"name":"p2mass-atlas-001124n-j0880032.fits","_id":9,"source":3,"firingId":1,"sigIdx":1},{"name":"p2mass-atlas-001124n-j0880032_area.fits","_id":10,"source":3,"firingId":1,"sigIdx":1},{"name":"p2mass-atlas-001124n-j0890244.fits","_id":24,"source":8,"firingId":1,"sigIdx":1},{"name":"p2mass-atlas-001124n-j0890244_area.fits","_id":25,"source":8,"firingId":1,"sigIdx":1},{"name":"mDiff","_id":32,"data":[{}],"sigIdx":1},{"name":"mFitplane","_id":33,"data":[{}],"sigIdx":1}],"outputs":[{"name":"fit.000003.000008.txt"},{"name":"diff.000003.000008.fits"}],"redis_url":"redis://redis.default.svc.cluster.local:6379","taskId":"j6Bb_ZBMN:1:18:1","name":"mDiffFit"}'
]
[2020-05-13T09:55:35.445] [INFO] hftrace - Job command: 'mDiffFit -s fit.000003.000008.txt p2mass-atlas-001124n-j0880032.fits p2mass-atlas-001124n-j0890244.fits diff.000003.000008.fits big_region_20180402_165339_22325.hdr'
[2020-05-13T09:55:35.461] [INFO] hftrace - command: {"pid":23,"name":"mDiffFit","command":["mDiffFit","-s","fit.000003.000008.txt","p2mass-atlas-001124n-j0880032.fits","p2mass-atlas-001124n-j0890244.fits","diff.000003.000008.fits","big_region_20180402_165339_22325.hdr"]}
[2020-05-13T09:55:35.462] [INFO] hftrace - IO: {"read":1225,"write":1,"readSyscalls":5,"writeSyscalls":1,"readReal":24576,"writeReal":0,"writeCancelled":0,"pid":23,"name":"mDiffFit"}
[2020-05-13T09:55:35.466] [INFO] hftrace - NetDev: pid: 23 [{"name":"eth0","rxBytes":6349,"rxPackets":19,"rxErrors":0,"rxDrop":0,"rxFifo":0,"rxFrame":0,"rxCompressed":0,"rxMulticast":0,"txBytes":1337,"txPackets":15,"txErrors":0,"txDrop":0,"txFifo":0,"txColls":0,"txCarrier":0,"txCompressed":0},{"name":"lo","rxBytes":0,"rxPackets":0,"rxErrors":0,"rxDrop":0,"rxFifo":0,"rxFrame":0,"rxCompressed":0,"rxMulticast":0,"txBytes":0,"txPackets":0,"txErrors":0,"txDrop":0,"txFifo":0,"txColls":0,"txCarrier":0,"txCompressed":0}]
[2020-05-13T09:55:35.476] [INFO] hftrace - job started: mDiffFit
[2020-05-13T09:55:35.510] [INFO] hftrace - command: {"pid":25,"name":"mDiffFit","command":["mDiff","p2mass-atlas-001124n-j0880032.fits","p2mass-atlas-001124n-j0890244.fits","diff.000003.000008.fits","big_region_20180402_165339_22325.hdr"]}
[2020-05-13T09:55:35.511] [INFO] hftrace - IO: {"read":4145617,"write":0,"readSyscalls":1453,"writeSyscalls":0,"readReal":544768,"writeReal":0,"writeCancelled":0,"pid":25,"name":"mDiffFit"}
[2020-05-13T09:55:35.511] [INFO] hftrace - NetDev: pid: 25 [{"name":"eth0","rxBytes":6439,"rxPackets":20,"rxErrors":0,"rxDrop":0,"rxFifo":0,"rxFrame":0,"rxCompressed":0,"rxMulticast":0,"txBytes":1403,"txPackets":16,"txErrors":0,"txDrop":0,"txFifo":0,"txColls":0,"txCarrier":0,"txCompressed":0},{"name":"lo","rxBytes":0,"rxPackets":0,"rxErrors":0,"rxDrop":0,"rxFifo":0,"rxFrame":0,"rxCompressed":0,"rxMulticast":0,"txBytes":0,"txPackets":0,"txErrors":0,"txDrop":0,"txFifo":0,"txColls":0,"txCarrier":0,"txCompressed":0}]
[2020-05-13T09:55:35.553] [INFO] hftrace - Procusage: pid: 23 {"cpu":0,"memory":434176,"ctime":0,"elapsed":90,"timestamp":1589363735552,"pid":23,"ppid":11}
[2020-05-13T09:55:35.574] [INFO] hftrace - Procusage: pid: 25 {"cpu":0,"memory":2449408,"ctime":30,"elapsed":80,"timestamp":1589363735574,"pid":25,"ppid":23}
[2020-05-13T09:55:35.593] [INFO] hftrace - Sysinfo: {"cpu":{"manufacturer":"Intel®","brand":"Xeon®","vendor":"GenuineIntel","family":"6","model":"85","stepping":"3","revision":"","voltage":"","speed":"2.00","speedmin":"","speedmax":"","governor":"","cores":2,"physicalCores":1,"processors":1,"socket":"","cache":{"l1d":32768,"l1i":32768,"l2":1048576,"l3":40370176}},"mem":{"total":2092941312,"free":160800768,"used":1932140544,"active":1045155840,"available":1047785472,"buffers":89620480,"cached":847847424,"slab":178053120,"buffcache":1115521024,"swaptotal":0,"swapused":0,"swapfree":0}}
[2020-05-13T09:55:35.710] [INFO] hftrace - job successful (try 1): mDiffFit
[2020-05-13T09:55:35.710] [INFO] hftrace - job exit code: 0
[2020-05-13T09:55:35.715] [INFO] hftrace - Job inputs: [{"big_region_20180402_165339_22325.hdr":306},{"p2mass-atlas-001124n-j0880032.fits":4129920},{"p2mass-atlas-001124n-j0880032_area.fits":4129920},{"p2mass-atlas-001124n-j0890244.fits":4129920},{"p2mass-atlas-001124n-j0890244_area.fits":4129920},{"mDiff":-1},{"mFitplane":-1}]
[2020-05-13T09:55:35.715] [INFO] hftrace - Job outputs: [{"fit.000003.000008.txt":254},{"diff.000003.000008.fits":452160}]
[2020-05-13T09:55:35.715] [INFO] hftrace - handler exiting
