[2020-05-03T21:33:01.786] [INFO] hftrace - handler started
[2020-05-03T21:33:01.791] [ERROR] hftrace - nethogs execution error: Error: spawn nethogs-wrapper.py ENOENT
    at Process.ChildProcess._handle.onexit (internal/child_process.js:267:19)
    at onErrorNT (internal/child_process.js:469:16)
    at processTicksAndRejections (internal/process/task_queues.js:84:21) {
  errno: 'ENOENT',
  code: 'ENOENT',
  syscall: 'spawn nethogs-wrapper.py',
  path: 'nethogs-wrapper.py',
  spawnargs: []
}
[2020-05-03T21:33:01.810] [INFO] hftrace - jobMessage:  [
  'TGMfC62C8:1:11:1_msg',
  '{"executable":"mProject","args":["-X","2mass-atlas-980914s-h0820044.fits","p2mass-atlas-980914s-h0820044.fits","region-oversized.hdr"],"inputs":[{"name":"region-oversized.hdr","_id":2,"data":[{}],"sigIdx":1},{"name":"2mass-atlas-980914s-h0820044.fits","_id":24,"data":[{}],"sigIdx":1}],"outputs":[{"name":"p2mass-atlas-980914s-h0820044_area.fits"},{"name":"p2mass-atlas-980914s-h0820044.fits"}],"redis_url":"redis://redis.default.svc.cluster.local:6379","taskId":"TGMfC62C8:1:11:1","name":"mProject"}'
]
[2020-05-03T21:33:01.811] [INFO] hftrace - Job command: 'mProject -X 2mass-atlas-980914s-h0820044.fits p2mass-atlas-980914s-h0820044.fits region-oversized.hdr'
[2020-05-03T21:33:01.823] [INFO] hftrace - command: {"pid":19,"name":"mProject","command":["mProject","-X","2mass-atlas-980914s-h0820044.fits","p2mass-atlas-980914s-h0820044.fits","region-oversized.hdr"]}
[2020-05-03T21:33:01.824] [INFO] hftrace - IO: {"read":3279,"write":1,"readSyscalls":8,"writeSyscalls":1,"readReal":921600,"writeReal":0,"writeCancelled":0,"pid":19,"name":"mProject"}
[2020-05-03T21:33:01.826] [INFO] hftrace - NetDev: pid: 19 [{"name":"eth0","rxBytes":6027,"rxPackets":21,"rxErrors":0,"rxDrop":0,"rxFifo":0,"rxFrame":0,"rxCompressed":0,"rxMulticast":0,"txBytes":1379,"txPackets":16,"txErrors":0,"txDrop":0,"txFifo":0,"txColls":0,"txCarrier":0,"txCompressed":0},{"name":"lo","rxBytes":0,"rxPackets":0,"rxErrors":0,"rxDrop":0,"rxFifo":0,"rxFrame":0,"rxCompressed":0,"rxMulticast":0,"txBytes":0,"txPackets":0,"txErrors":0,"txDrop":0,"txFifo":0,"txColls":0,"txCarrier":0,"txCompressed":0}]
[2020-05-03T21:33:01.838] [INFO] hftrace - job started: mProject
[2020-05-03T21:33:01.869] [INFO] hftrace - Procusage: pid: 19 {"cpu":0,"memory":2793472,"ctime":40,"elapsed":40,"timestamp":1588541581868,"pid":19,"ppid":7}
[2020-05-03T21:33:01.872] [INFO] hftrace - Sysinfo: {"cpu":{"manufacturer":"Intel®","brand":"Xeon®","vendor":"","family":"","model":"","stepping":"","revision":"","voltage":"","speed":"2.00","speedmin":"","speedmax":"","governor":"","cores":4,"physicalCores":4,"processors":1,"socket":"","cache":{"l1d":"","l1i":"","l2":"","l3":""}},"mem":{"total":4140511232,"free":155623424,"used":3984887808,"active":1252950016,"available":2887561216,"buffers":206168064,"cached":2510684160,"slab":416956416,"buffcache":3133808640,"swaptotal":0,"swapused":0,"swapfree":0}}
[2020-05-03T21:33:03.825] [INFO] hftrace - IO: {"read":2936128,"write":1,"readSyscalls":112,"writeSyscalls":1,"readReal":1470464,"writeReal":0,"writeCancelled":0,"pid":19,"name":"mProject"}
[2020-05-03T21:33:03.827] [INFO] hftrace - NetDev: pid: 19 [{"name":"eth0","rxBytes":6837,"rxPackets":29,"rxErrors":0,"rxDrop":0,"rxFifo":0,"rxFrame":0,"rxCompressed":0,"rxMulticast":0,"txBytes":1445,"txPackets":17,"txErrors":0,"txDrop":0,"txFifo":0,"txColls":0,"txCarrier":0,"txCompressed":0},{"name":"lo","rxBytes":0,"rxPackets":0,"rxErrors":0,"rxDrop":0,"rxFifo":0,"rxFrame":0,"rxCompressed":0,"rxMulticast":0,"txBytes":0,"txPackets":0,"txErrors":0,"txDrop":0,"txFifo":0,"txColls":0,"txCarrier":0,"txCompressed":0}]
[2020-05-03T21:33:03.878] [INFO] hftrace - Procusage: pid: 19 {"cpu":99.00990099009901,"memory":12414976,"ctime":2040,"elapsed":2060,"timestamp":1588541583878,"pid":19,"ppid":7}
[2020-05-03T21:33:05.826] [INFO] hftrace - IO: {"read":2936128,"write":1,"readSyscalls":112,"writeSyscalls":1,"readReal":1470464,"writeReal":0,"writeCancelled":0,"pid":19,"name":"mProject"}
[2020-05-03T21:33:05.828] [INFO] hftrace - NetDev: pid: 19 [{"name":"eth0","rxBytes":6837,"rxPackets":29,"rxErrors":0,"rxDrop":0,"rxFifo":0,"rxFrame":0,"rxCompressed":0,"rxMulticast":0,"txBytes":1445,"txPackets":17,"txErrors":0,"txDrop":0,"txFifo":0,"txColls":0,"txCarrier":0,"txCompressed":0},{"name":"lo","rxBytes":0,"rxPackets":0,"rxErrors":0,"rxDrop":0,"rxFifo":0,"rxFrame":0,"rxCompressed":0,"rxMulticast":0,"txBytes":0,"txPackets":0,"txErrors":0,"txDrop":0,"txFifo":0,"txColls":0,"txCarrier":0,"txCompressed":0}]
[2020-05-03T21:33:05.880] [INFO] hftrace - Procusage: pid: 19 {"cpu":100,"memory":12414976,"ctime":4040,"elapsed":4060,"timestamp":1588541585880,"pid":19,"ppid":7}
[2020-05-03T21:33:07.827] [INFO] hftrace - IO: {"read":2936128,"write":1,"readSyscalls":112,"writeSyscalls":1,"readReal":1470464,"writeReal":0,"writeCancelled":0,"pid":19,"name":"mProject"}
[2020-05-03T21:33:07.830] [INFO] hftrace - NetDev: pid: 19 [{"name":"eth0","rxBytes":6949,"rxPackets":31,"rxErrors":0,"rxDrop":0,"rxFifo":0,"rxFrame":0,"rxCompressed":0,"rxMulticast":0,"txBytes":1487,"txPackets":18,"txErrors":0,"txDrop":0,"txFifo":0,"txColls":0,"txCarrier":0,"txCompressed":0},{"name":"lo","rxBytes":0,"rxPackets":0,"rxErrors":0,"rxDrop":0,"rxFifo":0,"rxFrame":0,"rxCompressed":0,"rxMulticast":0,"txBytes":0,"txPackets":0,"txErrors":0,"txDrop":0,"txFifo":0,"txColls":0,"txCarrier":0,"txCompressed":0}]
[2020-05-03T21:33:07.882] [INFO] hftrace - Procusage: pid: 19 {"cpu":99.50248756218906,"memory":12414976,"ctime":6040,"elapsed":6070,"timestamp":1588541587882,"pid":19,"ppid":7}
[2020-05-03T21:33:09.829] [INFO] hftrace - IO: {"read":2936128,"write":1,"readSyscalls":112,"writeSyscalls":1,"readReal":1470464,"writeReal":0,"writeCancelled":0,"pid":19,"name":"mProject"}
[2020-05-03T21:33:09.832] [INFO] hftrace - NetDev: pid: 19 [{"name":"eth0","rxBytes":6949,"rxPackets":31,"rxErrors":0,"rxDrop":0,"rxFifo":0,"rxFrame":0,"rxCompressed":0,"rxMulticast":0,"txBytes":1487,"txPackets":18,"txErrors":0,"txDrop":0,"txFifo":0,"txColls":0,"txCarrier":0,"txCompressed":0},{"name":"lo","rxBytes":0,"rxPackets":0,"rxErrors":0,"rxDrop":0,"rxFifo":0,"rxFrame":0,"rxCompressed":0,"rxMulticast":0,"txBytes":0,"txPackets":0,"txErrors":0,"txDrop":0,"txFifo":0,"txColls":0,"txCarrier":0,"txCompressed":0}]
[2020-05-03T21:33:09.884] [INFO] hftrace - Procusage: pid: 19 {"cpu":100,"memory":12414976,"ctime":8040,"elapsed":8070,"timestamp":1588541589884,"pid":19,"ppid":7}
[2020-05-03T21:33:11.830] [INFO] hftrace - IO: {"read":2936128,"write":1,"readSyscalls":112,"writeSyscalls":1,"readReal":1470464,"writeReal":0,"writeCancelled":0,"pid":19,"name":"mProject"}
[2020-05-03T21:33:11.832] [INFO] hftrace - NetDev: pid: 19 [{"name":"eth0","rxBytes":6949,"rxPackets":31,"rxErrors":0,"rxDrop":0,"rxFifo":0,"rxFrame":0,"rxCompressed":0,"rxMulticast":0,"txBytes":1487,"txPackets":18,"txErrors":0,"txDrop":0,"txFifo":0,"txColls":0,"txCarrier":0,"txCompressed":0},{"name":"lo","rxBytes":0,"rxPackets":0,"rxErrors":0,"rxDrop":0,"rxFifo":0,"rxFrame":0,"rxCompressed":0,"rxMulticast":0,"txBytes":0,"txPackets":0,"txErrors":0,"txDrop":0,"txFifo":0,"txColls":0,"txCarrier":0,"txCompressed":0}]
[2020-05-03T21:33:11.885] [INFO] hftrace - Procusage: pid: 19 {"cpu":100,"memory":12414976,"ctime":10040,"elapsed":10070,"timestamp":1588541591885,"pid":19,"ppid":7}
[2020-05-03T21:33:13.831] [INFO] hftrace - IO: {"read":2936128,"write":1,"readSyscalls":112,"writeSyscalls":1,"readReal":1470464,"writeReal":0,"writeCancelled":0,"pid":19,"name":"mProject"}
[2020-05-03T21:33:13.832] [INFO] hftrace - NetDev: pid: 19 [{"name":"eth0","rxBytes":7019,"rxPackets":32,"rxErrors":0,"rxDrop":0,"rxFifo":0,"rxFrame":0,"rxCompressed":0,"rxMulticast":0,"txBytes":1487,"txPackets":18,"txErrors":0,"txDrop":0,"txFifo":0,"txColls":0,"txCarrier":0,"txCompressed":0},{"name":"lo","rxBytes":0,"rxPackets":0,"rxErrors":0,"rxDrop":0,"rxFifo":0,"rxFrame":0,"rxCompressed":0,"rxMulticast":0,"txBytes":0,"txPackets":0,"txErrors":0,"txDrop":0,"txFifo":0,"txColls":0,"txCarrier":0,"txCompressed":0}]
[2020-05-03T21:33:13.887] [INFO] hftrace - Procusage: pid: 19 {"cpu":100,"memory":12414976,"ctime":12040,"elapsed":12070,"timestamp":1588541593886,"pid":19,"ppid":7}
[2020-05-03T21:33:15.833] [INFO] hftrace - IO: {"read":2940585,"write":8208001,"readSyscalls":115,"writeSyscalls":2851,"readReal":1470464,"writeReal":8212480,"writeCancelled":0,"pid":19,"name":"mProject"}
[2020-05-03T21:33:15.833] [INFO] hftrace - NetDev: pid: 19 [{"name":"eth0","rxBytes":7019,"rxPackets":32,"rxErrors":0,"rxDrop":0,"rxFifo":0,"rxFrame":0,"rxCompressed":0,"rxMulticast":0,"txBytes":1487,"txPackets":18,"txErrors":0,"txDrop":0,"txFifo":0,"txColls":0,"txCarrier":0,"txCompressed":0},{"name":"lo","rxBytes":0,"rxPackets":0,"rxErrors":0,"rxDrop":0,"rxFifo":0,"rxFrame":0,"rxCompressed":0,"rxMulticast":0,"txBytes":0,"txPackets":0,"txErrors":0,"txDrop":0,"txFifo":0,"txColls":0,"txCarrier":0,"txCompressed":0}]
[2020-05-03T21:33:15.868] [INFO] hftrace - job successful (try 1): mProject
[2020-05-03T21:33:15.868] [INFO] hftrace - job exit code: 0
[2020-05-03T21:33:15.870] [INFO] hftrace - Job inputs: [
  { 'region-oversized.hdr': 277 },
  { '2mass-atlas-980914s-h0820044.fits': 1464705 }
]
[2020-05-03T21:33:15.871] [INFO] hftrace - Job outputs: [
  { 'p2mass-atlas-980914s-h0820044_area.fits': 4161600 },
  { 'p2mass-atlas-980914s-h0820044.fits': 4161600 }
]
[2020-05-03T21:33:15.871] [INFO] hftrace - handler exiting
