[2020-05-03T21:33:24.933] [INFO] hftrace - handler started
[2020-05-03T21:33:24.936] [ERROR] hftrace - nethogs execution error: Error: spawn nethogs-wrapper.py ENOENT
    at Process.ChildProcess._handle.onexit (internal/child_process.js:267:19)
    at onErrorNT (internal/child_process.js:469:16)
    at processTicksAndRejections (internal/process/task_queues.js:84:21) {
  errno: 'ENOENT',
  code: 'ENOENT',
  syscall: 'spawn nethogs-wrapper.py',
  path: 'nethogs-wrapper.py',
  spawnargs: []
}
[2020-05-03T21:33:24.946] [INFO] hftrace - jobMessage:  [
  'TGMfC62C8:1:18:1_msg',
  '{"executable":"mImgtbl","args":["-t","2-corrected.tbl",".","2-updated-corrected.tbl"],"inputs":[{"name":"c2mass-atlas-980914s-h0820044.fits","_id":36,"source":16,"firingId":1,"sigIdx":1},{"name":"c2mass-atlas-001021s-h0490233.fits","_id":39,"source":17,"firingId":1,"sigIdx":1},{"name":"2-corrected.tbl","_id":40,"data":[{}],"sigIdx":1}],"outputs":[{"name":"2-updated-corrected.tbl"}],"redis_url":"redis://redis.default.svc.cluster.local:6379","taskId":"TGMfC62C8:1:18:1","name":"mImgtbl"}'
]
[2020-05-03T21:33:24.950] [INFO] hftrace - Job command: 'mImgtbl -t 2-corrected.tbl . 2-updated-corrected.tbl'
[2020-05-03T21:33:24.958] [INFO] hftrace - command: {"pid":18,"name":"mImgtbl","command":["mImgtbl","-t","2-corrected.tbl",".","2-updated-corrected.tbl"]}
[2020-05-03T21:33:24.959] [INFO] hftrace - IO: {"read":1225,"write":1,"readSyscalls":5,"writeSyscalls":1,"readReal":0,"writeReal":0,"writeCancelled":0,"pid":18,"name":"mImgtbl"}
[2020-05-03T21:33:24.960] [INFO] hftrace - NetDev: pid: 18 [{"name":"lo","rxBytes":0,"rxPackets":0,"rxErrors":0,"rxDrop":0,"rxFifo":0,"rxFrame":0,"rxCompressed":0,"rxMulticast":0,"txBytes":0,"txPackets":0,"txErrors":0,"txDrop":0,"txFifo":0,"txColls":0,"txCarrier":0,"txCompressed":0},{"name":"eth0","rxBytes":5804,"rxPackets":17,"rxErrors":0,"rxDrop":0,"rxFifo":0,"rxFrame":0,"rxCompressed":0,"rxMulticast":0,"txBytes":1379,"txPackets":16,"txErrors":0,"txDrop":0,"txFifo":0,"txColls":0,"txCarrier":0,"txCompressed":0}]
[2020-05-03T21:33:24.967] [INFO] hftrace - job started: mImgtbl
[2020-05-03T21:33:24.996] [INFO] hftrace - Procusage: pid: 18 {"cpu":0,"memory":16609280,"ctime":30,"elapsed":30,"timestamp":1588541604995,"pid":18,"ppid":6}
[2020-05-03T21:33:24.997] [INFO] hftrace - Sysinfo: {"cpu":{"manufacturer":"Intel®","brand":"Xeon®","vendor":"","family":"","model":"","stepping":"","revision":"","voltage":"","speed":"2.00","speedmin":"","speedmax":"","governor":"","cores":4,"physicalCores":4,"processors":1,"socket":"","cache":{"l1d":"","l1i":"","l2":"","l3":""}},"mem":{"total":4140511232,"free":248033280,"used":3892477952,"active":1199882240,"available":2940628992,"buffers":205774848,"cached":2443542528,"slab":412409856,"buffcache":3061727232,"swaptotal":0,"swapused":0,"swapfree":0}}
[2020-05-03T21:33:25.139] [INFO] hftrace - job successful (try 1): mImgtbl
[2020-05-03T21:33:25.140] [INFO] hftrace - job exit code: 0
[2020-05-03T21:33:25.141] [INFO] hftrace - Job inputs: [
  { 'c2mass-atlas-980914s-h0820044.fits': 4161600 },
  { 'c2mass-atlas-001021s-h0490233.fits': 4170240 },
  { '2-corrected.tbl': 658 }
]
[2020-05-03T21:33:25.141] [INFO] hftrace - Job outputs: [ { '2-updated-corrected.tbl': 1764 } ]
[2020-05-03T21:33:25.141] [INFO] hftrace - handler exiting
