[2020-05-03T21:33:20.281] [INFO] hftrace - handler started
[2020-05-03T21:33:20.284] [ERROR] hftrace - nethogs execution error: Error: spawn nethogs-wrapper.py ENOENT
    at Process.ChildProcess._handle.onexit (internal/child_process.js:267:19)
    at onErrorNT (internal/child_process.js:469:16)
    at processTicksAndRejections (internal/process/task_queues.js:84:21) {
  errno: 'ENOENT',
  code: 'ENOENT',
  syscall: 'spawn nethogs-wrapper.py',
  path: 'nethogs-wrapper.py',
  spawnargs: []
}
[2020-05-03T21:33:20.305] [INFO] hftrace - jobMessage:  [
  'TGMfC62C8:1:15:1_msg',
  '{"executable":"mBgModel","args":["-i","100000","2-images.tbl","2-fits.tbl","2-corrections.tbl"],"inputs":[{"name":"2-fits.tbl","_id":32,"source":14,"firingId":1,"sigIdx":1},{"name":"2-images.tbl","_id":33,"data":[{}],"sigIdx":1}],"outputs":[{"name":"2-corrections.tbl"}],"redis_url":"redis://redis.default.svc.cluster.local:6379","taskId":"TGMfC62C8:1:15:1","name":"mBgModel"}'
]
[2020-05-03T21:33:20.306] [INFO] hftrace - Job command: 'mBgModel -i 100000 2-images.tbl 2-fits.tbl 2-corrections.tbl'
[2020-05-03T21:33:20.314] [INFO] hftrace - command: {"pid":18,"name":"mBgModel","command":["mBgModel","-i","100000","2-images.tbl","2-fits.tbl","2-corrections.tbl"]}
[2020-05-03T21:33:20.315] [INFO] hftrace - IO: {"read":1225,"write":1,"readSyscalls":5,"writeSyscalls":1,"readReal":0,"writeReal":0,"writeCancelled":0,"pid":18,"name":"mBgModel"}
[2020-05-03T21:33:20.317] [INFO] hftrace - NetDev: pid: 18 [{"name":"eth0","rxBytes":5562,"rxPackets":15,"rxErrors":0,"rxDrop":0,"rxFifo":0,"rxFrame":0,"rxCompressed":0,"rxMulticast":0,"txBytes":1379,"txPackets":16,"txErrors":0,"txDrop":0,"txFifo":0,"txColls":0,"txCarrier":0,"txCompressed":0},{"name":"lo","rxBytes":0,"rxPackets":0,"rxErrors":0,"rxDrop":0,"rxFifo":0,"rxFrame":0,"rxCompressed":0,"rxMulticast":0,"txBytes":0,"txPackets":0,"txErrors":0,"txDrop":0,"txFifo":0,"txColls":0,"txCarrier":0,"txCompressed":0}]
[2020-05-03T21:33:20.325] [INFO] hftrace - job started: mBgModel
[2020-05-03T21:33:20.348] [INFO] hftrace - Procusage: pid: 18 {"cpu":0,"memory":15056896,"ctime":30,"elapsed":30,"timestamp":1588541600348,"pid":18,"ppid":6}
[2020-05-03T21:33:20.349] [INFO] hftrace - Sysinfo: {"cpu":{"manufacturer":"Intel®","brand":"Xeon®","vendor":"","family":"","model":"","stepping":"","revision":"","voltage":"","speed":"2.00","speedmin":"","speedmax":"","governor":"","cores":4,"physicalCores":4,"processors":1,"socket":"","cache":{"l1d":"","l1i":"","l2":"","l3":""}},"mem":{"total":4140511232,"free":161419264,"used":3979091968,"active":1200799744,"available":2939711488,"buffers":206327808,"cached":2526486528,"slab":414662656,"buffcache":3147476992,"swaptotal":0,"swapused":0,"swapfree":0}}
[2020-05-03T21:33:20.810] [INFO] hftrace - job successful (try 1): mBgModel
[2020-05-03T21:33:20.810] [INFO] hftrace - job exit code: 0
[2020-05-03T21:33:20.811] [INFO] hftrace - Job inputs: [ { '2-fits.tbl': 417 }, { '2-images.tbl': 1476 } ]
[2020-05-03T21:33:20.811] [INFO] hftrace - Job outputs: [ { '2-corrections.tbl': 166 } ]
[2020-05-03T21:33:20.812] [INFO] hftrace - handler exiting
