[2020-05-13T09:55:31.112] [INFO] hftrace - Environment variables (HF_LOG): {"podIp":"10.40.1.38","nodeName":"gke-cluster-x-default-pool-917ea268-8629","podName":"job2e47bf-mdifffit-27-1-hkbpg","podServiceAccount":"default","podNamespace":"default"}
[2020-05-13T09:55:31.125] [INFO] hftrace - handler started
[2020-05-13T09:55:31.156] [INFO] hftrace - jobMessage:  [
  'j6Bb_ZBMN:1:27:1_msg',
  '{"executable":"mDiffFit","args":["-s","fit.000009.000010.txt","p2mass-atlas-001124n-j0850232.fits","p2mass-atlas-001124n-j0850244.fits","diff.000009.000010.fits","big_region_20180402_165339_22325.hdr"],"inputs":[{"name":"big_region_20180402_165339_22325.hdr","_id":4,"data":[{}],"sigIdx":1},{"name":"p2mass-atlas-001124n-j0850232.fits","_id":27,"source":9,"firingId":1,"sigIdx":1},{"name":"p2mass-atlas-001124n-j0850232_area.fits","_id":28,"source":9,"firingId":1,"sigIdx":1},{"name":"p2mass-atlas-001124n-j0850244.fits","_id":30,"source":10,"firingId":1,"sigIdx":1},{"name":"p2mass-atlas-001124n-j0850244_area.fits","_id":31,"source":10,"firingId":1,"sigIdx":1},{"name":"mDiff","_id":32,"data":[{}],"sigIdx":1},{"name":"mFitplane","_id":33,"data":[{}],"sigIdx":1}],"outputs":[{"name":"fit.000009.000010.txt"},{"name":"diff.000009.000010.fits"}],"redis_url":"redis://redis.default.svc.cluster.local:6379","taskId":"j6Bb_ZBMN:1:27:1","name":"mDiffFit"}'
]
[2020-05-13T09:55:31.158] [INFO] hftrace - Job command: 'mDiffFit -s fit.000009.000010.txt p2mass-atlas-001124n-j0850232.fits p2mass-atlas-001124n-j0850244.fits diff.000009.000010.fits big_region_20180402_165339_22325.hdr'
[2020-05-13T09:55:31.179] [INFO] hftrace - command: {"pid":23,"name":"mDiffFit","command":["mDiffFit","-s","fit.000009.000010.txt","p2mass-atlas-001124n-j0850232.fits","p2mass-atlas-001124n-j0850244.fits","diff.000009.000010.fits","big_region_20180402_165339_22325.hdr"]}
[2020-05-13T09:55:31.181] [INFO] hftrace - IO: {"read":1225,"write":1,"readSyscalls":5,"writeSyscalls":1,"readReal":0,"writeReal":0,"writeCancelled":0,"pid":23,"name":"mDiffFit"}
[2020-05-13T09:55:31.183] [INFO] hftrace - NetDev: pid: 23 [{"name":"lo","rxBytes":0,"rxPackets":0,"rxErrors":0,"rxDrop":0,"rxFifo":0,"rxFrame":0,"rxCompressed":0,"rxMulticast":0,"txBytes":0,"txPackets":0,"txErrors":0,"txDrop":0,"txFifo":0,"txColls":0,"txCarrier":0,"txCompressed":0},{"name":"eth0","rxBytes":6654,"rxPackets":22,"rxErrors":0,"rxDrop":0,"rxFifo":0,"rxFrame":0,"rxCompressed":0,"rxMulticast":0,"txBytes":1337,"txPackets":15,"txErrors":0,"txDrop":0,"txFifo":0,"txColls":0,"txCarrier":0,"txCompressed":0}]
[2020-05-13T09:55:31.193] [INFO] hftrace - job started: mDiffFit
[2020-05-13T09:55:31.211] [INFO] hftrace - command: {"pid":25,"name":"mDiffFit","command":["mDiff","p2mass-atlas-001124n-j0850232.fits","p2mass-atlas-001124n-j0850244.fits","diff.000009.000010.fits","big_region_20180402_165339_22325.hdr"]}
[2020-05-13T09:55:31.212] [INFO] hftrace - IO: {"read":4082257,"write":0,"readSyscalls":1431,"writeSyscalls":0,"readReal":32768,"writeReal":0,"writeCancelled":0,"pid":25,"name":"mDiffFit"}
[2020-05-13T09:55:31.212] [INFO] hftrace - NetDev: pid: 25 [{"name":"lo","rxBytes":0,"rxPackets":0,"rxErrors":0,"rxDrop":0,"rxFifo":0,"rxFrame":0,"rxCompressed":0,"rxMulticast":0,"txBytes":0,"txPackets":0,"txErrors":0,"txDrop":0,"txFifo":0,"txColls":0,"txCarrier":0,"txCompressed":0},{"name":"eth0","rxBytes":6654,"rxPackets":22,"rxErrors":0,"rxDrop":0,"rxFifo":0,"rxFrame":0,"rxCompressed":0,"rxMulticast":0,"txBytes":1403,"txPackets":16,"txErrors":0,"txDrop":0,"txFifo":0,"txColls":0,"txCarrier":0,"txCompressed":0}]
[2020-05-13T09:55:31.353] [INFO] hftrace - Procusage: pid: 23 {"cpu":0,"memory":389120,"ctime":0,"elapsed":190,"timestamp":1589363731352,"pid":23,"ppid":11}
[2020-05-13T09:55:31.355] [INFO] hftrace - Procusage: pid: 25 {"cpu":0,"memory":2097152,"ctime":20,"elapsed":160,"timestamp":1589363731355,"pid":25,"ppid":23}
[2020-05-13T09:55:31.365] [INFO] hftrace - Sysinfo: {"cpu":{"manufacturer":"Intel®","brand":"Xeon®","vendor":"GenuineIntel","family":"6","model":"85","stepping":"3","revision":"","voltage":"","speed":"2.00","speedmin":"","speedmax":"","governor":"","cores":2,"physicalCores":1,"processors":1,"socket":"","cache":{"l1d":32768,"l1i":32768,"l2":1048576,"l3":40370176}},"mem":{"total":2092941312,"free":202801152,"used":1890140160,"active":894074880,"available":1198866432,"buffers":73990144,"cached":976687104,"slab":192598016,"buffcache":1243275264,"swaptotal":0,"swapused":0,"swapfree":0}}
[2020-05-13T09:55:31.402] [INFO] hftrace - job successful (try 1): mDiffFit
[2020-05-13T09:55:31.402] [INFO] hftrace - job exit code: 0
[2020-05-13T09:55:31.406] [INFO] hftrace - Job inputs: [{"big_region_20180402_165339_22325.hdr":306},{"p2mass-atlas-001124n-j0850232.fits":4124160},{"p2mass-atlas-001124n-j0850232_area.fits":4124160},{"p2mass-atlas-001124n-j0850244.fits":4129920},{"p2mass-atlas-001124n-j0850244_area.fits":4129920},{"mDiff":-1},{"mFitplane":-1}]
[2020-05-13T09:55:31.406] [INFO] hftrace - Job outputs: [{"fit.000009.000010.txt":248},{"diff.000009.000010.fits":221760}]
[2020-05-13T09:55:31.406] [INFO] hftrace - handler exiting
