[2020-05-03T21:33:02.273] [INFO] hftrace - handler started
[2020-05-03T21:33:02.278] [ERROR] hftrace - nethogs execution error: Error: spawn nethogs-wrapper.py ENOENT
    at Process.ChildProcess._handle.onexit (internal/child_process.js:267:19)
    at onErrorNT (internal/child_process.js:469:16)
    at processTicksAndRejections (internal/process/task_queues.js:84:21) {
  errno: 'ENOENT',
  code: 'ENOENT',
  syscall: 'spawn nethogs-wrapper.py',
  path: 'nethogs-wrapper.py',
  spawnargs: []
}
[2020-05-03T21:33:02.300] [INFO] hftrace - jobMessage:  [
  'TGMfC62C8:1:22:1_msg',
  '{"executable":"mProject","args":["-X","2mass-atlas-980914s-k0820044.fits","p2mass-atlas-980914s-k0820044.fits","region-oversized.hdr"],"inputs":[{"name":"region-oversized.hdr","_id":2,"data":[{}],"sigIdx":1},{"name":"2mass-atlas-980914s-k0820044.fits","_id":48,"data":[{}],"sigIdx":1}],"outputs":[{"name":"p2mass-atlas-980914s-k0820044_area.fits"},{"name":"p2mass-atlas-980914s-k0820044.fits"}],"redis_url":"redis://redis.default.svc.cluster.local:6379","taskId":"TGMfC62C8:1:22:1","name":"mProject"}'
]
[2020-05-03T21:33:02.302] [INFO] hftrace - Job command: 'mProject -X 2mass-atlas-980914s-k0820044.fits p2mass-atlas-980914s-k0820044.fits region-oversized.hdr'
[2020-05-03T21:33:02.313] [INFO] hftrace - command: {"pid":18,"name":"mProject","command":["mProject","-X","2mass-atlas-980914s-k0820044.fits","p2mass-atlas-980914s-k0820044.fits","region-oversized.hdr"]}
[2020-05-03T21:33:02.315] [INFO] hftrace - IO: {"read":69838,"write":1,"readSyscalls":10,"writeSyscalls":1,"readReal":921600,"writeReal":0,"writeCancelled":0,"pid":18,"name":"mProject"}
[2020-05-03T21:33:02.326] [INFO] hftrace - NetDev: pid: 18 [{"name":"eth0","rxBytes":5897,"rxPackets":19,"rxErrors":0,"rxDrop":0,"rxFifo":0,"rxFrame":0,"rxCompressed":0,"rxMulticast":0,"txBytes":1337,"txPackets":15,"txErrors":0,"txDrop":0,"txFifo":0,"txColls":0,"txCarrier":0,"txCompressed":0},{"name":"lo","rxBytes":0,"rxPackets":0,"rxErrors":0,"rxDrop":0,"rxFifo":0,"rxFrame":0,"rxCompressed":0,"rxMulticast":0,"txBytes":0,"txPackets":0,"txErrors":0,"txDrop":0,"txFifo":0,"txColls":0,"txCarrier":0,"txCompressed":0}]
[2020-05-03T21:33:02.340] [INFO] hftrace - job started: mProject
[2020-05-03T21:33:02.383] [INFO] hftrace - Procusage: pid: 18 {"cpu":0,"memory":3026944,"ctime":40,"elapsed":60,"timestamp":1588541582380,"pid":18,"ppid":6}
[2020-05-03T21:33:02.398] [INFO] hftrace - Sysinfo: {"cpu":{"manufacturer":"Intel®","brand":"Xeon®","vendor":"","family":"","model":"","stepping":"","revision":"","voltage":"","speed":"2.00","speedmin":"","speedmax":"","governor":"","cores":4,"physicalCores":4,"processors":1,"socket":"","cache":{"l1d":"","l1i":"","l2":"","l3":""}},"mem":{"total":4140511232,"free":1634041856,"used":2506469376,"active":1432502272,"available":2708008960,"buffers":187015168,"cached":939339776,"slab":333824000,"buffcache":1460178944,"swaptotal":0,"swapused":0,"swapfree":0}}
[2020-05-03T21:33:04.317] [INFO] hftrace - IO: {"read":2937426,"write":1,"readSyscalls":112,"writeSyscalls":1,"readReal":1466368,"writeReal":0,"writeCancelled":0,"pid":18,"name":"mProject"}
[2020-05-03T21:33:04.328] [INFO] hftrace - NetDev: pid: 18 [{"name":"eth0","rxBytes":6923,"rxPackets":31,"rxErrors":0,"rxDrop":0,"rxFifo":0,"rxFrame":0,"rxCompressed":0,"rxMulticast":0,"txBytes":1403,"txPackets":16,"txErrors":0,"txDrop":0,"txFifo":0,"txColls":0,"txCarrier":0,"txCompressed":0},{"name":"lo","rxBytes":0,"rxPackets":0,"rxErrors":0,"rxDrop":0,"rxFifo":0,"rxFrame":0,"rxCompressed":0,"rxMulticast":0,"txBytes":0,"txPackets":0,"txErrors":0,"txDrop":0,"txFifo":0,"txColls":0,"txCarrier":0,"txCompressed":0}]
[2020-05-03T21:33:04.401] [INFO] hftrace - Procusage: pid: 18 {"cpu":96.55172413793103,"memory":12410880,"ctime":2000,"elapsed":2090,"timestamp":1588541584401,"pid":18,"ppid":6}
[2020-05-03T21:33:06.319] [INFO] hftrace - IO: {"read":2937426,"write":1,"readSyscalls":112,"writeSyscalls":1,"readReal":1466368,"writeReal":0,"writeCancelled":0,"pid":18,"name":"mProject"}
[2020-05-03T21:33:06.330] [INFO] hftrace - NetDev: pid: 18 [{"name":"eth0","rxBytes":6923,"rxPackets":31,"rxErrors":0,"rxDrop":0,"rxFifo":0,"rxFrame":0,"rxCompressed":0,"rxMulticast":0,"txBytes":1403,"txPackets":16,"txErrors":0,"txDrop":0,"txFifo":0,"txColls":0,"txCarrier":0,"txCompressed":0},{"name":"lo","rxBytes":0,"rxPackets":0,"rxErrors":0,"rxDrop":0,"rxFifo":0,"rxFrame":0,"rxCompressed":0,"rxMulticast":0,"txBytes":0,"txPackets":0,"txErrors":0,"txDrop":0,"txFifo":0,"txColls":0,"txCarrier":0,"txCompressed":0}]
[2020-05-03T21:33:06.401] [INFO] hftrace - Procusage: pid: 18 {"cpu":95.5,"memory":12410880,"ctime":3910,"elapsed":4090,"timestamp":1588541586401,"pid":18,"ppid":6}
[2020-05-03T21:33:08.323] [INFO] hftrace - IO: {"read":2937426,"write":1,"readSyscalls":112,"writeSyscalls":1,"readReal":1466368,"writeReal":0,"writeCancelled":0,"pid":18,"name":"mProject"}
[2020-05-03T21:33:08.332] [INFO] hftrace - NetDev: pid: 18 [{"name":"eth0","rxBytes":7035,"rxPackets":33,"rxErrors":0,"rxDrop":0,"rxFifo":0,"rxFrame":0,"rxCompressed":0,"rxMulticast":0,"txBytes":1445,"txPackets":17,"txErrors":0,"txDrop":0,"txFifo":0,"txColls":0,"txCarrier":0,"txCompressed":0},{"name":"lo","rxBytes":0,"rxPackets":0,"rxErrors":0,"rxDrop":0,"rxFifo":0,"rxFrame":0,"rxCompressed":0,"rxMulticast":0,"txBytes":0,"txPackets":0,"txErrors":0,"txDrop":0,"txFifo":0,"txColls":0,"txCarrier":0,"txCompressed":0}]
[2020-05-03T21:33:08.403] [INFO] hftrace - Procusage: pid: 18 {"cpu":98.00995024875621,"memory":12410880,"ctime":5880,"elapsed":6100,"timestamp":1588541588403,"pid":18,"ppid":6}
[2020-05-03T21:33:10.325] [INFO] hftrace - IO: {"read":2937426,"write":1,"readSyscalls":112,"writeSyscalls":1,"readReal":1466368,"writeReal":0,"writeCancelled":0,"pid":18,"name":"mProject"}
[2020-05-03T21:33:10.335] [INFO] hftrace - NetDev: pid: 18 [{"name":"eth0","rxBytes":7035,"rxPackets":33,"rxErrors":0,"rxDrop":0,"rxFifo":0,"rxFrame":0,"rxCompressed":0,"rxMulticast":0,"txBytes":1445,"txPackets":17,"txErrors":0,"txDrop":0,"txFifo":0,"txColls":0,"txCarrier":0,"txCompressed":0},{"name":"lo","rxBytes":0,"rxPackets":0,"rxErrors":0,"rxDrop":0,"rxFifo":0,"rxFrame":0,"rxCompressed":0,"rxMulticast":0,"txBytes":0,"txPackets":0,"txErrors":0,"txDrop":0,"txFifo":0,"txColls":0,"txCarrier":0,"txCompressed":0}]
[2020-05-03T21:33:10.508] [INFO] hftrace - Procusage: pid: 18 {"cpu":95.71428571428572,"memory":12410880,"ctime":7890,"elapsed":8200,"timestamp":1588541590508,"pid":18,"ppid":6}
[2020-05-03T21:33:12.328] [INFO] hftrace - IO: {"read":2937426,"write":1,"readSyscalls":112,"writeSyscalls":1,"readReal":1466368,"writeReal":0,"writeCancelled":0,"pid":18,"name":"mProject"}
[2020-05-03T21:33:12.336] [INFO] hftrace - NetDev: pid: 18 [{"name":"eth0","rxBytes":7035,"rxPackets":33,"rxErrors":0,"rxDrop":0,"rxFifo":0,"rxFrame":0,"rxCompressed":0,"rxMulticast":0,"txBytes":1445,"txPackets":17,"txErrors":0,"txDrop":0,"txFifo":0,"txColls":0,"txCarrier":0,"txCompressed":0},{"name":"lo","rxBytes":0,"rxPackets":0,"rxErrors":0,"rxDrop":0,"rxFifo":0,"rxFrame":0,"rxCompressed":0,"rxMulticast":0,"txBytes":0,"txPackets":0,"txErrors":0,"txDrop":0,"txFifo":0,"txColls":0,"txCarrier":0,"txCompressed":0}]
[2020-05-03T21:33:12.511] [INFO] hftrace - Procusage: pid: 18 {"cpu":96,"memory":12410880,"ctime":9810,"elapsed":10200,"timestamp":1588541592511,"pid":18,"ppid":6}
[2020-05-03T21:33:14.329] [INFO] hftrace - IO: {"read":2937426,"write":1,"readSyscalls":112,"writeSyscalls":1,"readReal":1466368,"writeReal":0,"writeCancelled":0,"pid":18,"name":"mProject"}
[2020-05-03T21:33:14.337] [INFO] hftrace - NetDev: pid: 18 [{"name":"eth0","rxBytes":7035,"rxPackets":33,"rxErrors":0,"rxDrop":0,"rxFifo":0,"rxFrame":0,"rxCompressed":0,"rxMulticast":0,"txBytes":1445,"txPackets":17,"txErrors":0,"txDrop":0,"txFifo":0,"txColls":0,"txCarrier":0,"txCompressed":0},{"name":"lo","rxBytes":0,"rxPackets":0,"rxErrors":0,"rxDrop":0,"rxFifo":0,"rxFrame":0,"rxCompressed":0,"rxMulticast":0,"txBytes":0,"txPackets":0,"txErrors":0,"txDrop":0,"txFifo":0,"txColls":0,"txCarrier":0,"txCompressed":0}]
[2020-05-03T21:33:14.512] [INFO] hftrace - Procusage: pid: 18 {"cpu":91.5,"memory":12410880,"ctime":11640,"elapsed":12200,"timestamp":1588541594512,"pid":18,"ppid":6}
[2020-05-03T21:33:16.330] [INFO] hftrace - IO: {"read":2937426,"write":1,"readSyscalls":112,"writeSyscalls":1,"readReal":1466368,"writeReal":0,"writeCancelled":0,"pid":18,"name":"mProject"}
[2020-05-03T21:33:16.338] [INFO] hftrace - NetDev: pid: 18 [{"name":"eth0","rxBytes":7105,"rxPackets":34,"rxErrors":0,"rxDrop":0,"rxFifo":0,"rxFrame":0,"rxCompressed":0,"rxMulticast":0,"txBytes":1445,"txPackets":17,"txErrors":0,"txDrop":0,"txFifo":0,"txColls":0,"txCarrier":0,"txCompressed":0},{"name":"lo","rxBytes":0,"rxPackets":0,"rxErrors":0,"rxDrop":0,"rxFifo":0,"rxFrame":0,"rxCompressed":0,"rxMulticast":0,"txBytes":0,"txPackets":0,"txErrors":0,"txDrop":0,"txFifo":0,"txColls":0,"txCarrier":0,"txCompressed":0}]
[2020-05-03T21:33:16.513] [INFO] hftrace - Procusage: pid: 18 {"cpu":95.52238805970148,"memory":12410880,"ctime":13560,"elapsed":14210,"timestamp":1588541596513,"pid":18,"ppid":6}
[2020-05-03T21:33:18.331] [INFO] hftrace - IO: {"read":2937426,"write":1,"readSyscalls":112,"writeSyscalls":1,"readReal":1466368,"writeReal":0,"writeCancelled":0,"pid":18,"name":"mProject"}
[2020-05-03T21:33:18.338] [INFO] hftrace - NetDev: pid: 18 [{"name":"eth0","rxBytes":7105,"rxPackets":34,"rxErrors":0,"rxDrop":0,"rxFifo":0,"rxFrame":0,"rxCompressed":0,"rxMulticast":0,"txBytes":1445,"txPackets":17,"txErrors":0,"txDrop":0,"txFifo":0,"txColls":0,"txCarrier":0,"txCompressed":0},{"name":"lo","rxBytes":0,"rxPackets":0,"rxErrors":0,"rxDrop":0,"rxFifo":0,"rxFrame":0,"rxCompressed":0,"rxMulticast":0,"txBytes":0,"txPackets":0,"txErrors":0,"txDrop":0,"txFifo":0,"txColls":0,"txCarrier":0,"txCompressed":0}]
[2020-05-03T21:33:18.513] [INFO] hftrace - Procusage: pid: 18 {"cpu":96.5,"memory":12410880,"ctime":15490,"elapsed":16210,"timestamp":1588541598512,"pid":18,"ppid":6}
[2020-05-03T21:33:20.332] [INFO] hftrace - IO: {"read":2937426,"write":1,"readSyscalls":112,"writeSyscalls":1,"readReal":1466368,"writeReal":0,"writeCancelled":0,"pid":18,"name":"mProject"}
[2020-05-03T21:33:20.339] [INFO] hftrace - NetDev: pid: 18 [{"name":"eth0","rxBytes":7105,"rxPackets":34,"rxErrors":0,"rxDrop":0,"rxFifo":0,"rxFrame":0,"rxCompressed":0,"rxMulticast":0,"txBytes":1445,"txPackets":17,"txErrors":0,"txDrop":0,"txFifo":0,"txColls":0,"txCarrier":0,"txCompressed":0},{"name":"lo","rxBytes":0,"rxPackets":0,"rxErrors":0,"rxDrop":0,"rxFifo":0,"rxFrame":0,"rxCompressed":0,"rxMulticast":0,"txBytes":0,"txPackets":0,"txErrors":0,"txDrop":0,"txFifo":0,"txColls":0,"txCarrier":0,"txCompressed":0}]
[2020-05-03T21:33:20.514] [INFO] hftrace - Procusage: pid: 18 {"cpu":93.5,"memory":12410880,"ctime":17360,"elapsed":18210,"timestamp":1588541600514,"pid":18,"ppid":6}
[2020-05-03T21:33:22.334] [INFO] hftrace - IO: {"read":2937426,"write":1,"readSyscalls":112,"writeSyscalls":1,"readReal":1466368,"writeReal":0,"writeCancelled":0,"pid":18,"name":"mProject"}
[2020-05-03T21:33:22.339] [INFO] hftrace - NetDev: pid: 18 [{"name":"eth0","rxBytes":7105,"rxPackets":34,"rxErrors":0,"rxDrop":0,"rxFifo":0,"rxFrame":0,"rxCompressed":0,"rxMulticast":0,"txBytes":1445,"txPackets":17,"txErrors":0,"txDrop":0,"txFifo":0,"txColls":0,"txCarrier":0,"txCompressed":0},{"name":"lo","rxBytes":0,"rxPackets":0,"rxErrors":0,"rxDrop":0,"rxFifo":0,"rxFrame":0,"rxCompressed":0,"rxMulticast":0,"txBytes":0,"txPackets":0,"txErrors":0,"txDrop":0,"txFifo":0,"txColls":0,"txCarrier":0,"txCompressed":0}]
[2020-05-03T21:33:22.515] [INFO] hftrace - Procusage: pid: 18 {"cpu":96.5,"memory":12410880,"ctime":19290,"elapsed":20210,"timestamp":1588541602515,"pid":18,"ppid":6}
[2020-05-03T21:33:24.336] [INFO] hftrace - IO: {"read":2937426,"write":1,"readSyscalls":112,"writeSyscalls":1,"readReal":1466368,"writeReal":0,"writeCancelled":0,"pid":18,"name":"mProject"}
[2020-05-03T21:33:24.341] [INFO] hftrace - NetDev: pid: 18 [{"name":"eth0","rxBytes":7105,"rxPackets":34,"rxErrors":0,"rxDrop":0,"rxFifo":0,"rxFrame":0,"rxCompressed":0,"rxMulticast":0,"txBytes":1445,"txPackets":17,"txErrors":0,"txDrop":0,"txFifo":0,"txColls":0,"txCarrier":0,"txCompressed":0},{"name":"lo","rxBytes":0,"rxPackets":0,"rxErrors":0,"rxDrop":0,"rxFifo":0,"rxFrame":0,"rxCompressed":0,"rxMulticast":0,"txBytes":0,"txPackets":0,"txErrors":0,"txDrop":0,"txFifo":0,"txColls":0,"txCarrier":0,"txCompressed":0}]
[2020-05-03T21:33:24.516] [INFO] hftrace - Procusage: pid: 18 {"cpu":94.5,"memory":12410880,"ctime":21180,"elapsed":22210,"timestamp":1588541604516,"pid":18,"ppid":6}
[2020-05-03T21:33:24.989] [INFO] hftrace - job successful (try 1): mProject
[2020-05-03T21:33:24.989] [INFO] hftrace - job exit code: 0
[2020-05-03T21:33:24.992] [INFO] hftrace - Job inputs: [
  { 'region-oversized.hdr': 277 },
  { '2mass-atlas-980914s-k0820044.fits': 1465354 }
]
[2020-05-03T21:33:24.992] [INFO] hftrace - Job outputs: [
  { 'p2mass-atlas-980914s-k0820044_area.fits': 4144320 },
  { 'p2mass-atlas-980914s-k0820044.fits': 4144320 }
]
[2020-05-03T21:33:24.993] [INFO] hftrace - handler exiting
