[2020-05-13T09:55:44.627] [INFO] hftrace - Environment variables (HF_LOG): {"podIp":"10.40.1.42","nodeName":"gke-cluster-x-default-pool-917ea268-8629","podName":"jobs39zvs-mdifffit-23-1-bfrlz","podServiceAccount":"default","podNamespace":"default"}
[2020-05-13T09:55:44.644] [INFO] hftrace - handler started
[2020-05-13T09:55:44.668] [INFO] hftrace - jobMessage:  [
  'j6Bb_ZBMN:1:23:1_msg',
  '{"executable":"mDiffFit","args":["-s","fit.000006.000007.txt","p2mass-atlas-001124n-j0860044.fits","p2mass-atlas-001124n-j0860032.fits","diff.000006.000007.fits","big_region_20180402_165339_22325.hdr"],"inputs":[{"name":"big_region_20180402_165339_22325.hdr","_id":4,"data":[{}],"sigIdx":1},{"name":"p2mass-atlas-001124n-j0860044.fits","_id":18,"source":6,"firingId":1,"sigIdx":1},{"name":"p2mass-atlas-001124n-j0860044_area.fits","_id":19,"source":6,"firingId":1,"sigIdx":1},{"name":"p2mass-atlas-001124n-j0860032.fits","_id":21,"source":7,"firingId":1,"sigIdx":1},{"name":"p2mass-atlas-001124n-j0860032_area.fits","_id":22,"source":7,"firingId":1,"sigIdx":1},{"name":"mDiff","_id":32,"data":[{}],"sigIdx":1},{"name":"mFitplane","_id":33,"data":[{}],"sigIdx":1}],"outputs":[{"name":"fit.000006.000007.txt"},{"name":"diff.000006.000007.fits"}],"redis_url":"redis://redis.default.svc.cluster.local:6379","taskId":"j6Bb_ZBMN:1:23:1","name":"mDiffFit"}'
]
[2020-05-13T09:55:44.670] [INFO] hftrace - Job command: 'mDiffFit -s fit.000006.000007.txt p2mass-atlas-001124n-j0860044.fits p2mass-atlas-001124n-j0860032.fits diff.000006.000007.fits big_region_20180402_165339_22325.hdr'
[2020-05-13T09:55:44.683] [INFO] hftrace - command: {"pid":24,"name":"mDiffFit","command":["mDiffFit","-s","fit.000006.000007.txt","p2mass-atlas-001124n-j0860044.fits","p2mass-atlas-001124n-j0860032.fits","diff.000006.000007.fits","big_region_20180402_165339_22325.hdr"]}
[2020-05-13T09:55:44.684] [INFO] hftrace - IO: {"read":1225,"write":1,"readSyscalls":5,"writeSyscalls":1,"readReal":0,"writeReal":0,"writeCancelled":0,"pid":24,"name":"mDiffFit"}
[2020-05-13T09:55:44.687] [INFO] hftrace - NetDev: pid: 24 [{"name":"eth0","rxBytes":6181,"rxPackets":15,"rxErrors":0,"rxDrop":0,"rxFifo":0,"rxFrame":0,"rxCompressed":0,"rxMulticast":0,"txBytes":1337,"txPackets":15,"txErrors":0,"txDrop":0,"txFifo":0,"txColls":0,"txCarrier":0,"txCompressed":0},{"name":"lo","rxBytes":0,"rxPackets":0,"rxErrors":0,"rxDrop":0,"rxFifo":0,"rxFrame":0,"rxCompressed":0,"rxMulticast":0,"txBytes":0,"txPackets":0,"txErrors":0,"txDrop":0,"txFifo":0,"txColls":0,"txCarrier":0,"txCompressed":0}]
[2020-05-13T09:55:44.699] [INFO] hftrace - job started: mDiffFit
[2020-05-13T09:55:44.736] [INFO] hftrace - command: {"pid":25,"name":"mDiffFit","command":["mDiff","p2mass-atlas-001124n-j0860044.fits","p2mass-atlas-001124n-j0860032.fits","diff.000006.000007.fits","big_region_20180402_165339_22325.hdr"]}
[2020-05-13T09:55:44.737] [INFO] hftrace - IO: {"read":3863377,"write":0,"readSyscalls":1355,"writeSyscalls":0,"readReal":8249344,"writeReal":0,"writeCancelled":0,"pid":25,"name":"mDiffFit"}
[2020-05-13T09:55:44.737] [INFO] hftrace - NetDev: pid: 25 [{"name":"eth0","rxBytes":6181,"rxPackets":15,"rxErrors":0,"rxDrop":0,"rxFifo":0,"rxFrame":0,"rxCompressed":0,"rxMulticast":0,"txBytes":1403,"txPackets":16,"txErrors":0,"txDrop":0,"txFifo":0,"txColls":0,"txCarrier":0,"txCompressed":0},{"name":"lo","rxBytes":0,"rxPackets":0,"rxErrors":0,"rxDrop":0,"rxFifo":0,"rxFrame":0,"rxCompressed":0,"rxMulticast":0,"txBytes":0,"txPackets":0,"txErrors":0,"txDrop":0,"txFifo":0,"txColls":0,"txCarrier":0,"txCompressed":0}]
[2020-05-13T09:55:44.846] [INFO] hftrace - Procusage: pid: 24 {"cpu":0,"memory":389120,"ctime":0,"elapsed":170,"timestamp":1589363744845,"pid":24,"ppid":12}
[2020-05-13T09:55:44.846] [INFO] hftrace - Procusage: pid: 25 {"cpu":0,"memory":1970176,"ctime":30,"elapsed":150,"timestamp":1589363744846,"pid":25,"ppid":24}
[2020-05-13T09:55:44.852] [INFO] hftrace - Sysinfo: {"cpu":{"manufacturer":"Intel®","brand":"Xeon®","vendor":"GenuineIntel","family":"6","model":"85","stepping":"3","revision":"","voltage":"","speed":"2.00","speedmin":"","speedmax":"","governor":"","cores":2,"physicalCores":1,"processors":1,"socket":"","cache":{"l1d":32768,"l1i":32768,"l2":1048576,"l3":40370176}},"mem":{"total":2092941312,"free":177160192,"used":1915781120,"active":889200640,"available":1203740672,"buffers":75661312,"cached":1004584960,"slab":192733184,"buffcache":1272979456,"swaptotal":0,"swapused":0,"swapfree":0}}
[2020-05-13T09:55:44.903] [INFO] hftrace - job successful (try 1): mDiffFit
[2020-05-13T09:55:44.903] [INFO] hftrace - job exit code: 0
[2020-05-13T09:55:44.907] [INFO] hftrace - Job inputs: [{"big_region_20180402_165339_22325.hdr":306},{"p2mass-atlas-001124n-j0860044.fits":4121280},{"p2mass-atlas-001124n-j0860044_area.fits":4121280},{"p2mass-atlas-001124n-j0860032.fits":4121280},{"p2mass-atlas-001124n-j0860032_area.fits":4121280},{"mDiff":-1},{"mFitplane":-1}]
[2020-05-13T09:55:44.907] [INFO] hftrace - Job outputs: [{"fit.000006.000007.txt":253},{"diff.000006.000007.fits":221760}]
[2020-05-13T09:55:44.907] [INFO] hftrace - handler exiting
