[2020-05-13T09:55:26.200] [INFO] hftrace - Environment variables (HF_LOG): {"podIp":"10.40.1.36","nodeName":"gke-cluster-x-default-pool-917ea268-8629","podName":"jobieotn-mdifffit-19-1-zcjn5","podServiceAccount":"default","podNamespace":"default"}
[2020-05-13T09:55:26.217] [INFO] hftrace - handler started
[2020-05-13T09:55:26.243] [INFO] hftrace - jobMessage:  [
  'j6Bb_ZBMN:1:19:1_msg',
  '{"executable":"mDiffFit","args":["-s","fit.000004.000005.txt","p2mass-atlas-001124n-j0870244.fits","p2mass-atlas-001124n-j0870232.fits","diff.000004.000005.fits","big_region_20180402_165339_22325.hdr"],"inputs":[{"name":"big_region_20180402_165339_22325.hdr","_id":4,"data":[{}],"sigIdx":1},{"name":"p2mass-atlas-001124n-j0870244.fits","_id":12,"source":4,"firingId":1,"sigIdx":1},{"name":"p2mass-atlas-001124n-j0870244_area.fits","_id":13,"source":4,"firingId":1,"sigIdx":1},{"name":"p2mass-atlas-001124n-j0870232.fits","_id":15,"source":5,"firingId":1,"sigIdx":1},{"name":"p2mass-atlas-001124n-j0870232_area.fits","_id":16,"source":5,"firingId":1,"sigIdx":1},{"name":"mDiff","_id":32,"data":[{}],"sigIdx":1},{"name":"mFitplane","_id":33,"data":[{}],"sigIdx":1}],"outputs":[{"name":"fit.000004.000005.txt"},{"name":"diff.000004.000005.fits"}],"redis_url":"redis://redis.default.svc.cluster.local:6379","taskId":"j6Bb_ZBMN:1:19:1","name":"mDiffFit"}'
]
[2020-05-13T09:55:26.247] [INFO] hftrace - Job command: 'mDiffFit -s fit.000004.000005.txt p2mass-atlas-001124n-j0870244.fits p2mass-atlas-001124n-j0870232.fits diff.000004.000005.fits big_region_20180402_165339_22325.hdr'
[2020-05-13T09:55:26.288] [INFO] hftrace - command: {"pid":23,"name":"mDiffFit","command":["mDiffFit","-s","fit.000004.000005.txt","p2mass-atlas-001124n-j0870244.fits","p2mass-atlas-001124n-j0870232.fits","diff.000004.000005.fits","big_region_20180402_165339_22325.hdr"]}
[2020-05-13T09:55:26.292] [INFO] hftrace - IO: {"read":2185,"write":1,"readSyscalls":6,"writeSyscalls":1,"readReal":24576,"writeReal":0,"writeCancelled":0,"pid":23,"name":"mDiffFit"}
[2020-05-13T09:55:26.294] [INFO] hftrace - NetDev: pid: 23 [{"name":"eth0","rxBytes":6272,"rxPackets":16,"rxErrors":0,"rxDrop":0,"rxFifo":0,"rxFrame":0,"rxCompressed":0,"rxMulticast":0,"txBytes":1403,"txPackets":16,"txErrors":0,"txDrop":0,"txFifo":0,"txColls":0,"txCarrier":0,"txCompressed":0},{"name":"lo","rxBytes":0,"rxPackets":0,"rxErrors":0,"rxDrop":0,"rxFifo":0,"rxFrame":0,"rxCompressed":0,"rxMulticast":0,"txBytes":0,"txPackets":0,"txErrors":0,"txDrop":0,"txFifo":0,"txColls":0,"txCarrier":0,"txCompressed":0}]
[2020-05-13T09:55:26.320] [INFO] hftrace - job started: mDiffFit
[2020-05-13T09:55:26.372] [INFO] hftrace - command: {"pid":24,"name":"mDiffFit","command":["mDiff","p2mass-atlas-001124n-j0870244.fits","p2mass-atlas-001124n-j0870232.fits","diff.000004.000005.fits","big_region_20180402_165339_22325.hdr"]}
[2020-05-13T09:55:26.372] [INFO] hftrace - IO: {"read":6700177,"write":0,"readSyscalls":2340,"writeSyscalls":0,"readReal":163840,"writeReal":0,"writeCancelled":0,"pid":24,"name":"mDiffFit"}
[2020-05-13T09:55:26.375] [INFO] hftrace - NetDev: pid: 24 [{"name":"eth0","rxBytes":6356,"rxPackets":18,"rxErrors":0,"rxDrop":0,"rxFifo":0,"rxFrame":0,"rxCompressed":0,"rxMulticast":0,"txBytes":1403,"txPackets":16,"txErrors":0,"txDrop":0,"txFifo":0,"txColls":0,"txCarrier":0,"txCompressed":0},{"name":"lo","rxBytes":0,"rxPackets":0,"rxErrors":0,"rxDrop":0,"rxFifo":0,"rxFrame":0,"rxCompressed":0,"rxMulticast":0,"txBytes":0,"txPackets":0,"txErrors":0,"txDrop":0,"txFifo":0,"txColls":0,"txCarrier":0,"txCompressed":0}]
[2020-05-13T09:55:26.521] [INFO] hftrace - Procusage: pid: 23 {"cpu":0,"memory":462848,"ctime":0,"elapsed":160,"timestamp":1589363726521,"pid":23,"ppid":11}
[2020-05-13T09:55:26.523] [INFO] hftrace - Procusage: pid: 24 {"cpu":0,"memory":2002944,"ctime":30,"elapsed":110,"timestamp":1589363726523,"pid":24,"ppid":23}
[2020-05-13T09:55:26.536] [INFO] hftrace - Sysinfo: {"cpu":{"manufacturer":"Intel®","brand":"Xeon®","vendor":"GenuineIntel","family":"6","model":"85","stepping":"3","revision":"","voltage":"","speed":"2.00","speedmin":"","speedmax":"","governor":"","cores":2,"physicalCores":1,"processors":1,"socket":"","cache":{"l1d":32768,"l1i":32768,"l2":1048576,"l3":40370176}},"mem":{"total":2092941312,"free":155463680,"used":1937477632,"active":962506752,"available":1130434560,"buffers":73433088,"cached":956362752,"slab":193601536,"buffcache":1223397376,"swaptotal":0,"swapused":0,"swapfree":0}}
[2020-05-13T09:55:26.636] [INFO] hftrace - job successful (try 1): mDiffFit
[2020-05-13T09:55:26.636] [INFO] hftrace - job exit code: 0
[2020-05-13T09:55:26.696] [INFO] hftrace - Job inputs: [{"big_region_20180402_165339_22325.hdr":306},{"p2mass-atlas-001124n-j0870244.fits":4115520},{"p2mass-atlas-001124n-j0870244_area.fits":4115520},{"p2mass-atlas-001124n-j0870232.fits":4121280},{"p2mass-atlas-001124n-j0870232_area.fits":4121280},{"mDiff":-1},{"mFitplane":-1}]
[2020-05-13T09:55:26.696] [INFO] hftrace - Job outputs: [{"fit.000004.000005.txt":247},{"diff.000004.000005.fits":221760}]
[2020-05-13T09:55:26.696] [INFO] hftrace - handler exiting
