[2020-05-13T09:55:33.974] [INFO] hftrace - Environment variables (HF_LOG): {"podIp":"10.40.1.39","nodeName":"gke-cluster-x-default-pool-917ea268-8629","podName":"job3yzxah-mdifffit-14-1-szn97","podServiceAccount":"default","podNamespace":"default"}
[2020-05-13T09:55:33.999] [INFO] hftrace - handler started
[2020-05-13T09:55:34.029] [INFO] hftrace - jobMessage:  [
  'j6Bb_ZBMN:1:14:1_msg',
  '{"executable":"mDiffFit","args":["-s","fit.000002.000003.txt","p2mass-atlas-001124n-j0890232.fits","p2mass-atlas-001124n-j0880032.fits","diff.000002.000003.fits","big_region_20180402_165339_22325.hdr"],"inputs":[{"name":"big_region_20180402_165339_22325.hdr","_id":4,"data":[{}],"sigIdx":1},{"name":"p2mass-atlas-001124n-j0890232.fits","_id":6,"source":2,"firingId":1,"sigIdx":1},{"name":"p2mass-atlas-001124n-j0890232_area.fits","_id":7,"source":2,"firingId":1,"sigIdx":1},{"name":"p2mass-atlas-001124n-j0880032.fits","_id":9,"source":3,"firingId":1,"sigIdx":1},{"name":"p2mass-atlas-001124n-j0880032_area.fits","_id":10,"source":3,"firingId":1,"sigIdx":1},{"name":"mDiff","_id":32,"data":[{}],"sigIdx":1},{"name":"mFitplane","_id":33,"data":[{}],"sigIdx":1}],"outputs":[{"name":"fit.000002.000003.txt"},{"name":"diff.000002.000003.fits"}],"redis_url":"redis://redis.default.svc.cluster.local:6379","taskId":"j6Bb_ZBMN:1:14:1","name":"mDiffFit"}'
]
[2020-05-13T09:55:34.031] [INFO] hftrace - Job command: 'mDiffFit -s fit.000002.000003.txt p2mass-atlas-001124n-j0890232.fits p2mass-atlas-001124n-j0880032.fits diff.000002.000003.fits big_region_20180402_165339_22325.hdr'
[2020-05-13T09:55:34.050] [INFO] hftrace - command: {"pid":24,"name":"mDiffFit","command":["mDiffFit","-s","fit.000002.000003.txt","p2mass-atlas-001124n-j0890232.fits","p2mass-atlas-001124n-j0880032.fits","diff.000002.000003.fits","big_region_20180402_165339_22325.hdr"]}
[2020-05-13T09:55:34.052] [INFO] hftrace - IO: {"read":1225,"write":1,"readSyscalls":5,"writeSyscalls":1,"readReal":0,"writeReal":0,"writeCancelled":0,"pid":24,"name":"mDiffFit"}
[2020-05-13T09:55:34.059] [INFO] hftrace - NetDev: pid: 24 [{"name":"lo","rxBytes":0,"rxPackets":0,"rxErrors":0,"rxDrop":0,"rxFifo":0,"rxFrame":0,"rxCompressed":0,"rxMulticast":0,"txBytes":0,"txPackets":0,"txErrors":0,"txDrop":0,"txFifo":0,"txColls":0,"txCarrier":0,"txCompressed":0},{"name":"eth0","rxBytes":6221,"rxPackets":16,"rxErrors":0,"rxDrop":0,"rxFifo":0,"rxFrame":0,"rxCompressed":0,"rxMulticast":0,"txBytes":1337,"txPackets":15,"txErrors":0,"txDrop":0,"txFifo":0,"txColls":0,"txCarrier":0,"txCompressed":0}]
[2020-05-13T09:55:34.079] [INFO] hftrace - job started: mDiffFit
[2020-05-13T09:55:34.130] [INFO] hftrace - command: {"pid":26,"name":"mDiffFit","command":["mDiff","p2mass-atlas-001124n-j0890232.fits","p2mass-atlas-001124n-j0880032.fits","diff.000002.000003.fits","big_region_20180402_165339_22325.hdr"]}
[2020-05-13T09:55:34.131] [INFO] hftrace - IO: {"read":9740627,"write":0,"readSyscalls":3397,"writeSyscalls":0,"readReal":3833856,"writeReal":0,"writeCancelled":0,"pid":26,"name":"mDiffFit"}
[2020-05-13T09:55:34.131] [INFO] hftrace - NetDev: pid: 26 [{"name":"lo","rxBytes":0,"rxPackets":0,"rxErrors":0,"rxDrop":0,"rxFifo":0,"rxFrame":0,"rxCompressed":0,"rxMulticast":0,"txBytes":0,"txPackets":0,"txErrors":0,"txDrop":0,"txFifo":0,"txColls":0,"txCarrier":0,"txCompressed":0},{"name":"eth0","rxBytes":6221,"rxPackets":16,"rxErrors":0,"rxDrop":0,"rxFifo":0,"rxFrame":0,"rxCompressed":0,"rxMulticast":0,"txBytes":1403,"txPackets":16,"txErrors":0,"txDrop":0,"txFifo":0,"txColls":0,"txCarrier":0,"txCompressed":0}]
[2020-05-13T09:55:34.263] [INFO] hftrace - Procusage: pid: 24 {"cpu":0,"memory":409600,"ctime":0,"elapsed":230,"timestamp":1589363734262,"pid":24,"ppid":12}
[2020-05-13T09:55:34.263] [INFO] hftrace - Procusage: pid: 26 {"cpu":0,"memory":2048000,"ctime":30,"elapsed":190,"timestamp":1589363734263,"pid":26,"ppid":24}
[2020-05-13T09:55:34.273] [INFO] hftrace - Sysinfo: {"cpu":{"manufacturer":"Intel®","brand":"Xeon®","vendor":"GenuineIntel","family":"6","model":"85","stepping":"3","revision":"","voltage":"","speed":"2.00","speedmin":"","speedmax":"","governor":"","cores":2,"physicalCores":1,"processors":1,"socket":"","cache":{"l1d":32768,"l1i":32768,"l2":1048576,"l3":40370176}},"mem":{"total":2092941312,"free":195301376,"used":1897639936,"active":891650048,"available":1201291264,"buffers":74387456,"cached":986025984,"slab":192782336,"buffcache":1253195776,"swaptotal":0,"swapused":0,"swapfree":0}}
[2020-05-13T09:55:34.343] [INFO] hftrace - job successful (try 1): mDiffFit
[2020-05-13T09:55:34.343] [INFO] hftrace - job exit code: 0
[2020-05-13T09:55:34.348] [INFO] hftrace - Job inputs: [{"big_region_20180402_165339_22325.hdr":306},{"p2mass-atlas-001124n-j0890232.fits":4124160},{"p2mass-atlas-001124n-j0890232_area.fits":4124160},{"p2mass-atlas-001124n-j0880032.fits":4129920},{"p2mass-atlas-001124n-j0880032_area.fits":4129920},{"mDiff":-1},{"mFitplane":-1}]
[2020-05-13T09:55:34.348] [INFO] hftrace - Job outputs: [{"fit.000002.000003.txt":252},{"diff.000002.000003.fits":141120}]
[2020-05-13T09:55:34.348] [INFO] hftrace - handler exiting
