[2020-05-03T21:33:28.053] [INFO] hftrace - handler started
[2020-05-03T21:33:28.056] [ERROR] hftrace - nethogs execution error: Error: spawn nethogs-wrapper.py ENOENT
    at Process.ChildProcess._handle.onexit (internal/child_process.js:267:19)
    at onErrorNT (internal/child_process.js:469:16)
    at processTicksAndRejections (internal/process/task_queues.js:84:21) {
  errno: 'ENOENT',
  code: 'ENOENT',
  syscall: 'spawn nethogs-wrapper.py',
  path: 'nethogs-wrapper.py',
  spawnargs: []
}
[2020-05-03T21:33:28.066] [INFO] hftrace - jobMessage:  [
  'TGMfC62C8:1:19:1_msg',
  '{"executable":"mAdd","args":["-e","2-updated-corrected.tbl","region.hdr","2-mosaic.fits"],"inputs":[{"name":"region.hdr","_id":20,"data":[{}],"sigIdx":1},{"name":"c2mass-atlas-980914s-h0820044.fits","_id":36,"source":16,"firingId":1,"sigIdx":1},{"name":"c2mass-atlas-980914s-h0820044_area.fits","_id":37,"source":16,"firingId":1,"sigIdx":1},{"name":"c2mass-atlas-001021s-h0490233_area.fits","_id":38,"source":17,"firingId":1,"sigIdx":1},{"name":"c2mass-atlas-001021s-h0490233.fits","_id":39,"source":17,"firingId":1,"sigIdx":1},{"name":"2-updated-corrected.tbl","_id":41,"source":18,"firingId":1,"sigIdx":1}],"outputs":[{"name":"2-mosaic_area.fits"},{"name":"2-mosaic.fits"}],"redis_url":"redis://redis.default.svc.cluster.local:6379","taskId":"TGMfC62C8:1:19:1","name":"mAdd"}'
]
[2020-05-03T21:33:28.070] [INFO] hftrace - Job command: 'mAdd -e 2-updated-corrected.tbl region.hdr 2-mosaic.fits'
[2020-05-03T21:33:28.079] [INFO] hftrace - command: {"pid":19,"name":"mAdd","command":["mAdd","-e","2-updated-corrected.tbl","region.hdr","2-mosaic.fits"]}
[2020-05-03T21:33:28.080] [INFO] hftrace - IO: {"read":2032,"write":1,"readSyscalls":10,"writeSyscalls":1,"readReal":4096,"writeReal":0,"writeCancelled":0,"pid":19,"name":"mAdd"}
[2020-05-03T21:33:28.082] [INFO] hftrace - NetDev: pid: 19 [{"name":"eth0","rxBytes":6090,"rxPackets":18,"rxErrors":0,"rxDrop":0,"rxFifo":0,"rxFrame":0,"rxCompressed":0,"rxMulticast":0,"txBytes":1379,"txPackets":16,"txErrors":0,"txDrop":0,"txFifo":0,"txColls":0,"txCarrier":0,"txCompressed":0},{"name":"lo","rxBytes":0,"rxPackets":0,"rxErrors":0,"rxDrop":0,"rxFifo":0,"rxFrame":0,"rxCompressed":0,"rxMulticast":0,"txBytes":0,"txPackets":0,"txErrors":0,"txDrop":0,"txFifo":0,"txColls":0,"txCarrier":0,"txCompressed":0}]
[2020-05-03T21:33:28.091] [INFO] hftrace - job started: mAdd
[2020-05-03T21:33:28.127] [INFO] hftrace - Procusage: pid: 19 {"cpu":0,"memory":17993728,"ctime":40,"elapsed":40,"timestamp":1588541608127,"pid":19,"ppid":7}
[2020-05-03T21:33:28.128] [INFO] hftrace - Sysinfo: {"cpu":{"manufacturer":"Intel®","brand":"Xeon®","vendor":"","family":"","model":"","stepping":"","revision":"","voltage":"","speed":"2.00","speedmin":"","speedmax":"","governor":"","cores":4,"physicalCores":4,"processors":1,"socket":"","cache":{"l1d":"","l1i":"","l2":"","l3":""}},"mem":{"total":4140511232,"free":216735744,"used":3923775488,"active":1209552896,"available":2930958336,"buffers":206274560,"cached":2463809536,"slab":412663808,"buffcache":3082747904,"swaptotal":0,"swapused":0,"swapfree":0}}
[2020-05-03T21:33:28.257] [INFO] hftrace - job successful (try 1): mAdd
[2020-05-03T21:33:28.257] [INFO] hftrace - job exit code: 0
[2020-05-03T21:33:28.259] [INFO] hftrace - Job inputs: [
  { 'region.hdr': 269 },
  { 'c2mass-atlas-980914s-h0820044.fits': 4161600 },
  { 'c2mass-atlas-980914s-h0820044_area.fits': 4161600 },
  { 'c2mass-atlas-001021s-h0490233_area.fits': 4170240 },
  { 'c2mass-atlas-001021s-h0490233.fits': 4170240 },
  { '2-updated-corrected.tbl': 1764 }
]
[2020-05-03T21:33:28.259] [INFO] hftrace - Job outputs: [ { '2-mosaic_area.fits': 14400 }, { '2-mosaic.fits': 14400 } ]
[2020-05-03T21:33:28.260] [INFO] hftrace - handler exiting
