[2020-05-03T21:33:22.427] [INFO] hftrace - handler started
[2020-05-03T21:33:22.430] [ERROR] hftrace - nethogs execution error: Error: spawn nethogs-wrapper.py ENOENT
    at Process.ChildProcess._handle.onexit (internal/child_process.js:267:19)
    at onErrorNT (internal/child_process.js:469:16)
    at processTicksAndRejections (internal/process/task_queues.js:84:21) {
  errno: 'ENOENT',
  code: 'ENOENT',
  syscall: 'spawn nethogs-wrapper.py',
  path: 'nethogs-wrapper.py',
  spawnargs: []
}
[2020-05-03T21:33:22.447] [INFO] hftrace - jobMessage:  [
  'TGMfC62C8:1:17:1_msg',
  '{"executable":"mBackground","args":["-t","p2mass-atlas-001021s-h0490233.fits","c2mass-atlas-001021s-h0490233.fits","2-projected.tbl","2-corrections.tbl"],"inputs":[{"name":"p2mass-atlas-001021s-h0490233_area.fits","_id":28,"source":12,"firingId":1,"sigIdx":1},{"name":"p2mass-atlas-001021s-h0490233.fits","_id":29,"source":12,"firingId":1,"sigIdx":1},{"name":"2-corrections.tbl","_id":34,"source":15,"firingId":1,"sigIdx":1},{"name":"2-projected.tbl","_id":35,"data":[{}],"sigIdx":1}],"outputs":[{"name":"c2mass-atlas-001021s-h0490233_area.fits"},{"name":"c2mass-atlas-001021s-h0490233.fits"}],"redis_url":"redis://redis.default.svc.cluster.local:6379","taskId":"TGMfC62C8:1:17:1","name":"mBackground"}'
]
[2020-05-03T21:33:22.448] [INFO] hftrace - Job command: 'mBackground -t p2mass-atlas-001021s-h0490233.fits c2mass-atlas-001021s-h0490233.fits 2-projected.tbl 2-corrections.tbl'
[2020-05-03T21:33:22.466] [INFO] hftrace - command: {"pid":19,"name":"mBackground","command":["mBackground","-t","p2mass-atlas-001021s-h0490233.fits","c2mass-atlas-001021s-h0490233.fits","2-projected.tbl","2-corrections.tbl"]}
[2020-05-03T21:33:22.467] [INFO] hftrace - IO: {"read":1225,"write":1,"readSyscalls":5,"writeSyscalls":1,"readReal":0,"writeReal":0,"writeCancelled":0,"pid":19,"name":"mBackground"}
[2020-05-03T21:33:22.469] [INFO] hftrace - NetDev: pid: 19 [{"name":"lo","rxBytes":0,"rxPackets":0,"rxErrors":0,"rxDrop":0,"rxFifo":0,"rxFrame":0,"rxCompressed":0,"rxMulticast":0,"txBytes":0,"txPackets":0,"txErrors":0,"txDrop":0,"txFifo":0,"txColls":0,"txCarrier":0,"txCompressed":0},{"name":"eth0","rxBytes":6106,"rxPackets":19,"rxErrors":0,"rxDrop":0,"rxFifo":0,"rxFrame":0,"rxCompressed":0,"rxMulticast":0,"txBytes":1379,"txPackets":16,"txErrors":0,"txDrop":0,"txFifo":0,"txColls":0,"txCarrier":0,"txCompressed":0}]
[2020-05-03T21:33:22.477] [INFO] hftrace - job started: mBackground
[2020-05-03T21:33:22.496] [INFO] hftrace - Procusage: pid: 19 {"cpu":0,"memory":14581760,"ctime":30,"elapsed":50,"timestamp":1588541602496,"pid":19,"ppid":7}
[2020-05-03T21:33:22.508] [INFO] hftrace - Sysinfo: {"cpu":{"manufacturer":"Intel®","brand":"Xeon®","vendor":"","family":"","model":"","stepping":"","revision":"","voltage":"","speed":"2.00","speedmin":"","speedmax":"","governor":"","cores":4,"physicalCores":4,"processors":1,"socket":"","cache":{"l1d":"","l1i":"","l2":"","l3":""}},"mem":{"total":4140511232,"free":175177728,"used":3965333504,"active":1264910336,"available":2875600896,"buffers":205557760,"cached":2450472960,"slab":415793152,"buffcache":3071823872,"swaptotal":0,"swapused":0,"swapfree":0}}
[2020-05-03T21:33:22.879] [INFO] hftrace - job successful (try 1): mBackground
[2020-05-03T21:33:22.879] [INFO] hftrace - job exit code: 0
[2020-05-03T21:33:22.881] [INFO] hftrace - Job inputs: [
  { 'p2mass-atlas-001021s-h0490233_area.fits': 4170240 },
  { 'p2mass-atlas-001021s-h0490233.fits': 4170240 },
  { '2-corrections.tbl': 166 },
  { '2-projected.tbl': 658 }
]
[2020-05-03T21:33:22.882] [INFO] hftrace - Job outputs: [
  { 'c2mass-atlas-001021s-h0490233_area.fits': 4170240 },
  { 'c2mass-atlas-001021s-h0490233.fits': 4170240 }
]
[2020-05-03T21:33:22.882] [INFO] hftrace - handler exiting
