[2020-05-03T21:33:26.402] [INFO] hftrace - handler started
[2020-05-03T21:33:26.405] [ERROR] hftrace - nethogs execution error: Error: spawn nethogs-wrapper.py ENOENT
    at Process.ChildProcess._handle.onexit (internal/child_process.js:267:19)
    at onErrorNT (internal/child_process.js:469:16)
    at processTicksAndRejections (internal/process/task_queues.js:84:21) {
  errno: 'ENOENT',
  code: 'ENOENT',
  syscall: 'spawn nethogs-wrapper.py',
  path: 'nethogs-wrapper.py',
  spawnargs: []
}
[2020-05-03T21:33:26.422] [INFO] hftrace - jobMessage:  [
  'TGMfC62C8:1:3:1_msg',
  '{"executable":"mDiffFit","args":["-d","-s","1-fit.000001.000002.txt","p2mass-atlas-980914s-j0820044.fits","p2mass-atlas-001021s-j0490233.fits","1-diff.000001.000002.fits","region-oversized.hdr"],"inputs":[{"name":"region-oversized.hdr","_id":2,"data":[{}],"sigIdx":1},{"name":"p2mass-atlas-980914s-j0820044.fits","_id":3,"source":1,"firingId":1,"sigIdx":1},{"name":"p2mass-atlas-980914s-j0820044_area.fits","_id":4,"source":1,"firingId":1,"sigIdx":1},{"name":"p2mass-atlas-001021s-j0490233.fits","_id":6,"source":2,"firingId":1,"sigIdx":1},{"name":"p2mass-atlas-001021s-j0490233_area.fits","_id":7,"source":2,"firingId":1,"sigIdx":1}],"outputs":[{"name":"1-fit.000001.000002.txt"}],"redis_url":"redis://redis.default.svc.cluster.local:6379","taskId":"TGMfC62C8:1:3:1","name":"mDiffFit"}'
]
[2020-05-03T21:33:26.423] [INFO] hftrace - Job command: 'mDiffFit -d -s 1-fit.000001.000002.txt p2mass-atlas-980914s-j0820044.fits p2mass-atlas-001021s-j0490233.fits 1-diff.000001.000002.fits region-oversized.hdr'
[2020-05-03T21:33:26.431] [INFO] hftrace - command: {"pid":19,"name":"mDiffFit","command":["mDiffFit","-d","-s","1-fit.000001.000002.txt","p2mass-atlas-980914s-j0820044.fits","p2mass-atlas-001021s-j0490233.fits","1-diff.000001.000002.fits","region-oversized.hdr"]}
[2020-05-03T21:33:26.433] [INFO] hftrace - IO: {"read":1225,"write":1097,"readSyscalls":5,"writeSyscalls":15,"readReal":0,"writeReal":0,"writeCancelled":0,"pid":19,"name":"mDiffFit"}
[2020-05-03T21:33:26.434] [INFO] hftrace - NetDev: pid: 19 [{"name":"eth0","rxBytes":6014,"rxPackets":16,"rxErrors":0,"rxDrop":0,"rxFifo":0,"rxFrame":0,"rxCompressed":0,"rxMulticast":0,"txBytes":1378,"txPackets":16,"txErrors":0,"txDrop":0,"txFifo":0,"txColls":0,"txCarrier":0,"txCompressed":0},{"name":"lo","rxBytes":0,"rxPackets":0,"rxErrors":0,"rxDrop":0,"rxFifo":0,"rxFrame":0,"rxCompressed":0,"rxMulticast":0,"txBytes":0,"txPackets":0,"txErrors":0,"txDrop":0,"txFifo":0,"txColls":0,"txCarrier":0,"txCompressed":0}]
[2020-05-03T21:33:26.443] [INFO] hftrace - job started: mDiffFit
[2020-05-03T21:33:26.468] [INFO] hftrace - command: {"pid":20,"name":"mDiffFit","command":["mDiff","p2mass-atlas-980914s-j0820044.fits","p2mass-atlas-001021s-j0490233.fits","1-diff.000001.000002.fits","region-oversized.hdr"]}
[2020-05-03T21:33:26.469] [INFO] hftrace - IO: {"read":4449821,"write":0,"readSyscalls":1558,"writeSyscalls":0,"readReal":8339456,"writeReal":0,"writeCancelled":0,"pid":20,"name":"mDiffFit"}
[2020-05-03T21:33:26.469] [INFO] hftrace - NetDev: pid: 20 [{"name":"eth0","rxBytes":6014,"rxPackets":16,"rxErrors":0,"rxDrop":0,"rxFifo":0,"rxFrame":0,"rxCompressed":0,"rxMulticast":0,"txBytes":1444,"txPackets":17,"txErrors":0,"txDrop":0,"txFifo":0,"txColls":0,"txCarrier":0,"txCompressed":0},{"name":"lo","rxBytes":0,"rxPackets":0,"rxErrors":0,"rxDrop":0,"rxFifo":0,"rxFrame":0,"rxCompressed":0,"rxMulticast":0,"txBytes":0,"txPackets":0,"txErrors":0,"txDrop":0,"txFifo":0,"txColls":0,"txCarrier":0,"txCompressed":0}]
[2020-05-03T21:33:26.492] [INFO] hftrace - Procusage: pid: 19 {"cpu":0,"memory":4096,"ctime":0,"elapsed":60,"timestamp":1588541606492,"pid":19,"ppid":7}
[2020-05-03T21:33:26.493] [INFO] hftrace - Procusage: pid: 20 {"cpu":0,"memory":8257536,"ctime":40,"elapsed":50,"timestamp":1588541606493,"pid":20,"ppid":19}
[2020-05-03T21:33:26.496] [INFO] hftrace - Sysinfo: {"cpu":{"manufacturer":"Intel®","brand":"Xeon®","vendor":"","family":"","model":"","stepping":"","revision":"","voltage":"","speed":"2.00","speedmin":"","speedmax":"","governor":"","cores":4,"physicalCores":4,"processors":1,"socket":"","cache":{"l1d":"","l1i":"","l2":"","l3":""}},"mem":{"total":4140511232,"free":235339776,"used":3905171456,"active":1201143808,"available":2939367424,"buffers":206024704,"cached":2454683648,"slab":412745728,"buffcache":3073454080,"swaptotal":0,"swapused":0,"swapfree":0}}
[2020-05-03T21:33:26.951] [INFO] hftrace - job successful (try 1): mDiffFit
[2020-05-03T21:33:26.951] [INFO] hftrace - job exit code: 0
[2020-05-03T21:33:26.954] [INFO] hftrace - Job inputs: [
  { 'region-oversized.hdr': 277 },
  { 'p2mass-atlas-980914s-j0820044.fits': 4152960 },
  { 'p2mass-atlas-980914s-j0820044_area.fits': 4152960 },
  { 'p2mass-atlas-001021s-j0490233.fits': 4152960 },
  { 'p2mass-atlas-001021s-j0490233_area.fits': 4152960 }
]
[2020-05-03T21:33:26.954] [INFO] hftrace - Job outputs: [ { '1-fit.000001.000002.txt': 269 } ]
[2020-05-03T21:33:26.954] [INFO] hftrace - handler exiting
