[2020-05-03T21:33:41.303] [INFO] hftrace - handler started
[2020-05-03T21:33:41.306] [ERROR] hftrace - nethogs execution error: Error: spawn nethogs-wrapper.py ENOENT
    at Process.ChildProcess._handle.onexit (internal/child_process.js:267:19)
    at onErrorNT (internal/child_process.js:469:16)
    at processTicksAndRejections (internal/process/task_queues.js:84:21) {
  errno: 'ENOENT',
  code: 'ENOENT',
  syscall: 'spawn nethogs-wrapper.py',
  path: 'nethogs-wrapper.py',
  spawnargs: []
}
[2020-05-03T21:33:41.317] [INFO] hftrace - jobMessage:  [
  'TGMfC62C8:1:31:1_msg',
  '{"executable":"mViewer","args":["-red","1-mosaic.fits","-1s","99.999%","gaussian-log","-green","2-mosaic.fits","-1s","99.999%","gaussian-log","-blue","3-mosaic.fits","-1s","99.999%","gaussian-log","-out","mosaic-color.jpg"],"inputs":[{"name":"1-mosaic.fits","_id":21,"source":9,"firingId":1,"sigIdx":1},{"name":"2-mosaic.fits","_id":43,"source":19,"firingId":1,"sigIdx":1},{"name":"3-mosaic.fits","_id":63,"source":29,"firingId":1,"sigIdx":1}],"outputs":[{"name":"mosaic-color.jpg"}],"redis_url":"redis://redis.default.svc.cluster.local:6379","taskId":"TGMfC62C8:1:31:1","name":"mViewer"}'
]
[2020-05-03T21:33:41.318] [INFO] hftrace - Job command: 'mViewer -red 1-mosaic.fits -1s 99.999% gaussian-log -green 2-mosaic.fits -1s 99.999% gaussian-log -blue 3-mosaic.fits -1s 99.999% gaussian-log -out mosaic-color.jpg'
[2020-05-03T21:33:41.329] [INFO] hftrace - command: {"pid":19,"name":"mViewer","command":["mViewer","-red","1-mosaic.fits","-1s","99.999%","gaussian-log","-green","2-mosaic.fits","-1s","99.999%","gaussian-log","-blue","3-mosaic.fits","-1s","99.999%","gaussian-log","-out","mosaic-color.jpg"]}
[2020-05-03T21:33:41.330] [INFO] hftrace - IO: {"read":19849,"write":1,"readSyscalls":15,"writeSyscalls":1,"readReal":16384,"writeReal":0,"writeCancelled":0,"pid":19,"name":"mViewer"}
[2020-05-03T21:33:41.332] [INFO] hftrace - NetDev: pid: 19 [{"name":"lo","rxBytes":0,"rxPackets":0,"rxErrors":0,"rxDrop":0,"rxFifo":0,"rxFrame":0,"rxCompressed":0,"rxMulticast":0,"txBytes":0,"txPackets":0,"txErrors":0,"txDrop":0,"txFifo":0,"txColls":0,"txCarrier":0,"txCompressed":0},{"name":"eth0","rxBytes":5951,"rxPackets":17,"rxErrors":0,"rxDrop":0,"rxFifo":0,"rxFrame":0,"rxCompressed":0,"rxMulticast":0,"txBytes":1379,"txPackets":16,"txErrors":0,"txDrop":0,"txFifo":0,"txColls":0,"txCarrier":0,"txCompressed":0}]
[2020-05-03T21:33:41.338] [INFO] hftrace - job started: mViewer
[2020-05-03T21:33:41.362] [INFO] hftrace - Procusage: pid: 19 {"cpu":0,"memory":7041024,"ctime":30,"elapsed":30,"timestamp":1588541621362,"pid":19,"ppid":7}
[2020-05-03T21:33:41.363] [INFO] hftrace - Sysinfo: {"cpu":{"manufacturer":"Intel®","brand":"Xeon®","vendor":"","family":"","model":"","stepping":"","revision":"","voltage":"","speed":"2.00","speedmin":"","speedmax":"","governor":"","cores":4,"physicalCores":4,"processors":1,"socket":"","cache":{"l1d":"","l1i":"","l2":"","l3":""}},"mem":{"total":4140511232,"free":252317696,"used":3888193536,"active":1193979904,"available":2946531328,"buffers":207953920,"cached":2441625600,"slab":413790208,"buffcache":3063369728,"swaptotal":0,"swapused":0,"swapfree":0}}
[2020-05-03T21:33:41.694] [INFO] hftrace - job successful (try 1): mViewer
[2020-05-03T21:33:41.694] [INFO] hftrace - job exit code: 0
[2020-05-03T21:33:41.696] [INFO] hftrace - Job inputs: [
  { '1-mosaic.fits': 14400 },
  { '2-mosaic.fits': 14400 },
  { '3-mosaic.fits': 14400 }
]
[2020-05-03T21:33:41.696] [INFO] hftrace - Job outputs: [ { 'mosaic-color.jpg': 3509 } ]
[2020-05-03T21:33:41.697] [INFO] hftrace - handler exiting
