[2020-05-13T09:55:34.765] [INFO] hftrace - Environment variables (HF_LOG): {"podIp":"10.40.1.40","nodeName":"gke-cluster-x-default-pool-917ea268-8629","podName":"jobgybmh8-mdifffit-17-1-p8qf6","podServiceAccount":"default","podNamespace":"default"}
[2020-05-13T09:55:34.777] [INFO] hftrace - handler started
[2020-05-13T09:55:34.799] [INFO] hftrace - jobMessage:  [
  'j6Bb_ZBMN:1:17:1_msg',
  '{"executable":"mDiffFit","args":["-s","fit.000003.000005.txt","p2mass-atlas-001124n-j0880032.fits","p2mass-atlas-001124n-j0870232.fits","diff.000003.000005.fits","big_region_20180402_165339_22325.hdr"],"inputs":[{"name":"big_region_20180402_165339_22325.hdr","_id":4,"data":[{}],"sigIdx":1},{"name":"p2mass-atlas-001124n-j0880032.fits","_id":9,"source":3,"firingId":1,"sigIdx":1},{"name":"p2mass-atlas-001124n-j0880032_area.fits","_id":10,"source":3,"firingId":1,"sigIdx":1},{"name":"p2mass-atlas-001124n-j0870232.fits","_id":15,"source":5,"firingId":1,"sigIdx":1},{"name":"p2mass-atlas-001124n-j0870232_area.fits","_id":16,"source":5,"firingId":1,"sigIdx":1},{"name":"mDiff","_id":32,"data":[{}],"sigIdx":1},{"name":"mFitplane","_id":33,"data":[{}],"sigIdx":1}],"outputs":[{"name":"fit.000003.000005.txt"},{"name":"diff.000003.000005.fits"}],"redis_url":"redis://redis.default.svc.cluster.local:6379","taskId":"j6Bb_ZBMN:1:17:1","name":"mDiffFit"}'
]
[2020-05-13T09:55:34.801] [INFO] hftrace - Job command: 'mDiffFit -s fit.000003.000005.txt p2mass-atlas-001124n-j0880032.fits p2mass-atlas-001124n-j0870232.fits diff.000003.000005.fits big_region_20180402_165339_22325.hdr'
[2020-05-13T09:55:34.813] [INFO] hftrace - command: {"pid":23,"name":"mDiffFit","command":["mDiffFit","-s","fit.000003.000005.txt","p2mass-atlas-001124n-j0880032.fits","p2mass-atlas-001124n-j0870232.fits","diff.000003.000005.fits","big_region_20180402_165339_22325.hdr"]}
[2020-05-13T09:55:34.815] [INFO] hftrace - IO: {"read":1225,"write":1,"readSyscalls":5,"writeSyscalls":1,"readReal":0,"writeReal":0,"writeCancelled":0,"pid":23,"name":"mDiffFit"}
[2020-05-13T09:55:34.817] [INFO] hftrace - NetDev: pid: 23 [{"name":"eth0","rxBytes":6095,"rxPackets":14,"rxErrors":0,"rxDrop":0,"rxFifo":0,"rxFrame":0,"rxCompressed":0,"rxMulticast":0,"txBytes":1337,"txPackets":15,"txErrors":0,"txDrop":0,"txFifo":0,"txColls":0,"txCarrier":0,"txCompressed":0},{"name":"lo","rxBytes":0,"rxPackets":0,"rxErrors":0,"rxDrop":0,"rxFifo":0,"rxFrame":0,"rxCompressed":0,"rxMulticast":0,"txBytes":0,"txPackets":0,"txErrors":0,"txDrop":0,"txFifo":0,"txColls":0,"txCarrier":0,"txCompressed":0}]
[2020-05-13T09:55:34.827] [INFO] hftrace - job started: mDiffFit
[2020-05-13T09:55:34.857] [INFO] hftrace - command: {"pid":25,"name":"mDiffFit","command":["mDiff","p2mass-atlas-001124n-j0880032.fits","p2mass-atlas-001124n-j0870232.fits","diff.000003.000005.fits","big_region_20180402_165339_22325.hdr"]}
[2020-05-13T09:55:34.857] [INFO] hftrace - IO: {"read":7901137,"write":0,"readSyscalls":2757,"writeSyscalls":0,"readReal":0,"writeReal":0,"writeCancelled":0,"pid":25,"name":"mDiffFit"}
[2020-05-13T09:55:34.858] [INFO] hftrace - NetDev: pid: 25 [{"name":"eth0","rxBytes":6095,"rxPackets":14,"rxErrors":0,"rxDrop":0,"rxFifo":0,"rxFrame":0,"rxCompressed":0,"rxMulticast":0,"txBytes":1403,"txPackets":16,"txErrors":0,"txDrop":0,"txFifo":0,"txColls":0,"txCarrier":0,"txCompressed":0},{"name":"lo","rxBytes":0,"rxPackets":0,"rxErrors":0,"rxDrop":0,"rxFifo":0,"rxFrame":0,"rxCompressed":0,"rxMulticast":0,"txBytes":0,"txPackets":0,"txErrors":0,"txDrop":0,"txFifo":0,"txColls":0,"txCarrier":0,"txCompressed":0}]
[2020-05-13T09:55:34.893] [INFO] hftrace - Procusage: pid: 23 {"cpu":0,"memory":475136,"ctime":0,"elapsed":90,"timestamp":1589363734893,"pid":23,"ppid":11}
[2020-05-13T09:55:34.894] [INFO] hftrace - Procusage: pid: 25 {"cpu":0,"memory":2043904,"ctime":30,"elapsed":70,"timestamp":1589363734894,"pid":25,"ppid":23}
[2020-05-13T09:55:34.895] [INFO] hftrace - Sysinfo: {"cpu":{"manufacturer":"Intel®","brand":"Xeon®","vendor":"GenuineIntel","family":"6","model":"85","stepping":"3","revision":"","voltage":"","speed":"2.00","speedmin":"","speedmax":"","governor":"","cores":2,"physicalCores":1,"processors":1,"socket":"","cache":{"l1d":32768,"l1i":32768,"l2":1048576,"l3":40370176}},"mem":{"total":2092941312,"free":195227648,"used":1897713664,"active":891035648,"available":1201905664,"buffers":74596352,"cached":986320896,"slab":192831488,"buffcache":1253748736,"swaptotal":0,"swapused":0,"swapfree":0}}
[2020-05-13T09:55:34.928] [INFO] hftrace - job successful (try 1): mDiffFit
[2020-05-13T09:55:34.928] [INFO] hftrace - job exit code: 0
[2020-05-13T09:55:34.931] [INFO] hftrace - Job inputs: [{"big_region_20180402_165339_22325.hdr":306},{"p2mass-atlas-001124n-j0880032.fits":4129920},{"p2mass-atlas-001124n-j0880032_area.fits":4129920},{"p2mass-atlas-001124n-j0870232.fits":4121280},{"p2mass-atlas-001124n-j0870232_area.fits":4121280},{"mDiff":-1},{"mFitplane":-1}]
[2020-05-13T09:55:34.931] [INFO] hftrace - Job outputs: [{"fit.000003.000005.txt":246},{"diff.000003.000005.fits":155520}]
[2020-05-13T09:55:34.931] [INFO] hftrace - handler exiting
