[2020-05-03T21:33:34.462] [INFO] hftrace - handler started
[2020-05-03T21:33:34.464] [ERROR] hftrace - nethogs execution error: Error: spawn nethogs-wrapper.py ENOENT
    at Process.ChildProcess._handle.onexit (internal/child_process.js:267:19)
    at onErrorNT (internal/child_process.js:469:16)
    at processTicksAndRejections (internal/process/task_queues.js:84:21) {
  errno: 'ENOENT',
  code: 'ENOENT',
  syscall: 'spawn nethogs-wrapper.py',
  path: 'nethogs-wrapper.py',
  spawnargs: []
}
[2020-05-03T21:33:34.474] [INFO] hftrace - jobMessage:  [
  'TGMfC62C8:1:7:1_msg',
  '{"executable":"mBackground","args":["-t","p2mass-atlas-001021s-j0490233.fits","c2mass-atlas-001021s-j0490233.fits","1-projected.tbl","1-corrections.tbl"],"inputs":[{"name":"p2mass-atlas-001021s-j0490233.fits","_id":6,"source":2,"firingId":1,"sigIdx":1},{"name":"p2mass-atlas-001021s-j0490233_area.fits","_id":7,"source":2,"firingId":1,"sigIdx":1},{"name":"1-corrections.tbl","_id":12,"source":5,"firingId":1,"sigIdx":1},{"name":"1-projected.tbl","_id":13,"data":[{}],"sigIdx":1}],"outputs":[{"name":"c2mass-atlas-001021s-j0490233.fits"},{"name":"c2mass-atlas-001021s-j0490233_area.fits"}],"redis_url":"redis://redis.default.svc.cluster.local:6379","taskId":"TGMfC62C8:1:7:1","name":"mBackground"}'
]
[2020-05-03T21:33:34.478] [INFO] hftrace - Job command: 'mBackground -t p2mass-atlas-001021s-j0490233.fits c2mass-atlas-001021s-j0490233.fits 1-projected.tbl 1-corrections.tbl'
[2020-05-03T21:33:34.485] [INFO] hftrace - command: {"pid":18,"name":"mBackground","command":["mBackground","-t","p2mass-atlas-001021s-j0490233.fits","c2mass-atlas-001021s-j0490233.fits","1-projected.tbl","1-corrections.tbl"]}
[2020-05-03T21:33:34.486] [INFO] hftrace - IO: {"read":1225,"write":1,"readSyscalls":5,"writeSyscalls":1,"readReal":0,"writeReal":0,"writeCancelled":0,"pid":18,"name":"mBackground"}
[2020-05-03T21:33:34.488] [INFO] hftrace - NetDev: pid: 18 [{"name":"eth0","rxBytes":6053,"rxPackets":18,"rxErrors":0,"rxDrop":0,"rxFifo":0,"rxFrame":0,"rxCompressed":0,"rxMulticast":0,"txBytes":1378,"txPackets":16,"txErrors":0,"txDrop":0,"txFifo":0,"txColls":0,"txCarrier":0,"txCompressed":0},{"name":"lo","rxBytes":0,"rxPackets":0,"rxErrors":0,"rxDrop":0,"rxFifo":0,"rxFrame":0,"rxCompressed":0,"rxMulticast":0,"txBytes":0,"txPackets":0,"txErrors":0,"txDrop":0,"txFifo":0,"txColls":0,"txCarrier":0,"txCompressed":0}]
[2020-05-03T21:33:34.494] [INFO] hftrace - job started: mBackground
[2020-05-03T21:33:34.517] [INFO] hftrace - Procusage: pid: 18 {"cpu":0,"memory":17252352,"ctime":20,"elapsed":30,"timestamp":1588541614517,"pid":18,"ppid":6}
[2020-05-03T21:33:34.518] [INFO] hftrace - Sysinfo: {"cpu":{"manufacturer":"Intel®","brand":"Xeon®","vendor":"","family":"","model":"","stepping":"","revision":"","voltage":"","speed":"2.00","speedmin":"","speedmax":"","governor":"","cores":4,"physicalCores":4,"processors":1,"socket":"","cache":{"l1d":"","l1i":"","l2":"","l3":""}},"mem":{"total":4140511232,"free":248295424,"used":3892215808,"active":1205035008,"available":2935476224,"buffers":207224832,"cached":2436366336,"slab":412798976,"buffcache":3056390144,"swaptotal":0,"swapused":0,"swapfree":0}}
[2020-05-03T21:33:34.853] [INFO] hftrace - job successful (try 1): mBackground
[2020-05-03T21:33:34.853] [INFO] hftrace - job exit code: 0
[2020-05-03T21:33:34.856] [INFO] hftrace - Job inputs: [
  { 'p2mass-atlas-001021s-j0490233.fits': 4152960 },
  { 'p2mass-atlas-001021s-j0490233_area.fits': 4152960 },
  { '1-corrections.tbl': 166 },
  { '1-projected.tbl': 658 }
]
[2020-05-03T21:33:34.856] [INFO] hftrace - Job outputs: [
  { 'c2mass-atlas-001021s-j0490233.fits': 4152960 },
  { 'c2mass-atlas-001021s-j0490233_area.fits': 4152960 }
]
[2020-05-03T21:33:34.857] [INFO] hftrace - handler exiting
