[2020-05-03T21:33:37.151] [INFO] hftrace - handler started
[2020-05-03T21:33:37.154] [ERROR] hftrace - nethogs execution error: Error: spawn nethogs-wrapper.py ENOENT
    at Process.ChildProcess._handle.onexit (internal/child_process.js:267:19)
    at onErrorNT (internal/child_process.js:469:16)
    at processTicksAndRejections (internal/process/task_queues.js:84:21) {
  errno: 'ENOENT',
  code: 'ENOENT',
  syscall: 'spawn nethogs-wrapper.py',
  path: 'nethogs-wrapper.py',
  spawnargs: []
}
[2020-05-03T21:33:37.164] [INFO] hftrace - jobMessage:  [
  'TGMfC62C8:1:8:1_msg',
  '{"executable":"mImgtbl","args":["-t","1-corrected.tbl",".","1-updated-corrected.tbl"],"inputs":[{"name":"c2mass-atlas-980914s-j0820044.fits","_id":15,"source":6,"firingId":1,"sigIdx":1},{"name":"c2mass-atlas-001021s-j0490233.fits","_id":16,"source":7,"firingId":1,"sigIdx":1},{"name":"1-corrected.tbl","_id":18,"data":[{}],"sigIdx":1}],"outputs":[{"name":"1-updated-corrected.tbl"}],"redis_url":"redis://redis.default.svc.cluster.local:6379","taskId":"TGMfC62C8:1:8:1","name":"mImgtbl"}'
]
[2020-05-03T21:33:37.168] [INFO] hftrace - Job command: 'mImgtbl -t 1-corrected.tbl . 1-updated-corrected.tbl'
[2020-05-03T21:33:37.176] [INFO] hftrace - command: {"pid":19,"name":"mImgtbl","command":["mImgtbl","-t","1-corrected.tbl",".","1-updated-corrected.tbl"]}
[2020-05-03T21:33:37.177] [INFO] hftrace - IO: {"read":1225,"write":1,"readSyscalls":5,"writeSyscalls":1,"readReal":0,"writeReal":0,"writeCancelled":0,"pid":19,"name":"mImgtbl"}
[2020-05-03T21:33:37.179] [INFO] hftrace - NetDev: pid: 19 [{"name":"eth0","rxBytes":5844,"rxPackets":18,"rxErrors":0,"rxDrop":0,"rxFifo":0,"rxFrame":0,"rxCompressed":0,"rxMulticast":0,"txBytes":1378,"txPackets":16,"txErrors":0,"txDrop":0,"txFifo":0,"txColls":0,"txCarrier":0,"txCompressed":0},{"name":"lo","rxBytes":0,"rxPackets":0,"rxErrors":0,"rxDrop":0,"rxFifo":0,"rxFrame":0,"rxCompressed":0,"rxMulticast":0,"txBytes":0,"txPackets":0,"txErrors":0,"txDrop":0,"txFifo":0,"txColls":0,"txCarrier":0,"txCompressed":0}]
[2020-05-03T21:33:37.187] [INFO] hftrace - job started: mImgtbl
[2020-05-03T21:33:37.213] [INFO] hftrace - Procusage: pid: 19 {"cpu":0,"memory":16359424,"ctime":30,"elapsed":40,"timestamp":1588541617212,"pid":19,"ppid":7}
[2020-05-03T21:33:37.213] [INFO] hftrace - Sysinfo: {"cpu":{"manufacturer":"Intel®","brand":"Xeon®","vendor":"","family":"","model":"","stepping":"","revision":"","voltage":"","speed":"2.00","speedmin":"","speedmax":"","governor":"","cores":4,"physicalCores":4,"processors":1,"socket":"","cache":{"l1d":"","l1i":"","l2":"","l3":""}},"mem":{"total":4140511232,"free":242024448,"used":3898486784,"active":1202216960,"available":2938294272,"buffers":207482880,"cached":2444857344,"slab":413175808,"buffcache":3065516032,"swaptotal":0,"swapused":0,"swapfree":0}}
[2020-05-03T21:33:37.350] [INFO] hftrace - job successful (try 1): mImgtbl
[2020-05-03T21:33:37.350] [INFO] hftrace - job exit code: 0
[2020-05-03T21:33:37.351] [INFO] hftrace - Job inputs: [
  { 'c2mass-atlas-980914s-j0820044.fits': 4152960 },
  { 'c2mass-atlas-001021s-j0490233.fits': 4152960 },
  { '1-corrected.tbl': 658 }
]
[2020-05-03T21:33:37.352] [INFO] hftrace - Job outputs: [ { '1-updated-corrected.tbl': 1764 } ]
[2020-05-03T21:33:37.352] [INFO] hftrace - handler exiting
