[2020-05-03T21:33:17.292] [INFO] hftrace - handler started
[2020-05-03T21:33:17.296] [ERROR] hftrace - nethogs execution error: Error: spawn nethogs-wrapper.py ENOENT
    at Process.ChildProcess._handle.onexit (internal/child_process.js:267:19)
    at onErrorNT (internal/child_process.js:469:16)
    at processTicksAndRejections (internal/process/task_queues.js:84:21) {
  errno: 'ENOENT',
  code: 'ENOENT',
  syscall: 'spawn nethogs-wrapper.py',
  path: 'nethogs-wrapper.py',
  spawnargs: []
}
[2020-05-03T21:33:17.331] [INFO] hftrace - jobMessage:  [
  'TGMfC62C8:1:13:1_msg',
  '{"executable":"mDiffFit","args":["-d","-s","2-fit.000001.000002.txt","p2mass-atlas-980914s-h0820044.fits","p2mass-atlas-001021s-h0490233.fits","2-diff.000001.000002.fits","region-oversized.hdr"],"inputs":[{"name":"region-oversized.hdr","_id":2,"data":[{}],"sigIdx":1},{"name":"p2mass-atlas-980914s-h0820044_area.fits","_id":25,"source":11,"firingId":1,"sigIdx":1},{"name":"p2mass-atlas-980914s-h0820044.fits","_id":26,"source":11,"firingId":1,"sigIdx":1},{"name":"p2mass-atlas-001021s-h0490233_area.fits","_id":28,"source":12,"firingId":1,"sigIdx":1},{"name":"p2mass-atlas-001021s-h0490233.fits","_id":29,"source":12,"firingId":1,"sigIdx":1}],"outputs":[{"name":"2-fit.000001.000002.txt"}],"redis_url":"redis://redis.default.svc.cluster.local:6379","taskId":"TGMfC62C8:1:13:1","name":"mDiffFit"}'
]
[2020-05-03T21:33:17.332] [INFO] hftrace - Job command: 'mDiffFit -d -s 2-fit.000001.000002.txt p2mass-atlas-980914s-h0820044.fits p2mass-atlas-001021s-h0490233.fits 2-diff.000001.000002.fits region-oversized.hdr'
[2020-05-03T21:33:17.341] [INFO] hftrace - command: {"pid":19,"name":"mDiffFit","command":["mDiffFit","-d","-s","2-fit.000001.000002.txt","p2mass-atlas-980914s-h0820044.fits","p2mass-atlas-001021s-h0490233.fits","2-diff.000001.000002.fits","region-oversized.hdr"]}
[2020-05-03T21:33:17.342] [INFO] hftrace - IO: {"read":1225,"write":1097,"readSyscalls":5,"writeSyscalls":15,"readReal":0,"writeReal":0,"writeCancelled":0,"pid":19,"name":"mDiffFit"}
[2020-05-03T21:33:17.343] [INFO] hftrace - NetDev: pid: 19 [{"name":"lo","rxBytes":0,"rxPackets":0,"rxErrors":0,"rxDrop":0,"rxFifo":0,"rxFrame":0,"rxCompressed":0,"rxMulticast":0,"txBytes":0,"txPackets":0,"txErrors":0,"txDrop":0,"txFifo":0,"txColls":0,"txCarrier":0,"txCompressed":0},{"name":"eth0","rxBytes":5981,"rxPackets":15,"rxErrors":0,"rxDrop":0,"rxFifo":0,"rxFrame":0,"rxCompressed":0,"rxMulticast":0,"txBytes":1379,"txPackets":16,"txErrors":0,"txDrop":0,"txFifo":0,"txColls":0,"txCarrier":0,"txCompressed":0}]
[2020-05-03T21:33:17.351] [INFO] hftrace - job started: mDiffFit
[2020-05-03T21:33:17.368] [INFO] hftrace - command: {"pid":20,"name":"mDiffFit","command":["mDiff","p2mass-atlas-980914s-h0820044.fits","p2mass-atlas-001021s-h0490233.fits","2-diff.000001.000002.fits","region-oversized.hdr"]}
[2020-05-03T21:33:17.368] [INFO] hftrace - IO: {"read":3182621,"write":0,"readSyscalls":1118,"writeSyscalls":0,"readReal":16384,"writeReal":0,"writeCancelled":0,"pid":20,"name":"mDiffFit"}
[2020-05-03T21:33:17.369] [INFO] hftrace - NetDev: pid: 20 [{"name":"lo","rxBytes":0,"rxPackets":0,"rxErrors":0,"rxDrop":0,"rxFifo":0,"rxFrame":0,"rxCompressed":0,"rxMulticast":0,"txBytes":0,"txPackets":0,"txErrors":0,"txDrop":0,"txFifo":0,"txColls":0,"txCarrier":0,"txCompressed":0},{"name":"eth0","rxBytes":5981,"rxPackets":15,"rxErrors":0,"rxDrop":0,"rxFifo":0,"rxFrame":0,"rxCompressed":0,"rxMulticast":0,"txBytes":1379,"txPackets":16,"txErrors":0,"txDrop":0,"txFifo":0,"txColls":0,"txCarrier":0,"txCompressed":0}]
[2020-05-03T21:33:17.392] [INFO] hftrace - Procusage: pid: 19 {"cpu":0,"memory":4096,"ctime":0,"elapsed":50,"timestamp":1588541597392,"pid":19,"ppid":7}
[2020-05-03T21:33:17.392] [INFO] hftrace - Procusage: pid: 20 {"cpu":0,"memory":8273920,"ctime":40,"elapsed":50,"timestamp":1588541597392,"pid":20,"ppid":19}
[2020-05-03T21:33:17.398] [INFO] hftrace - Sysinfo: {"cpu":{"manufacturer":"Intel®","brand":"Xeon®","vendor":"","family":"","model":"","stepping":"","revision":"","voltage":"","speed":"2.00","speedmin":"","speedmax":"","governor":"","cores":4,"physicalCores":4,"processors":1,"socket":"","cache":{"l1d":"","l1i":"","l2":"","l3":""}},"mem":{"total":4140511232,"free":178483200,"used":3962028032,"active":1195237376,"available":2945273856,"buffers":205877248,"cached":2515914752,"slab":414044160,"buffcache":3135836160,"swaptotal":0,"swapused":0,"swapfree":0}}
[2020-05-03T21:33:17.889] [INFO] hftrace - job successful (try 1): mDiffFit
[2020-05-03T21:33:17.890] [INFO] hftrace - job exit code: 0
[2020-05-03T21:33:17.891] [INFO] hftrace - Job inputs: [
  { 'region-oversized.hdr': 277 },
  { 'p2mass-atlas-980914s-h0820044_area.fits': 4161600 },
  { 'p2mass-atlas-980914s-h0820044.fits': 4161600 },
  { 'p2mass-atlas-001021s-h0490233_area.fits': 4170240 },
  { 'p2mass-atlas-001021s-h0490233.fits': 4170240 }
]
[2020-05-03T21:33:17.892] [INFO] hftrace - Job outputs: [ { '2-fit.000001.000002.txt': 268 } ]
[2020-05-03T21:33:17.892] [INFO] hftrace - handler exiting
