[2020-05-03T21:33:38.669] [INFO] hftrace - handler started
[2020-05-03T21:33:38.672] [ERROR] hftrace - nethogs execution error: Error: spawn nethogs-wrapper.py ENOENT
    at Process.ChildProcess._handle.onexit (internal/child_process.js:267:19)
    at onErrorNT (internal/child_process.js:469:16)
    at processTicksAndRejections (internal/process/task_queues.js:84:21) {
  errno: 'ENOENT',
  code: 'ENOENT',
  syscall: 'spawn nethogs-wrapper.py',
  path: 'nethogs-wrapper.py',
  spawnargs: []
}
[2020-05-03T21:33:38.682] [INFO] hftrace - jobMessage:  [
  'TGMfC62C8:1:30:1_msg',
  '{"executable":"mViewer","args":["-ct","0","-gray","3-mosaic.fits","0s","99.999%","gaussian","-out","3-mosaic.jpg"],"inputs":[{"name":"3-mosaic.fits","_id":63,"source":29,"firingId":1,"sigIdx":1}],"outputs":[{"name":"3-mosaic.jpg"}],"redis_url":"redis://redis.default.svc.cluster.local:6379","taskId":"TGMfC62C8:1:30:1","name":"mViewer"}'
]
[2020-05-03T21:33:38.683] [INFO] hftrace - Job command: 'mViewer -ct 0 -gray 3-mosaic.fits 0s 99.999% gaussian -out 3-mosaic.jpg'
[2020-05-03T21:33:38.691] [INFO] hftrace - command: {"pid":18,"name":"mViewer","command":["mViewer","-ct","0","-gray","3-mosaic.fits","0s","99.999%","gaussian","-out","3-mosaic.jpg"]}
[2020-05-03T21:33:38.692] [INFO] hftrace - IO: {"read":9993,"write":1,"readSyscalls":11,"writeSyscalls":1,"readReal":16384,"writeReal":0,"writeCancelled":0,"pid":18,"name":"mViewer"}
[2020-05-03T21:33:38.697] [INFO] hftrace - NetDev: pid: 18 [{"name":"eth0","rxBytes":5566,"rxPackets":16,"rxErrors":0,"rxDrop":0,"rxFifo":0,"rxFrame":0,"rxCompressed":0,"rxMulticast":0,"txBytes":1379,"txPackets":16,"txErrors":0,"txDrop":0,"txFifo":0,"txColls":0,"txCarrier":0,"txCompressed":0},{"name":"lo","rxBytes":0,"rxPackets":0,"rxErrors":0,"rxDrop":0,"rxFifo":0,"rxFrame":0,"rxCompressed":0,"rxMulticast":0,"txBytes":0,"txPackets":0,"txErrors":0,"txDrop":0,"txFifo":0,"txColls":0,"txCarrier":0,"txCompressed":0}]
[2020-05-03T21:33:38.705] [INFO] hftrace - job started: mViewer
[2020-05-03T21:33:38.732] [INFO] hftrace - Procusage: pid: 18 {"cpu":0,"memory":7942144,"ctime":30,"elapsed":30,"timestamp":1588541618731,"pid":18,"ppid":6}
[2020-05-03T21:33:38.732] [INFO] hftrace - Sysinfo: {"cpu":{"manufacturer":"Intel®","brand":"Xeon®","vendor":"","family":"","model":"","stepping":"","revision":"","voltage":"","speed":"2.00","speedmin":"","speedmax":"","governor":"","cores":4,"physicalCores":4,"processors":1,"socket":"","cache":{"l1d":"","l1i":"","l2":"","l3":""}},"mem":{"total":4140511232,"free":251142144,"used":3889369088,"active":1195962368,"available":2944548864,"buffers":207712256,"cached":2441367552,"slab":413462528,"buffcache":3062542336,"swaptotal":0,"swapused":0,"swapfree":0}}
[2020-05-03T21:33:38.838] [INFO] hftrace - job successful (try 1): mViewer
[2020-05-03T21:33:38.839] [INFO] hftrace - job exit code: 0
[2020-05-03T21:33:38.840] [INFO] hftrace - Job inputs: [ { '3-mosaic.fits': 14400 } ]
[2020-05-03T21:33:38.840] [INFO] hftrace - Job outputs: [ { '3-mosaic.jpg': 1062 } ]
[2020-05-03T21:33:38.840] [INFO] hftrace - handler exiting
