[2020-05-13T09:55:33.626] [INFO] hftrace - Environment variables (HF_LOG): {"podIp":"10.40.2.40","nodeName":"gke-cluster-x-default-pool-917ea268-mwwq","podName":"jobh5jixh-mdifffit-16-1-92f6j","podServiceAccount":"default","podNamespace":"default"}
[2020-05-13T09:55:33.639] [INFO] hftrace - handler started
[2020-05-13T09:55:33.650] [INFO] hftrace - jobMessage:  [
  'j6Bb_ZBMN:1:16:1_msg',
  '{"executable":"mDiffFit","args":["-s","fit.000003.000004.txt","p2mass-atlas-001124n-j0880032.fits","p2mass-atlas-001124n-j0870244.fits","diff.000003.000004.fits","big_region_20180402_165339_22325.hdr"],"inputs":[{"name":"big_region_20180402_165339_22325.hdr","_id":4,"data":[{}],"sigIdx":1},{"name":"p2mass-atlas-001124n-j0880032.fits","_id":9,"source":3,"firingId":1,"sigIdx":1},{"name":"p2mass-atlas-001124n-j0880032_area.fits","_id":10,"source":3,"firingId":1,"sigIdx":1},{"name":"p2mass-atlas-001124n-j0870244.fits","_id":12,"source":4,"firingId":1,"sigIdx":1},{"name":"p2mass-atlas-001124n-j0870244_area.fits","_id":13,"source":4,"firingId":1,"sigIdx":1},{"name":"mDiff","_id":32,"data":[{}],"sigIdx":1},{"name":"mFitplane","_id":33,"data":[{}],"sigIdx":1}],"outputs":[{"name":"fit.000003.000004.txt"},{"name":"diff.000003.000004.fits"}],"redis_url":"redis://redis.default.svc.cluster.local:6379","taskId":"j6Bb_ZBMN:1:16:1","name":"mDiffFit"}'
]
[2020-05-13T09:55:33.651] [INFO] hftrace - Job command: 'mDiffFit -s fit.000003.000004.txt p2mass-atlas-001124n-j0880032.fits p2mass-atlas-001124n-j0870244.fits diff.000003.000004.fits big_region_20180402_165339_22325.hdr'
[2020-05-13T09:55:33.667] [INFO] hftrace - command: {"pid":24,"name":"mDiffFit","command":["mDiffFit","-s","fit.000003.000004.txt","p2mass-atlas-001124n-j0880032.fits","p2mass-atlas-001124n-j0870244.fits","diff.000003.000004.fits","big_region_20180402_165339_22325.hdr"]}
[2020-05-13T09:55:33.668] [INFO] hftrace - IO: {"read":1225,"write":1,"readSyscalls":5,"writeSyscalls":1,"readReal":0,"writeReal":0,"writeCancelled":0,"pid":24,"name":"mDiffFit"}
[2020-05-13T09:55:33.680] [INFO] hftrace - NetDev: pid: 24 [{"name":"lo","rxBytes":0,"rxPackets":0,"rxErrors":0,"rxDrop":0,"rxFifo":0,"rxFrame":0,"rxCompressed":0,"rxMulticast":0,"txBytes":0,"txPackets":0,"txErrors":0,"txDrop":0,"txFifo":0,"txColls":0,"txCarrier":0,"txCompressed":0},{"name":"eth0","rxBytes":6226,"rxPackets":16,"rxErrors":0,"rxDrop":0,"rxFifo":0,"rxFrame":0,"rxCompressed":0,"rxMulticast":0,"txBytes":1337,"txPackets":15,"txErrors":0,"txDrop":0,"txFifo":0,"txColls":0,"txCarrier":0,"txCompressed":0}]
[2020-05-13T09:55:33.694] [INFO] hftrace - job started: mDiffFit
[2020-05-13T09:55:33.888] [INFO] hftrace - command: {"pid":25,"name":"mDiffFit","command":["mDiff","p2mass-atlas-001124n-j0880032.fits","p2mass-atlas-001124n-j0870244.fits","diff.000003.000004.fits","big_region_20180402_165339_22325.hdr"]}
[2020-05-13T09:55:33.889] [INFO] hftrace - IO: {"read":8974547,"write":0,"readSyscalls":3131,"writeSyscalls":0,"readReal":11051008,"writeReal":0,"writeCancelled":0,"pid":25,"name":"mDiffFit"}
[2020-05-13T09:55:33.889] [INFO] hftrace - NetDev: pid: 25 [{"name":"lo","rxBytes":0,"rxPackets":0,"rxErrors":0,"rxDrop":0,"rxFifo":0,"rxFrame":0,"rxCompressed":0,"rxMulticast":0,"txBytes":0,"txPackets":0,"txErrors":0,"txDrop":0,"txFifo":0,"txColls":0,"txCarrier":0,"txCompressed":0},{"name":"eth0","rxBytes":6312,"rxPackets":17,"rxErrors":0,"rxDrop":0,"rxFifo":0,"rxFrame":0,"rxCompressed":0,"rxMulticast":0,"txBytes":1403,"txPackets":16,"txErrors":0,"txDrop":0,"txFifo":0,"txColls":0,"txCarrier":0,"txCompressed":0}]
[2020-05-13T09:55:33.893] [INFO] hftrace - Procusage: pid: 24 {"cpu":0,"memory":471040,"ctime":0,"elapsed":110,"timestamp":1589363733892,"pid":24,"ppid":12}
[2020-05-13T09:55:33.894] [INFO] hftrace - Procusage: pid: 25 {"cpu":0,"memory":2621440,"ctime":20,"elapsed":220,"timestamp":1589363733894,"pid":25,"ppid":24}
[2020-05-13T09:55:34.025] [INFO] hftrace - Sysinfo: {"cpu":{"manufacturer":"Intel®","brand":"Xeon®","vendor":"GenuineIntel","family":"6","model":"85","stepping":"3","revision":"","voltage":"","speed":"2.00","speedmin":"","speedmax":"","governor":"","cores":2,"physicalCores":1,"processors":1,"socket":"","cache":{"l1d":32768,"l1i":32768,"l2":1048576,"l3":40370176}},"mem":{"total":2092941312,"free":165158912,"used":1927782400,"active":862089216,"available":1230852096,"buffers":58851328,"cached":1068056576,"slab":185233408,"buffcache":1312141312,"swaptotal":0,"swapused":0,"swapfree":0}}
[2020-05-13T09:55:34.108] [INFO] hftrace - job successful (try 1): mDiffFit
[2020-05-13T09:55:34.108] [INFO] hftrace - job exit code: 0
[2020-05-13T09:55:34.110] [INFO] hftrace - Job inputs: [{"big_region_20180402_165339_22325.hdr":306},{"p2mass-atlas-001124n-j0880032.fits":4129920},{"p2mass-atlas-001124n-j0880032_area.fits":4129920},{"p2mass-atlas-001124n-j0870244.fits":4115520},{"p2mass-atlas-001124n-j0870244_area.fits":4115520},{"mDiff":-1},{"mFitplane":-1}]
[2020-05-13T09:55:34.111] [INFO] hftrace - Job outputs: [{"fit.000003.000004.txt":251},{"diff.000003.000004.fits":498240}]
[2020-05-13T09:55:34.111] [INFO] hftrace - handler exiting
