[2020-05-03T21:33:29.764] [INFO] hftrace - handler started
[2020-05-03T21:33:29.768] [ERROR] hftrace - nethogs execution error: Error: spawn nethogs-wrapper.py ENOENT
    at Process.ChildProcess._handle.onexit (internal/child_process.js:267:19)
    at onErrorNT (internal/child_process.js:469:16)
    at processTicksAndRejections (internal/process/task_queues.js:84:21) {
  errno: 'ENOENT',
  code: 'ENOENT',
  syscall: 'spawn nethogs-wrapper.py',
  path: 'nethogs-wrapper.py',
  spawnargs: []
}
[2020-05-03T21:33:29.779] [INFO] hftrace - jobMessage:  [
  'TGMfC62C8:1:25:1_msg',
  '{"executable":"mBgModel","args":["-i","100000","3-images.tbl","3-fits.tbl","3-corrections.tbl"],"inputs":[{"name":"3-fits.tbl","_id":53,"source":24,"firingId":1,"sigIdx":1},{"name":"3-images.tbl","_id":54,"data":[{}],"sigIdx":1}],"outputs":[{"name":"3-corrections.tbl"}],"redis_url":"redis://redis.default.svc.cluster.local:6379","taskId":"TGMfC62C8:1:25:1","name":"mBgModel"}'
]
[2020-05-03T21:33:29.780] [INFO] hftrace - Job command: 'mBgModel -i 100000 3-images.tbl 3-fits.tbl 3-corrections.tbl'
[2020-05-03T21:33:29.808] [INFO] hftrace - command: {"pid":19,"name":"mBgModel","command":["mBgModel","-i","100000","3-images.tbl","3-fits.tbl","3-corrections.tbl"]}
[2020-05-03T21:33:29.810] [INFO] hftrace - IO: {"read":1225,"write":1,"readSyscalls":5,"writeSyscalls":1,"readReal":81920,"writeReal":0,"writeCancelled":0,"pid":19,"name":"mBgModel"}
[2020-05-03T21:33:29.811] [INFO] hftrace - NetDev: pid: 19 [{"name":"eth0","rxBytes":5612,"rxPackets":15,"rxErrors":0,"rxDrop":0,"rxFifo":0,"rxFrame":0,"rxCompressed":0,"rxMulticast":0,"txBytes":1337,"txPackets":15,"txErrors":0,"txDrop":0,"txFifo":0,"txColls":0,"txCarrier":0,"txCompressed":0},{"name":"lo","rxBytes":0,"rxPackets":0,"rxErrors":0,"rxDrop":0,"rxFifo":0,"rxFrame":0,"rxCompressed":0,"rxMulticast":0,"txBytes":0,"txPackets":0,"txErrors":0,"txDrop":0,"txFifo":0,"txColls":0,"txCarrier":0,"txCompressed":0}]
[2020-05-03T21:33:29.819] [INFO] hftrace - job started: mBgModel
[2020-05-03T21:33:29.842] [INFO] hftrace - Procusage: pid: 19 {"cpu":0,"memory":16945152,"ctime":30,"elapsed":50,"timestamp":1588541609842,"pid":19,"ppid":7}
[2020-05-03T21:33:29.843] [INFO] hftrace - Sysinfo: {"cpu":{"manufacturer":"Intel®","brand":"Xeon®","vendor":"","family":"","model":"","stepping":"","revision":"","voltage":"","speed":"2.00","speedmin":"","speedmax":"","governor":"","cores":4,"physicalCores":4,"processors":1,"socket":"","cache":{"l1d":"","l1i":"","l2":"","l3":""}},"mem":{"total":4140511232,"free":1567666176,"used":2572845056,"active":1368502272,"available":2772008960,"buffers":188854272,"cached":1068654592,"slab":328278016,"buffcache":1585786880,"swaptotal":0,"swapused":0,"swapfree":0}}
[2020-05-03T21:33:30.284] [INFO] hftrace - job successful (try 1): mBgModel
[2020-05-03T21:33:30.284] [INFO] hftrace - job exit code: 0
[2020-05-03T21:33:30.285] [INFO] hftrace - Job inputs: [ { '3-fits.tbl': 417 }, { '3-images.tbl': 1476 } ]
[2020-05-03T21:33:30.285] [INFO] hftrace - Job outputs: [ { '3-corrections.tbl': 166 } ]
[2020-05-03T21:33:30.285] [INFO] hftrace - handler exiting
