[2020-05-03T21:33:01.827] [INFO] hftrace - handler started
[2020-05-03T21:33:01.831] [ERROR] hftrace - nethogs execution error: Error: spawn nethogs-wrapper.py ENOENT
    at Process.ChildProcess._handle.onexit (internal/child_process.js:267:19)
    at onErrorNT (internal/child_process.js:469:16)
    at processTicksAndRejections (internal/process/task_queues.js:84:21) {
  errno: 'ENOENT',
  code: 'ENOENT',
  syscall: 'spawn nethogs-wrapper.py',
  path: 'nethogs-wrapper.py',
  spawnargs: []
}
[2020-05-03T21:33:01.857] [INFO] hftrace - jobMessage:  [
  'TGMfC62C8:1:1:1_msg',
  '{"executable":"mProject","args":["-X","2mass-atlas-980914s-j0820044.fits","p2mass-atlas-980914s-j0820044.fits","region-oversized.hdr"],"inputs":[{"name":"2mass-atlas-980914s-j0820044.fits","_id":1,"data":[{}],"sigIdx":1},{"name":"region-oversized.hdr","_id":2,"data":[{}],"sigIdx":1}],"outputs":[{"name":"p2mass-atlas-980914s-j0820044.fits"},{"name":"p2mass-atlas-980914s-j0820044_area.fits"}],"redis_url":"redis://redis.default.svc.cluster.local:6379","taskId":"TGMfC62C8:1:1:1","name":"mProject"}'
]
[2020-05-03T21:33:01.859] [INFO] hftrace - Job command: 'mProject -X 2mass-atlas-980914s-j0820044.fits p2mass-atlas-980914s-j0820044.fits region-oversized.hdr'
[2020-05-03T21:33:01.875] [INFO] hftrace - command: {"pid":19,"name":"mProject","command":["mProject","-X","2mass-atlas-980914s-j0820044.fits","p2mass-atlas-980914s-j0820044.fits","region-oversized.hdr"]}
[2020-05-03T21:33:01.876] [INFO] hftrace - IO: {"read":1225,"write":1,"readSyscalls":5,"writeSyscalls":1,"readReal":0,"writeReal":0,"writeCancelled":0,"pid":19,"name":"mProject"}
[2020-05-03T21:33:01.879] [INFO] hftrace - NetDev: pid: 19 [{"name":"eth0","rxBytes":5852,"rxPackets":18,"rxErrors":0,"rxDrop":0,"rxFifo":0,"rxFrame":0,"rxCompressed":0,"rxMulticast":0,"txBytes":1336,"txPackets":15,"txErrors":0,"txDrop":0,"txFifo":0,"txColls":0,"txCarrier":0,"txCompressed":0},{"name":"lo","rxBytes":0,"rxPackets":0,"rxErrors":0,"rxDrop":0,"rxFifo":0,"rxFrame":0,"rxCompressed":0,"rxMulticast":0,"txBytes":0,"txPackets":0,"txErrors":0,"txDrop":0,"txFifo":0,"txColls":0,"txCarrier":0,"txCompressed":0}]
[2020-05-03T21:33:01.892] [INFO] hftrace - job started: mProject
[2020-05-03T21:33:01.946] [INFO] hftrace - Procusage: pid: 19 {"cpu":0,"memory":2785280,"ctime":40,"elapsed":70,"timestamp":1588541581946,"pid":19,"ppid":7}
[2020-05-03T21:33:01.966] [INFO] hftrace - Sysinfo: {"cpu":{"manufacturer":"Intel®","brand":"Xeon®","vendor":"","family":"","model":"","stepping":"","revision":"","voltage":"","speed":"2.00","speedmin":"","speedmax":"","governor":"","cores":4,"physicalCores":4,"processors":1,"socket":"","cache":{"l1d":"","l1i":"","l2":"","l3":""}},"mem":{"total":4140511232,"free":1668366336,"used":2472144896,"active":1400778752,"available":2739732480,"buffers":186974208,"cached":937926656,"slab":332152832,"buffcache":1457053696,"swaptotal":0,"swapused":0,"swapfree":0}}
[2020-05-03T21:33:03.881] [INFO] hftrace - IO: {"read":3065158,"write":1,"readSyscalls":116,"writeSyscalls":1,"readReal":1531904,"writeReal":0,"writeCancelled":0,"pid":19,"name":"mProject"}
[2020-05-03T21:33:03.882] [INFO] hftrace - NetDev: pid: 19 [{"name":"eth0","rxBytes":6962,"rxPackets":32,"rxErrors":0,"rxDrop":0,"rxFifo":0,"rxFrame":0,"rxCompressed":0,"rxMulticast":0,"txBytes":1402,"txPackets":16,"txErrors":0,"txDrop":0,"txFifo":0,"txColls":0,"txCarrier":0,"txCompressed":0},{"name":"lo","rxBytes":0,"rxPackets":0,"rxErrors":0,"rxDrop":0,"rxFifo":0,"rxFrame":0,"rxCompressed":0,"rxMulticast":0,"txBytes":0,"txPackets":0,"txErrors":0,"txDrop":0,"txFifo":0,"txColls":0,"txCarrier":0,"txCompressed":0}]
[2020-05-03T21:33:03.979] [INFO] hftrace - Procusage: pid: 19 {"cpu":96.09756097560975,"memory":12439552,"ctime":2010,"elapsed":2120,"timestamp":1588541583979,"pid":19,"ppid":7}
[2020-05-03T21:33:05.883] [INFO] hftrace - IO: {"read":3065158,"write":1,"readSyscalls":116,"writeSyscalls":1,"readReal":1531904,"writeReal":0,"writeCancelled":0,"pid":19,"name":"mProject"}
[2020-05-03T21:33:05.883] [INFO] hftrace - NetDev: pid: 19 [{"name":"eth0","rxBytes":6962,"rxPackets":32,"rxErrors":0,"rxDrop":0,"rxFifo":0,"rxFrame":0,"rxCompressed":0,"rxMulticast":0,"txBytes":1402,"txPackets":16,"txErrors":0,"txDrop":0,"txFifo":0,"txColls":0,"txCarrier":0,"txCompressed":0},{"name":"lo","rxBytes":0,"rxPackets":0,"rxErrors":0,"rxDrop":0,"rxFifo":0,"rxFrame":0,"rxCompressed":0,"rxMulticast":0,"txBytes":0,"txPackets":0,"txErrors":0,"txDrop":0,"txFifo":0,"txColls":0,"txCarrier":0,"txCompressed":0}]
[2020-05-03T21:33:05.981] [INFO] hftrace - Procusage: pid: 19 {"cpu":97.5,"memory":12439552,"ctime":3960,"elapsed":4120,"timestamp":1588541585981,"pid":19,"ppid":7}
[2020-05-03T21:33:07.883] [INFO] hftrace - IO: {"read":3065158,"write":1,"readSyscalls":116,"writeSyscalls":1,"readReal":1531904,"writeReal":0,"writeCancelled":0,"pid":19,"name":"mProject"}
[2020-05-03T21:33:07.883] [INFO] hftrace - NetDev: pid: 19 [{"name":"eth0","rxBytes":7074,"rxPackets":34,"rxErrors":0,"rxDrop":0,"rxFifo":0,"rxFrame":0,"rxCompressed":0,"rxMulticast":0,"txBytes":1444,"txPackets":17,"txErrors":0,"txDrop":0,"txFifo":0,"txColls":0,"txCarrier":0,"txCompressed":0},{"name":"lo","rxBytes":0,"rxPackets":0,"rxErrors":0,"rxDrop":0,"rxFifo":0,"rxFrame":0,"rxCompressed":0,"rxMulticast":0,"txBytes":0,"txPackets":0,"txErrors":0,"txDrop":0,"txFifo":0,"txColls":0,"txCarrier":0,"txCompressed":0}]
[2020-05-03T21:33:07.984] [INFO] hftrace - Procusage: pid: 19 {"cpu":97.51243781094527,"memory":12439552,"ctime":5920,"elapsed":6130,"timestamp":1588541587984,"pid":19,"ppid":7}
[2020-05-03T21:33:09.884] [INFO] hftrace - IO: {"read":3065158,"write":1,"readSyscalls":116,"writeSyscalls":1,"readReal":1531904,"writeReal":0,"writeCancelled":0,"pid":19,"name":"mProject"}
[2020-05-03T21:33:09.884] [INFO] hftrace - NetDev: pid: 19 [{"name":"eth0","rxBytes":7074,"rxPackets":34,"rxErrors":0,"rxDrop":0,"rxFifo":0,"rxFrame":0,"rxCompressed":0,"rxMulticast":0,"txBytes":1444,"txPackets":17,"txErrors":0,"txDrop":0,"txFifo":0,"txColls":0,"txCarrier":0,"txCompressed":0},{"name":"lo","rxBytes":0,"rxPackets":0,"rxErrors":0,"rxDrop":0,"rxFifo":0,"rxFrame":0,"rxCompressed":0,"rxMulticast":0,"txBytes":0,"txPackets":0,"txErrors":0,"txDrop":0,"txFifo":0,"txColls":0,"txCarrier":0,"txCompressed":0}]
[2020-05-03T21:33:09.998] [INFO] hftrace - Procusage: pid: 19 {"cpu":98.00995024875621,"memory":12439552,"ctime":7890,"elapsed":8140,"timestamp":1588541589998,"pid":19,"ppid":7}
[2020-05-03T21:33:11.885] [INFO] hftrace - IO: {"read":3065158,"write":1,"readSyscalls":116,"writeSyscalls":1,"readReal":1531904,"writeReal":0,"writeCancelled":0,"pid":19,"name":"mProject"}
[2020-05-03T21:33:11.885] [INFO] hftrace - NetDev: pid: 19 [{"name":"eth0","rxBytes":7074,"rxPackets":34,"rxErrors":0,"rxDrop":0,"rxFifo":0,"rxFrame":0,"rxCompressed":0,"rxMulticast":0,"txBytes":1444,"txPackets":17,"txErrors":0,"txDrop":0,"txFifo":0,"txColls":0,"txCarrier":0,"txCompressed":0},{"name":"lo","rxBytes":0,"rxPackets":0,"rxErrors":0,"rxDrop":0,"rxFifo":0,"rxFrame":0,"rxCompressed":0,"rxMulticast":0,"txBytes":0,"txPackets":0,"txErrors":0,"txDrop":0,"txFifo":0,"txColls":0,"txCarrier":0,"txCompressed":0}]
[2020-05-03T21:33:12.000] [INFO] hftrace - Procusage: pid: 19 {"cpu":96,"memory":12439552,"ctime":9810,"elapsed":10140,"timestamp":1588541592000,"pid":19,"ppid":7}
[2020-05-03T21:33:13.886] [INFO] hftrace - IO: {"read":3065158,"write":1,"readSyscalls":116,"writeSyscalls":1,"readReal":1531904,"writeReal":0,"writeCancelled":0,"pid":19,"name":"mProject"}
[2020-05-03T21:33:13.886] [INFO] hftrace - NetDev: pid: 19 [{"name":"eth0","rxBytes":7074,"rxPackets":34,"rxErrors":0,"rxDrop":0,"rxFifo":0,"rxFrame":0,"rxCompressed":0,"rxMulticast":0,"txBytes":1444,"txPackets":17,"txErrors":0,"txDrop":0,"txFifo":0,"txColls":0,"txCarrier":0,"txCompressed":0},{"name":"lo","rxBytes":0,"rxPackets":0,"rxErrors":0,"rxDrop":0,"rxFifo":0,"rxFrame":0,"rxCompressed":0,"rxMulticast":0,"txBytes":0,"txPackets":0,"txErrors":0,"txDrop":0,"txFifo":0,"txColls":0,"txCarrier":0,"txCompressed":0}]
[2020-05-03T21:33:14.001] [INFO] hftrace - Procusage: pid: 19 {"cpu":97.5,"memory":12439552,"ctime":11760,"elapsed":12140,"timestamp":1588541594001,"pid":19,"ppid":7}
[2020-05-03T21:33:15.887] [INFO] hftrace - IO: {"read":3065158,"write":1,"readSyscalls":116,"writeSyscalls":1,"readReal":1531904,"writeReal":0,"writeCancelled":0,"pid":19,"name":"mProject"}
[2020-05-03T21:33:15.887] [INFO] hftrace - NetDev: pid: 19 [{"name":"eth0","rxBytes":7144,"rxPackets":35,"rxErrors":0,"rxDrop":0,"rxFifo":0,"rxFrame":0,"rxCompressed":0,"rxMulticast":0,"txBytes":1444,"txPackets":17,"txErrors":0,"txDrop":0,"txFifo":0,"txColls":0,"txCarrier":0,"txCompressed":0},{"name":"lo","rxBytes":0,"rxPackets":0,"rxErrors":0,"rxDrop":0,"rxFifo":0,"rxFrame":0,"rxCompressed":0,"rxMulticast":0,"txBytes":0,"txPackets":0,"txErrors":0,"txDrop":0,"txFifo":0,"txColls":0,"txCarrier":0,"txCompressed":0}]
[2020-05-03T21:33:16.002] [INFO] hftrace - Procusage: pid: 19 {"cpu":98.50746268656717,"memory":12439552,"ctime":13740,"elapsed":14150,"timestamp":1588541596002,"pid":19,"ppid":7}
[2020-05-03T21:33:17.888] [INFO] hftrace - IO: {"read":3065158,"write":1,"readSyscalls":116,"writeSyscalls":1,"readReal":1531904,"writeReal":0,"writeCancelled":0,"pid":19,"name":"mProject"}
[2020-05-03T21:33:17.888] [INFO] hftrace - NetDev: pid: 19 [{"name":"eth0","rxBytes":7144,"rxPackets":35,"rxErrors":0,"rxDrop":0,"rxFifo":0,"rxFrame":0,"rxCompressed":0,"rxMulticast":0,"txBytes":1444,"txPackets":17,"txErrors":0,"txDrop":0,"txFifo":0,"txColls":0,"txCarrier":0,"txCompressed":0},{"name":"lo","rxBytes":0,"rxPackets":0,"rxErrors":0,"rxDrop":0,"rxFifo":0,"rxFrame":0,"rxCompressed":0,"rxMulticast":0,"txBytes":0,"txPackets":0,"txErrors":0,"txDrop":0,"txFifo":0,"txColls":0,"txCarrier":0,"txCompressed":0}]
[2020-05-03T21:33:18.004] [INFO] hftrace - Procusage: pid: 19 {"cpu":98.5,"memory":12439552,"ctime":15710,"elapsed":16150,"timestamp":1588541598004,"pid":19,"ppid":7}
[2020-05-03T21:33:19.888] [INFO] hftrace - IO: {"read":3065158,"write":1,"readSyscalls":116,"writeSyscalls":1,"readReal":1531904,"writeReal":0,"writeCancelled":0,"pid":19,"name":"mProject"}
[2020-05-03T21:33:19.888] [INFO] hftrace - NetDev: pid: 19 [{"name":"eth0","rxBytes":7144,"rxPackets":35,"rxErrors":0,"rxDrop":0,"rxFifo":0,"rxFrame":0,"rxCompressed":0,"rxMulticast":0,"txBytes":1444,"txPackets":17,"txErrors":0,"txDrop":0,"txFifo":0,"txColls":0,"txCarrier":0,"txCompressed":0},{"name":"lo","rxBytes":0,"rxPackets":0,"rxErrors":0,"rxDrop":0,"rxFifo":0,"rxFrame":0,"rxCompressed":0,"rxMulticast":0,"txBytes":0,"txPackets":0,"txErrors":0,"txDrop":0,"txFifo":0,"txColls":0,"txCarrier":0,"txCompressed":0}]
[2020-05-03T21:33:20.003] [INFO] hftrace - Procusage: pid: 19 {"cpu":98.5,"memory":12439552,"ctime":17680,"elapsed":18150,"timestamp":1588541600003,"pid":19,"ppid":7}
[2020-05-03T21:33:21.889] [INFO] hftrace - IO: {"read":3065158,"write":1,"readSyscalls":116,"writeSyscalls":1,"readReal":1531904,"writeReal":0,"writeCancelled":0,"pid":19,"name":"mProject"}
[2020-05-03T21:33:21.889] [INFO] hftrace - NetDev: pid: 19 [{"name":"eth0","rxBytes":7144,"rxPackets":35,"rxErrors":0,"rxDrop":0,"rxFifo":0,"rxFrame":0,"rxCompressed":0,"rxMulticast":0,"txBytes":1444,"txPackets":17,"txErrors":0,"txDrop":0,"txFifo":0,"txColls":0,"txCarrier":0,"txCompressed":0},{"name":"lo","rxBytes":0,"rxPackets":0,"rxErrors":0,"rxDrop":0,"rxFifo":0,"rxFrame":0,"rxCompressed":0,"rxMulticast":0,"txBytes":0,"txPackets":0,"txErrors":0,"txDrop":0,"txFifo":0,"txColls":0,"txCarrier":0,"txCompressed":0}]
[2020-05-03T21:33:22.005] [INFO] hftrace - Procusage: pid: 19 {"cpu":97.5,"memory":12439552,"ctime":19630,"elapsed":20150,"timestamp":1588541602005,"pid":19,"ppid":7}
[2020-05-03T21:33:23.890] [INFO] hftrace - IO: {"read":3065158,"write":1,"readSyscalls":116,"writeSyscalls":1,"readReal":1531904,"writeReal":0,"writeCancelled":0,"pid":19,"name":"mProject"}
[2020-05-03T21:33:23.890] [INFO] hftrace - NetDev: pid: 19 [{"name":"eth0","rxBytes":7144,"rxPackets":35,"rxErrors":0,"rxDrop":0,"rxFifo":0,"rxFrame":0,"rxCompressed":0,"rxMulticast":0,"txBytes":1444,"txPackets":17,"txErrors":0,"txDrop":0,"txFifo":0,"txColls":0,"txCarrier":0,"txCompressed":0},{"name":"lo","rxBytes":0,"rxPackets":0,"rxErrors":0,"rxDrop":0,"rxFifo":0,"rxFrame":0,"rxCompressed":0,"rxMulticast":0,"txBytes":0,"txPackets":0,"txErrors":0,"txDrop":0,"txFifo":0,"txColls":0,"txCarrier":0,"txCompressed":0}]
[2020-05-03T21:33:24.006] [INFO] hftrace - Procusage: pid: 19 {"cpu":95,"memory":12439552,"ctime":21530,"elapsed":22150,"timestamp":1588541604006,"pid":19,"ppid":7}
[2020-05-03T21:33:24.448] [INFO] hftrace - job successful (try 1): mProject
[2020-05-03T21:33:24.448] [INFO] hftrace - job exit code: 0
[2020-05-03T21:33:24.451] [INFO] hftrace - Job inputs: [
  { '2mass-atlas-980914s-j0820044.fits': 1529220 },
  { 'region-oversized.hdr': 277 }
]
[2020-05-03T21:33:24.452] [INFO] hftrace - Job outputs: [
  { 'p2mass-atlas-980914s-j0820044.fits': 4152960 },
  { 'p2mass-atlas-980914s-j0820044_area.fits': 4152960 }
]
[2020-05-03T21:33:24.452] [INFO] hftrace - handler exiting
