[2020-05-13T09:55:31.085] [INFO] hftrace - Environment variables (HF_LOG): {"podIp":"10.40.0.56","nodeName":"gke-cluster-x-default-pool-917ea268-7zqx","podName":"job4kxmy-mdifffit-24-1-qxfg7","podServiceAccount":"default","podNamespace":"default"}
[2020-05-13T09:55:31.106] [INFO] hftrace - handler started
[2020-05-13T09:55:31.147] [INFO] hftrace - jobMessage:  [
  'j6Bb_ZBMN:1:24:1_msg',
  '{"executable":"mDiffFit","args":["-s","fit.000006.000009.txt","p2mass-atlas-001124n-j0860044.fits","p2mass-atlas-001124n-j0850232.fits","diff.000006.000009.fits","big_region_20180402_165339_22325.hdr"],"inputs":[{"name":"big_region_20180402_165339_22325.hdr","_id":4,"data":[{}],"sigIdx":1},{"name":"p2mass-atlas-001124n-j0860044.fits","_id":18,"source":6,"firingId":1,"sigIdx":1},{"name":"p2mass-atlas-001124n-j0860044_area.fits","_id":19,"source":6,"firingId":1,"sigIdx":1},{"name":"p2mass-atlas-001124n-j0850232.fits","_id":27,"source":9,"firingId":1,"sigIdx":1},{"name":"p2mass-atlas-001124n-j0850232_area.fits","_id":28,"source":9,"firingId":1,"sigIdx":1},{"name":"mDiff","_id":32,"data":[{}],"sigIdx":1},{"name":"mFitplane","_id":33,"data":[{}],"sigIdx":1}],"outputs":[{"name":"fit.000006.000009.txt"},{"name":"diff.000006.000009.fits"}],"redis_url":"redis://redis.default.svc.cluster.local:6379","taskId":"j6Bb_ZBMN:1:24:1","name":"mDiffFit"}'
]
[2020-05-13T09:55:31.162] [INFO] hftrace - Job command: 'mDiffFit -s fit.000006.000009.txt p2mass-atlas-001124n-j0860044.fits p2mass-atlas-001124n-j0850232.fits diff.000006.000009.fits big_region_20180402_165339_22325.hdr'
[2020-05-13T09:55:31.181] [INFO] hftrace - command: {"pid":23,"name":"mDiffFit","command":["mDiffFit","-s","fit.000006.000009.txt","p2mass-atlas-001124n-j0860044.fits","p2mass-atlas-001124n-j0850232.fits","diff.000006.000009.fits","big_region_20180402_165339_22325.hdr"]}
[2020-05-13T09:55:31.183] [INFO] hftrace - IO: {"read":2185,"write":1,"readSyscalls":6,"writeSyscalls":1,"readReal":0,"writeReal":0,"writeCancelled":0,"pid":23,"name":"mDiffFit"}
[2020-05-13T09:55:31.187] [INFO] hftrace - NetDev: pid: 23 [{"name":"eth0","rxBytes":6231,"rxPackets":16,"rxErrors":0,"rxDrop":0,"rxFifo":0,"rxFrame":0,"rxCompressed":0,"rxMulticast":0,"txBytes":1403,"txPackets":16,"txErrors":0,"txDrop":0,"txFifo":0,"txColls":0,"txCarrier":0,"txCompressed":0},{"name":"lo","rxBytes":0,"rxPackets":0,"rxErrors":0,"rxDrop":0,"rxFifo":0,"rxFrame":0,"rxCompressed":0,"rxMulticast":0,"txBytes":0,"txPackets":0,"txErrors":0,"txDrop":0,"txFifo":0,"txColls":0,"txCarrier":0,"txCompressed":0}]
[2020-05-13T09:55:31.223] [INFO] hftrace - job started: mDiffFit
[2020-05-13T09:55:31.283] [INFO] hftrace - command: {"pid":24,"name":"mDiffFit","command":["mDiff","p2mass-atlas-001124n-j0860044.fits","p2mass-atlas-001124n-j0850232.fits","diff.000006.000009.fits","big_region_20180402_165339_22325.hdr"]}
[2020-05-13T09:55:31.283] [INFO] hftrace - IO: {"read":6512977,"write":0,"readSyscalls":2275,"writeSyscalls":0,"readReal":8282112,"writeReal":0,"writeCancelled":0,"pid":24,"name":"mDiffFit"}
[2020-05-13T09:55:31.284] [INFO] hftrace - NetDev: pid: 24 [{"name":"eth0","rxBytes":6231,"rxPackets":16,"rxErrors":0,"rxDrop":0,"rxFifo":0,"rxFrame":0,"rxCompressed":0,"rxMulticast":0,"txBytes":1403,"txPackets":16,"txErrors":0,"txDrop":0,"txFifo":0,"txColls":0,"txCarrier":0,"txCompressed":0},{"name":"lo","rxBytes":0,"rxPackets":0,"rxErrors":0,"rxDrop":0,"rxFifo":0,"rxFrame":0,"rxCompressed":0,"rxMulticast":0,"txBytes":0,"txPackets":0,"txErrors":0,"txDrop":0,"txFifo":0,"txColls":0,"txCarrier":0,"txCompressed":0}]
[2020-05-13T09:55:31.364] [INFO] hftrace - Procusage: pid: 23 {"cpu":0,"memory":442368,"ctime":0,"elapsed":190,"timestamp":1589363731363,"pid":23,"ppid":11}
[2020-05-13T09:55:31.365] [INFO] hftrace - Procusage: pid: 24 {"cpu":0,"memory":2605056,"ctime":30,"elapsed":170,"timestamp":1589363731364,"pid":24,"ppid":23}
[2020-05-13T09:55:31.373] [INFO] hftrace - Sysinfo: {"cpu":{"manufacturer":"Intel®","brand":"Xeon®","vendor":"GenuineIntel","family":"6","model":"85","stepping":"3","revision":"","voltage":"","speed":"2.00","speedmin":"","speedmax":"","governor":"","cores":2,"physicalCores":1,"processors":1,"socket":"","cache":{"l1d":32768,"l1i":32768,"l2":1048576,"l3":40370176}},"mem":{"total":2092941312,"free":163246080,"used":1929695232,"active":1092427776,"available":1000513536,"buffers":88350720,"cached":814141440,"slab":177299456,"buffcache":1079791616,"swaptotal":0,"swapused":0,"swapfree":0}}
[2020-05-13T09:55:31.842] [INFO] hftrace - job successful (try 1): mDiffFit
[2020-05-13T09:55:31.842] [INFO] hftrace - job exit code: 0
[2020-05-13T09:55:31.847] [INFO] hftrace - Job inputs: [{"big_region_20180402_165339_22325.hdr":306},{"p2mass-atlas-001124n-j0860044.fits":4121280},{"p2mass-atlas-001124n-j0860044_area.fits":4121280},{"p2mass-atlas-001124n-j0850232.fits":4124160},{"p2mass-atlas-001124n-j0850232_area.fits":4124160},{"mDiff":-1},{"mFitplane":-1}]
[2020-05-13T09:55:31.847] [INFO] hftrace - Job outputs: [{"fit.000006.000009.txt":250},{"diff.000006.000009.fits":498240}]
[2020-05-13T09:55:31.847] [INFO] hftrace - handler exiting
