[2020-05-03T21:33:30.892] [INFO] hftrace - handler started
[2020-05-03T21:33:30.895] [ERROR] hftrace - nethogs execution error: Error: spawn nethogs-wrapper.py ENOENT
    at Process.ChildProcess._handle.onexit (internal/child_process.js:267:19)
    at onErrorNT (internal/child_process.js:469:16)
    at processTicksAndRejections (internal/process/task_queues.js:84:21) {
  errno: 'ENOENT',
  code: 'ENOENT',
  syscall: 'spawn nethogs-wrapper.py',
  path: 'nethogs-wrapper.py',
  spawnargs: []
}
[2020-05-03T21:33:30.906] [INFO] hftrace - jobMessage:  [
  'TGMfC62C8:1:20:1_msg',
  '{"executable":"mViewer","args":["-ct","0","-gray","2-mosaic.fits","0s","99.999%","gaussian","-out","2-mosaic.jpg"],"inputs":[{"name":"2-mosaic.fits","_id":43,"source":19,"firingId":1,"sigIdx":1}],"outputs":[{"name":"2-mosaic.jpg"}],"redis_url":"redis://redis.default.svc.cluster.local:6379","taskId":"TGMfC62C8:1:20:1","name":"mViewer"}'
]
[2020-05-03T21:33:30.910] [INFO] hftrace - Job command: 'mViewer -ct 0 -gray 2-mosaic.fits 0s 99.999% gaussian -out 2-mosaic.jpg'
[2020-05-03T21:33:30.919] [INFO] hftrace - command: {"pid":19,"name":"mViewer","command":["mViewer","-ct","0","-gray","2-mosaic.fits","0s","99.999%","gaussian","-out","2-mosaic.jpg"]}
[2020-05-03T21:33:30.920] [INFO] hftrace - IO: {"read":9993,"write":1,"readSyscalls":11,"writeSyscalls":1,"readReal":0,"writeReal":0,"writeCancelled":0,"pid":19,"name":"mViewer"}
[2020-05-03T21:33:30.921] [INFO] hftrace - NetDev: pid: 19 [{"name":"lo","rxBytes":0,"rxPackets":0,"rxErrors":0,"rxDrop":0,"rxFifo":0,"rxFrame":0,"rxCompressed":0,"rxMulticast":0,"txBytes":0,"txPackets":0,"txErrors":0,"txDrop":0,"txFifo":0,"txColls":0,"txCarrier":0,"txCompressed":0},{"name":"eth0","rxBytes":5609,"rxPackets":16,"rxErrors":0,"rxDrop":0,"rxFifo":0,"rxFrame":0,"rxCompressed":0,"rxMulticast":0,"txBytes":1379,"txPackets":16,"txErrors":0,"txDrop":0,"txFifo":0,"txColls":0,"txCarrier":0,"txCompressed":0}]
[2020-05-03T21:33:30.930] [INFO] hftrace - job started: mViewer
[2020-05-03T21:33:30.957] [INFO] hftrace - Procusage: pid: 19 {"cpu":0,"memory":7872512,"ctime":30,"elapsed":30,"timestamp":1588541610956,"pid":19,"ppid":7}
[2020-05-03T21:33:30.957] [INFO] hftrace - Sysinfo: {"cpu":{"manufacturer":"Intel®","brand":"Xeon®","vendor":"","family":"","model":"","stepping":"","revision":"","voltage":"","speed":"2.00","speedmin":"","speedmax":"","governor":"","cores":4,"physicalCores":4,"processors":1,"socket":"","cache":{"l1d":"","l1i":"","l2":"","l3":""}},"mem":{"total":4140511232,"free":228765696,"used":3911745536,"active":1193164800,"available":2947346432,"buffers":206786560,"cached":2465849344,"slab":414224384,"buffcache":3086860288,"swaptotal":0,"swapused":0,"swapfree":0}}
[2020-05-03T21:33:31.076] [INFO] hftrace - job successful (try 1): mViewer
[2020-05-03T21:33:31.076] [INFO] hftrace - job exit code: 0
[2020-05-03T21:33:31.077] [INFO] hftrace - Job inputs: [ { '2-mosaic.fits': 14400 } ]
[2020-05-03T21:33:31.078] [INFO] hftrace - Job outputs: [ { '2-mosaic.jpg': 1088 } ]
[2020-05-03T21:33:31.078] [INFO] hftrace - handler exiting
