[2020-05-03T21:33:31.685] [INFO] hftrace - handler started
[2020-05-03T21:33:31.689] [ERROR] hftrace - nethogs execution error: Error: spawn nethogs-wrapper.py ENOENT
    at Process.ChildProcess._handle.onexit (internal/child_process.js:267:19)
    at onErrorNT (internal/child_process.js:469:16)
    at processTicksAndRejections (internal/process/task_queues.js:84:21) {
  errno: 'ENOENT',
  code: 'ENOENT',
  syscall: 'spawn nethogs-wrapper.py',
  path: 'nethogs-wrapper.py',
  spawnargs: []
}
[2020-05-03T21:33:31.702] [INFO] hftrace - jobMessage:  [
  'TGMfC62C8:1:26:1_msg',
  '{"executable":"mBackground","args":["-t","p2mass-atlas-001021s-k0490233.fits","c2mass-atlas-001021s-k0490233.fits","3-projected.tbl","3-corrections.tbl"],"inputs":[{"name":"p2mass-atlas-001021s-k0490233_area.fits","_id":46,"source":21,"firingId":1,"sigIdx":1},{"name":"p2mass-atlas-001021s-k0490233.fits","_id":47,"source":21,"firingId":1,"sigIdx":1},{"name":"3-corrections.tbl","_id":55,"source":25,"firingId":1,"sigIdx":1},{"name":"3-projected.tbl","_id":56,"data":[{}],"sigIdx":1}],"outputs":[{"name":"c2mass-atlas-001021s-k0490233_area.fits"},{"name":"c2mass-atlas-001021s-k0490233.fits"}],"redis_url":"redis://redis.default.svc.cluster.local:6379","taskId":"TGMfC62C8:1:26:1","name":"mBackground"}'
]
[2020-05-03T21:33:31.706] [INFO] hftrace - Job command: 'mBackground -t p2mass-atlas-001021s-k0490233.fits c2mass-atlas-001021s-k0490233.fits 3-projected.tbl 3-corrections.tbl'
[2020-05-03T21:33:31.715] [INFO] hftrace - command: {"pid":19,"name":"mBackground","command":["mBackground","-t","p2mass-atlas-001021s-k0490233.fits","c2mass-atlas-001021s-k0490233.fits","3-projected.tbl","3-corrections.tbl"]}
[2020-05-03T21:33:31.716] [INFO] hftrace - IO: {"read":1225,"write":1,"readSyscalls":5,"writeSyscalls":1,"readReal":0,"writeReal":0,"writeCancelled":0,"pid":19,"name":"mBackground"}
[2020-05-03T21:33:31.718] [INFO] hftrace - NetDev: pid: 19 [{"name":"eth0","rxBytes":5847,"rxPackets":14,"rxErrors":0,"rxDrop":0,"rxFifo":0,"rxFrame":0,"rxCompressed":0,"rxMulticast":0,"txBytes":1337,"txPackets":15,"txErrors":0,"txDrop":0,"txFifo":0,"txColls":0,"txCarrier":0,"txCompressed":0},{"name":"lo","rxBytes":0,"rxPackets":0,"rxErrors":0,"rxDrop":0,"rxFifo":0,"rxFrame":0,"rxCompressed":0,"rxMulticast":0,"txBytes":0,"txPackets":0,"txErrors":0,"txDrop":0,"txFifo":0,"txColls":0,"txCarrier":0,"txCompressed":0}]
[2020-05-03T21:33:31.725] [INFO] hftrace - job started: mBackground
[2020-05-03T21:33:31.751] [INFO] hftrace - Procusage: pid: 19 {"cpu":0,"memory":16408576,"ctime":30,"elapsed":30,"timestamp":1588541611750,"pid":19,"ppid":7}
[2020-05-03T21:33:31.751] [INFO] hftrace - Sysinfo: {"cpu":{"manufacturer":"Intel®","brand":"Xeon®","vendor":"","family":"","model":"","stepping":"","revision":"","voltage":"","speed":"2.00","speedmin":"","speedmax":"","governor":"","cores":4,"physicalCores":4,"processors":1,"socket":"","cache":{"l1d":"","l1i":"","l2":"","l3":""}},"mem":{"total":4140511232,"free":1569275904,"used":2571235328,"active":1365905408,"available":2774605824,"buffers":189190144,"cached":1068871680,"slab":328667136,"buffcache":1586728960,"swaptotal":0,"swapused":0,"swapfree":0}}
[2020-05-03T21:33:32.085] [INFO] hftrace - job successful (try 1): mBackground
[2020-05-03T21:33:32.086] [INFO] hftrace - job exit code: 0
[2020-05-03T21:33:32.087] [INFO] hftrace - Job inputs: [
  { 'p2mass-atlas-001021s-k0490233_area.fits': 4144320 },
  { 'p2mass-atlas-001021s-k0490233.fits': 4144320 },
  { '3-corrections.tbl': 166 },
  { '3-projected.tbl': 658 }
]
[2020-05-03T21:33:32.087] [INFO] hftrace - Job outputs: [
  { 'c2mass-atlas-001021s-k0490233_area.fits': 4144320 },
  { 'c2mass-atlas-001021s-k0490233.fits': 4144320 }
]
[2020-05-03T21:33:32.088] [INFO] hftrace - handler exiting
