[2020-05-03T21:33:03.065] [INFO] hftrace - handler started
[2020-05-03T21:33:03.070] [ERROR] hftrace - nethogs execution error: Error: spawn nethogs-wrapper.py ENOENT
    at Process.ChildProcess._handle.onexit (internal/child_process.js:267:19)
    at onErrorNT (internal/child_process.js:469:16)
    at processTicksAndRejections (internal/process/task_queues.js:84:21) {
  errno: 'ENOENT',
  code: 'ENOENT',
  syscall: 'spawn nethogs-wrapper.py',
  path: 'nethogs-wrapper.py',
  spawnargs: []
}
[2020-05-03T21:33:03.098] [INFO] hftrace - jobMessage:  [
  'TGMfC62C8:1:21:1_msg',
  '{"executable":"mProject","args":["-X","2mass-atlas-001021s-k0490233.fits","p2mass-atlas-001021s-k0490233.fits","region-oversized.hdr"],"inputs":[{"name":"region-oversized.hdr","_id":2,"data":[{}],"sigIdx":1},{"name":"2mass-atlas-001021s-k0490233.fits","_id":45,"data":[{}],"sigIdx":1}],"outputs":[{"name":"p2mass-atlas-001021s-k0490233_area.fits"},{"name":"p2mass-atlas-001021s-k0490233.fits"}],"redis_url":"redis://redis.default.svc.cluster.local:6379","taskId":"TGMfC62C8:1:21:1","name":"mProject"}'
]
[2020-05-03T21:33:03.100] [INFO] hftrace - Job command: 'mProject -X 2mass-atlas-001021s-k0490233.fits p2mass-atlas-001021s-k0490233.fits region-oversized.hdr'
[2020-05-03T21:33:03.108] [INFO] hftrace - command: {"pid":18,"name":"mProject","command":["mProject","-X","2mass-atlas-001021s-k0490233.fits","p2mass-atlas-001021s-k0490233.fits","region-oversized.hdr"]}
[2020-05-03T21:33:03.110] [INFO] hftrace - IO: {"read":1225,"write":1,"readSyscalls":5,"writeSyscalls":1,"readReal":0,"writeReal":0,"writeCancelled":0,"pid":18,"name":"mProject"}
[2020-05-03T21:33:03.111] [INFO] hftrace - NetDev: pid: 18 [{"name":"eth0","rxBytes":5820,"rxPackets":16,"rxErrors":0,"rxDrop":0,"rxFifo":0,"rxFrame":0,"rxCompressed":0,"rxMulticast":0,"txBytes":1337,"txPackets":15,"txErrors":0,"txDrop":0,"txFifo":0,"txColls":0,"txCarrier":0,"txCompressed":0},{"name":"lo","rxBytes":0,"rxPackets":0,"rxErrors":0,"rxDrop":0,"rxFifo":0,"rxFrame":0,"rxCompressed":0,"rxMulticast":0,"txBytes":0,"txPackets":0,"txErrors":0,"txDrop":0,"txFifo":0,"txColls":0,"txCarrier":0,"txCompressed":0}]
[2020-05-03T21:33:03.134] [INFO] hftrace - job started: mProject
[2020-05-03T21:33:03.168] [INFO] hftrace - Procusage: pid: 18 {"cpu":0,"memory":1998848,"ctime":20,"elapsed":60,"timestamp":1588541583167,"pid":18,"ppid":6}
[2020-05-03T21:33:03.201] [INFO] hftrace - Sysinfo: {"cpu":{"manufacturer":"Intel®","brand":"Xeon®","vendor":"","family":"","model":"","stepping":"","revision":"","voltage":"","speed":"2.00","speedmin":"","speedmax":"","governor":"","cores":4,"physicalCores":4,"processors":1,"socket":"","cache":{"l1d":"","l1i":"","l2":"","l3":""}},"mem":{"total":4140511232,"free":1590452224,"used":2550059008,"active":1473728512,"available":2666782720,"buffers":187187200,"cached":941015040,"slab":335396864,"buffcache":1463599104,"swaptotal":0,"swapused":0,"swapfree":0}}
[2020-05-03T21:33:05.111] [INFO] hftrace - IO: {"read":2953494,"write":1,"readSyscalls":112,"writeSyscalls":1,"readReal":1474560,"writeReal":0,"writeCancelled":0,"pid":18,"name":"mProject"}
[2020-05-03T21:33:05.113] [INFO] hftrace - NetDev: pid: 18 [{"name":"eth0","rxBytes":6630,"rxPackets":24,"rxErrors":0,"rxDrop":0,"rxFifo":0,"rxFrame":0,"rxCompressed":0,"rxMulticast":0,"txBytes":1403,"txPackets":16,"txErrors":0,"txDrop":0,"txFifo":0,"txColls":0,"txCarrier":0,"txCompressed":0},{"name":"lo","rxBytes":0,"rxPackets":0,"rxErrors":0,"rxDrop":0,"rxFifo":0,"rxFrame":0,"rxCompressed":0,"rxMulticast":0,"txBytes":0,"txPackets":0,"txErrors":0,"txDrop":0,"txFifo":0,"txColls":0,"txCarrier":0,"txCompressed":0}]
[2020-05-03T21:33:05.169] [INFO] hftrace - Procusage: pid: 18 {"cpu":92.5,"memory":12468224,"ctime":1870,"elapsed":2060,"timestamp":1588541585169,"pid":18,"ppid":6}
[2020-05-03T21:33:07.111] [INFO] hftrace - IO: {"read":2953494,"write":1,"readSyscalls":112,"writeSyscalls":1,"readReal":1474560,"writeReal":0,"writeCancelled":0,"pid":18,"name":"mProject"}
[2020-05-03T21:33:07.112] [INFO] hftrace - NetDev: pid: 18 [{"name":"eth0","rxBytes":6630,"rxPackets":24,"rxErrors":0,"rxDrop":0,"rxFifo":0,"rxFrame":0,"rxCompressed":0,"rxMulticast":0,"txBytes":1403,"txPackets":16,"txErrors":0,"txDrop":0,"txFifo":0,"txColls":0,"txCarrier":0,"txCompressed":0},{"name":"lo","rxBytes":0,"rxPackets":0,"rxErrors":0,"rxDrop":0,"rxFifo":0,"rxFrame":0,"rxCompressed":0,"rxMulticast":0,"txBytes":0,"txPackets":0,"txErrors":0,"txDrop":0,"txFifo":0,"txColls":0,"txCarrier":0,"txCompressed":0}]
[2020-05-03T21:33:07.169] [INFO] hftrace - Procusage: pid: 18 {"cpu":96.5,"memory":12468224,"ctime":3800,"elapsed":4060,"timestamp":1588541587169,"pid":18,"ppid":6}
[2020-05-03T21:33:09.112] [INFO] hftrace - IO: {"read":2953494,"write":1,"readSyscalls":112,"writeSyscalls":1,"readReal":1474560,"writeReal":0,"writeCancelled":0,"pid":18,"name":"mProject"}
[2020-05-03T21:33:09.113] [INFO] hftrace - NetDev: pid: 18 [{"name":"eth0","rxBytes":6742,"rxPackets":26,"rxErrors":0,"rxDrop":0,"rxFifo":0,"rxFrame":0,"rxCompressed":0,"rxMulticast":0,"txBytes":1445,"txPackets":17,"txErrors":0,"txDrop":0,"txFifo":0,"txColls":0,"txCarrier":0,"txCompressed":0},{"name":"lo","rxBytes":0,"rxPackets":0,"rxErrors":0,"rxDrop":0,"rxFifo":0,"rxFrame":0,"rxCompressed":0,"rxMulticast":0,"txBytes":0,"txPackets":0,"txErrors":0,"txDrop":0,"txFifo":0,"txColls":0,"txCarrier":0,"txCompressed":0}]
[2020-05-03T21:33:09.169] [INFO] hftrace - Procusage: pid: 18 {"cpu":98,"memory":12468224,"ctime":5760,"elapsed":6060,"timestamp":1588541589169,"pid":18,"ppid":6}
[2020-05-03T21:33:11.113] [INFO] hftrace - IO: {"read":2953494,"write":1,"readSyscalls":112,"writeSyscalls":1,"readReal":1474560,"writeReal":0,"writeCancelled":0,"pid":18,"name":"mProject"}
[2020-05-03T21:33:11.114] [INFO] hftrace - NetDev: pid: 18 [{"name":"eth0","rxBytes":6742,"rxPackets":26,"rxErrors":0,"rxDrop":0,"rxFifo":0,"rxFrame":0,"rxCompressed":0,"rxMulticast":0,"txBytes":1445,"txPackets":17,"txErrors":0,"txDrop":0,"txFifo":0,"txColls":0,"txCarrier":0,"txCompressed":0},{"name":"lo","rxBytes":0,"rxPackets":0,"rxErrors":0,"rxDrop":0,"rxFifo":0,"rxFrame":0,"rxCompressed":0,"rxMulticast":0,"txBytes":0,"txPackets":0,"txErrors":0,"txDrop":0,"txFifo":0,"txColls":0,"txCarrier":0,"txCompressed":0}]
[2020-05-03T21:33:11.170] [INFO] hftrace - Procusage: pid: 18 {"cpu":98,"memory":12468224,"ctime":7720,"elapsed":8060,"timestamp":1588541591170,"pid":18,"ppid":6}
[2020-05-03T21:33:13.115] [INFO] hftrace - IO: {"read":2953494,"write":1,"readSyscalls":112,"writeSyscalls":1,"readReal":1474560,"writeReal":0,"writeCancelled":0,"pid":18,"name":"mProject"}
[2020-05-03T21:33:13.116] [INFO] hftrace - NetDev: pid: 18 [{"name":"eth0","rxBytes":6742,"rxPackets":26,"rxErrors":0,"rxDrop":0,"rxFifo":0,"rxFrame":0,"rxCompressed":0,"rxMulticast":0,"txBytes":1445,"txPackets":17,"txErrors":0,"txDrop":0,"txFifo":0,"txColls":0,"txCarrier":0,"txCompressed":0},{"name":"lo","rxBytes":0,"rxPackets":0,"rxErrors":0,"rxDrop":0,"rxFifo":0,"rxFrame":0,"rxCompressed":0,"rxMulticast":0,"txBytes":0,"txPackets":0,"txErrors":0,"txDrop":0,"txFifo":0,"txColls":0,"txCarrier":0,"txCompressed":0}]
[2020-05-03T21:33:13.173] [INFO] hftrace - Procusage: pid: 18 {"cpu":94.5273631840796,"memory":12468224,"ctime":9620,"elapsed":10070,"timestamp":1588541593173,"pid":18,"ppid":6}
[2020-05-03T21:33:15.116] [INFO] hftrace - IO: {"read":2953494,"write":1,"readSyscalls":112,"writeSyscalls":1,"readReal":1474560,"writeReal":0,"writeCancelled":0,"pid":18,"name":"mProject"}
[2020-05-03T21:33:15.117] [INFO] hftrace - NetDev: pid: 18 [{"name":"eth0","rxBytes":6742,"rxPackets":26,"rxErrors":0,"rxDrop":0,"rxFifo":0,"rxFrame":0,"rxCompressed":0,"rxMulticast":0,"txBytes":1445,"txPackets":17,"txErrors":0,"txDrop":0,"txFifo":0,"txColls":0,"txCarrier":0,"txCompressed":0},{"name":"lo","rxBytes":0,"rxPackets":0,"rxErrors":0,"rxDrop":0,"rxFifo":0,"rxFrame":0,"rxCompressed":0,"rxMulticast":0,"txBytes":0,"txPackets":0,"txErrors":0,"txDrop":0,"txFifo":0,"txColls":0,"txCarrier":0,"txCompressed":0}]
[2020-05-03T21:33:15.174] [INFO] hftrace - Procusage: pid: 18 {"cpu":97,"memory":12468224,"ctime":11560,"elapsed":12070,"timestamp":1588541595174,"pid":18,"ppid":6}
[2020-05-03T21:33:17.117] [INFO] hftrace - IO: {"read":2953494,"write":1,"readSyscalls":112,"writeSyscalls":1,"readReal":1474560,"writeReal":0,"writeCancelled":0,"pid":18,"name":"mProject"}
[2020-05-03T21:33:17.120] [INFO] hftrace - NetDev: pid: 18 [{"name":"eth0","rxBytes":6812,"rxPackets":27,"rxErrors":0,"rxDrop":0,"rxFifo":0,"rxFrame":0,"rxCompressed":0,"rxMulticast":0,"txBytes":1445,"txPackets":17,"txErrors":0,"txDrop":0,"txFifo":0,"txColls":0,"txCarrier":0,"txCompressed":0},{"name":"lo","rxBytes":0,"rxPackets":0,"rxErrors":0,"rxDrop":0,"rxFifo":0,"rxFrame":0,"rxCompressed":0,"rxMulticast":0,"txBytes":0,"txPackets":0,"txErrors":0,"txDrop":0,"txFifo":0,"txColls":0,"txCarrier":0,"txCompressed":0}]
[2020-05-03T21:33:17.175] [INFO] hftrace - Procusage: pid: 18 {"cpu":89,"memory":12468224,"ctime":13340,"elapsed":14070,"timestamp":1588541597175,"pid":18,"ppid":6}
[2020-05-03T21:33:19.118] [INFO] hftrace - IO: {"read":2953494,"write":1,"readSyscalls":112,"writeSyscalls":1,"readReal":1474560,"writeReal":0,"writeCancelled":0,"pid":18,"name":"mProject"}
[2020-05-03T21:33:19.120] [INFO] hftrace - NetDev: pid: 18 [{"name":"eth0","rxBytes":6812,"rxPackets":27,"rxErrors":0,"rxDrop":0,"rxFifo":0,"rxFrame":0,"rxCompressed":0,"rxMulticast":0,"txBytes":1445,"txPackets":17,"txErrors":0,"txDrop":0,"txFifo":0,"txColls":0,"txCarrier":0,"txCompressed":0},{"name":"lo","rxBytes":0,"rxPackets":0,"rxErrors":0,"rxDrop":0,"rxFifo":0,"rxFrame":0,"rxCompressed":0,"rxMulticast":0,"txBytes":0,"txPackets":0,"txErrors":0,"txDrop":0,"txFifo":0,"txColls":0,"txCarrier":0,"txCompressed":0}]
[2020-05-03T21:33:19.175] [INFO] hftrace - Procusage: pid: 18 {"cpu":97,"memory":12468224,"ctime":15280,"elapsed":16070,"timestamp":1588541599175,"pid":18,"ppid":6}
[2020-05-03T21:33:21.118] [INFO] hftrace - IO: {"read":2953494,"write":1,"readSyscalls":112,"writeSyscalls":1,"readReal":1474560,"writeReal":0,"writeCancelled":0,"pid":18,"name":"mProject"}
[2020-05-03T21:33:21.121] [INFO] hftrace - NetDev: pid: 18 [{"name":"eth0","rxBytes":6812,"rxPackets":27,"rxErrors":0,"rxDrop":0,"rxFifo":0,"rxFrame":0,"rxCompressed":0,"rxMulticast":0,"txBytes":1445,"txPackets":17,"txErrors":0,"txDrop":0,"txFifo":0,"txColls":0,"txCarrier":0,"txCompressed":0},{"name":"lo","rxBytes":0,"rxPackets":0,"rxErrors":0,"rxDrop":0,"rxFifo":0,"rxFrame":0,"rxCompressed":0,"rxMulticast":0,"txBytes":0,"txPackets":0,"txErrors":0,"txDrop":0,"txFifo":0,"txColls":0,"txCarrier":0,"txCompressed":0}]
[2020-05-03T21:33:21.177] [INFO] hftrace - Procusage: pid: 18 {"cpu":98.5,"memory":12468224,"ctime":17250,"elapsed":18070,"timestamp":1588541601177,"pid":18,"ppid":6}
[2020-05-03T21:33:23.119] [INFO] hftrace - IO: {"read":2953494,"write":1,"readSyscalls":112,"writeSyscalls":1,"readReal":1474560,"writeReal":0,"writeCancelled":0,"pid":18,"name":"mProject"}
[2020-05-03T21:33:23.121] [INFO] hftrace - NetDev: pid: 18 [{"name":"eth0","rxBytes":6812,"rxPackets":27,"rxErrors":0,"rxDrop":0,"rxFifo":0,"rxFrame":0,"rxCompressed":0,"rxMulticast":0,"txBytes":1445,"txPackets":17,"txErrors":0,"txDrop":0,"txFifo":0,"txColls":0,"txCarrier":0,"txCompressed":0},{"name":"lo","rxBytes":0,"rxPackets":0,"rxErrors":0,"rxDrop":0,"rxFifo":0,"rxFrame":0,"rxCompressed":0,"rxMulticast":0,"txBytes":0,"txPackets":0,"txErrors":0,"txDrop":0,"txFifo":0,"txColls":0,"txCarrier":0,"txCompressed":0}]
[2020-05-03T21:33:23.179] [INFO] hftrace - Procusage: pid: 18 {"cpu":96.5,"memory":12468224,"ctime":19180,"elapsed":20070,"timestamp":1588541603179,"pid":18,"ppid":6}
[2020-05-03T21:33:25.122] [INFO] hftrace - IO: {"read":2953494,"write":1,"readSyscalls":112,"writeSyscalls":1,"readReal":1474560,"writeReal":0,"writeCancelled":0,"pid":18,"name":"mProject"}
[2020-05-03T21:33:25.122] [INFO] hftrace - NetDev: pid: 18 [{"name":"eth0","rxBytes":6812,"rxPackets":27,"rxErrors":0,"rxDrop":0,"rxFifo":0,"rxFrame":0,"rxCompressed":0,"rxMulticast":0,"txBytes":1445,"txPackets":17,"txErrors":0,"txDrop":0,"txFifo":0,"txColls":0,"txCarrier":0,"txCompressed":0},{"name":"lo","rxBytes":0,"rxPackets":0,"rxErrors":0,"rxDrop":0,"rxFifo":0,"rxFrame":0,"rxCompressed":0,"rxMulticast":0,"txBytes":0,"txPackets":0,"txErrors":0,"txDrop":0,"txFifo":0,"txColls":0,"txCarrier":0,"txCompressed":0}]
[2020-05-03T21:33:25.181] [INFO] hftrace - Procusage: pid: 18 {"cpu":98,"memory":12468224,"ctime":21140,"elapsed":22070,"timestamp":1588541605181,"pid":18,"ppid":6}
[2020-05-03T21:33:25.550] [INFO] hftrace - job successful (try 1): mProject
[2020-05-03T21:33:25.550] [INFO] hftrace - job exit code: 0
[2020-05-03T21:33:25.552] [INFO] hftrace - Job inputs: [
  { 'region-oversized.hdr': 277 },
  { '2mass-atlas-001021s-k0490233.fits': 1473388 }
]
[2020-05-03T21:33:25.553] [INFO] hftrace - Job outputs: [
  { 'p2mass-atlas-001021s-k0490233_area.fits': 4144320 },
  { 'p2mass-atlas-001021s-k0490233.fits': 4144320 }
]
[2020-05-03T21:33:25.553] [INFO] hftrace - handler exiting
