[2020-05-03T21:33:18.998] [INFO] hftrace - handler started
[2020-05-03T21:33:19.001] [ERROR] hftrace - nethogs execution error: Error: spawn nethogs-wrapper.py ENOENT
    at Process.ChildProcess._handle.onexit (internal/child_process.js:267:19)
    at onErrorNT (internal/child_process.js:469:16)
    at processTicksAndRejections (internal/process/task_queues.js:84:21) {
  errno: 'ENOENT',
  code: 'ENOENT',
  syscall: 'spawn nethogs-wrapper.py',
  path: 'nethogs-wrapper.py',
  spawnargs: []
}
[2020-05-03T21:33:19.034] [INFO] hftrace - jobMessage:  [
  'TGMfC62C8:1:14:1_msg',
  '{"executable":"mConcatFit","args":["2-stat.tbl","2-fits.tbl","."],"inputs":[{"name":"2-fit.000001.000002.txt","_id":30,"source":13,"firingId":1,"sigIdx":1},{"name":"2-stat.tbl","_id":31,"data":[{}],"sigIdx":1}],"outputs":[{"name":"2-fits.tbl"}],"redis_url":"redis://redis.default.svc.cluster.local:6379","taskId":"TGMfC62C8:1:14:1","name":"mConcatFit"}'
]
[2020-05-03T21:33:19.035] [INFO] hftrace - Job command: 'mConcatFit 2-stat.tbl 2-fits.tbl .'
[2020-05-03T21:33:19.043] [INFO] hftrace - command: {"pid":19,"name":"mConcatFit","command":["mConcatFit","2-stat.tbl","2-fits.tbl","."]}
[2020-05-03T21:33:19.044] [INFO] hftrace - IO: {"read":1225,"write":1,"readSyscalls":5,"writeSyscalls":1,"readReal":0,"writeReal":0,"writeCancelled":0,"pid":19,"name":"mConcatFit"}
[2020-05-03T21:33:19.046] [INFO] hftrace - NetDev: pid: 19 [{"name":"lo","rxBytes":0,"rxPackets":0,"rxErrors":0,"rxDrop":0,"rxFifo":0,"rxFrame":0,"rxCompressed":0,"rxMulticast":0,"txBytes":0,"txPackets":0,"txErrors":0,"txDrop":0,"txFifo":0,"txColls":0,"txCarrier":0,"txCompressed":0},{"name":"eth0","rxBytes":5538,"rxPackets":15,"rxErrors":0,"rxDrop":0,"rxFifo":0,"rxFrame":0,"rxCompressed":0,"rxMulticast":0,"txBytes":1379,"txPackets":16,"txErrors":0,"txDrop":0,"txFifo":0,"txColls":0,"txCarrier":0,"txCompressed":0}]
[2020-05-03T21:33:19.054] [INFO] hftrace - job started: mConcatFit
[2020-05-03T21:33:19.082] [INFO] hftrace - Procusage: pid: 19 {"cpu":0,"memory":14741504,"ctime":20,"elapsed":30,"timestamp":1588541599081,"pid":19,"ppid":7}
[2020-05-03T21:33:19.082] [INFO] hftrace - Sysinfo: {"cpu":{"manufacturer":"Intel®","brand":"Xeon®","vendor":"","family":"","model":"","stepping":"","revision":"","voltage":"","speed":"2.00","speedmin":"","speedmax":"","governor":"","cores":4,"physicalCores":4,"processors":1,"socket":"","cache":{"l1d":"","l1i":"","l2":"","l3":""}},"mem":{"total":4140511232,"free":161255424,"used":3979255808,"active":1201655808,"available":2938855424,"buffers":206102528,"cached":2526187520,"slab":414498816,"buffcache":3146788864,"swaptotal":0,"swapused":0,"swapfree":0}}
[2020-05-03T21:33:19.208] [INFO] hftrace - job successful (try 1): mConcatFit
[2020-05-03T21:33:19.208] [INFO] hftrace - job exit code: 0
[2020-05-03T21:33:19.209] [INFO] hftrace - Job inputs: [ { '2-fit.000001.000002.txt': 268 }, { '2-stat.tbl': 650 } ]
[2020-05-03T21:33:19.209] [INFO] hftrace - Job outputs: [ { '2-fits.tbl': 417 } ]
[2020-05-03T21:33:19.209] [INFO] hftrace - handler exiting
