[2020-05-13T09:55:40.562] [INFO] hftrace - Environment variables (HF_LOG): {"podIp":"10.40.1.41","nodeName":"gke-cluster-x-default-pool-917ea268-8629","podName":"job3z0wbn-mdifffit-13-1-88nbt","podServiceAccount":"default","podNamespace":"default"}
[2020-05-13T09:55:40.574] [INFO] hftrace - handler started
[2020-05-13T09:55:40.604] [INFO] hftrace - jobMessage:  [
  'j6Bb_ZBMN:1:13:1_msg',
  '{"executable":"mDiffFit","args":["-s","fit.000001.000005.txt","p2mass-atlas-001124n-j0880044.fits","p2mass-atlas-001124n-j0870232.fits","diff.000001.000005.fits","big_region_20180402_165339_22325.hdr"],"inputs":[{"name":"p2mass-atlas-001124n-j0880044.fits","_id":2,"source":1,"firingId":1,"sigIdx":1},{"name":"p2mass-atlas-001124n-j0880044_area.fits","_id":3,"source":1,"firingId":1,"sigIdx":1},{"name":"big_region_20180402_165339_22325.hdr","_id":4,"data":[{}],"sigIdx":1},{"name":"p2mass-atlas-001124n-j0870232.fits","_id":15,"source":5,"firingId":1,"sigIdx":1},{"name":"p2mass-atlas-001124n-j0870232_area.fits","_id":16,"source":5,"firingId":1,"sigIdx":1},{"name":"mDiff","_id":32,"data":[{}],"sigIdx":1},{"name":"mFitplane","_id":33,"data":[{}],"sigIdx":1}],"outputs":[{"name":"fit.000001.000005.txt"},{"name":"diff.000001.000005.fits"}],"redis_url":"redis://redis.default.svc.cluster.local:6379","taskId":"j6Bb_ZBMN:1:13:1","name":"mDiffFit"}'
]
[2020-05-13T09:55:40.606] [INFO] hftrace - Job command: 'mDiffFit -s fit.000001.000005.txt p2mass-atlas-001124n-j0880044.fits p2mass-atlas-001124n-j0870232.fits diff.000001.000005.fits big_region_20180402_165339_22325.hdr'
[2020-05-13T09:55:40.619] [INFO] hftrace - command: {"pid":23,"name":"mDiffFit","command":["mDiffFit","-s","fit.000001.000005.txt","p2mass-atlas-001124n-j0880044.fits","p2mass-atlas-001124n-j0870232.fits","diff.000001.000005.fits","big_region_20180402_165339_22325.hdr"]}
[2020-05-13T09:55:40.620] [INFO] hftrace - IO: {"read":1225,"write":1,"readSyscalls":5,"writeSyscalls":1,"readReal":0,"writeReal":0,"writeCancelled":0,"pid":23,"name":"mDiffFit"}
[2020-05-13T09:55:40.622] [INFO] hftrace - NetDev: pid: 23 [{"name":"lo","rxBytes":0,"rxPackets":0,"rxErrors":0,"rxDrop":0,"rxFifo":0,"rxFrame":0,"rxCompressed":0,"rxMulticast":0,"txBytes":0,"txPackets":0,"txErrors":0,"txDrop":0,"txFifo":0,"txColls":0,"txCarrier":0,"txCompressed":0},{"name":"eth0","rxBytes":6267,"rxPackets":17,"rxErrors":0,"rxDrop":0,"rxFifo":0,"rxFrame":0,"rxCompressed":0,"rxMulticast":0,"txBytes":1337,"txPackets":15,"txErrors":0,"txDrop":0,"txFifo":0,"txColls":0,"txCarrier":0,"txCompressed":0}]
[2020-05-13T09:55:40.634] [INFO] hftrace - job started: mDiffFit
[2020-05-13T09:55:40.748] [INFO] hftrace - command: {"pid":25,"name":"mDiffFit","command":["mDiff","p2mass-atlas-001124n-j0880044.fits","p2mass-atlas-001124n-j0870232.fits","diff.000001.000005.fits","big_region_20180402_165339_22325.hdr"]}
[2020-05-13T09:55:40.748] [INFO] hftrace - IO: {"read":4908817,"write":0,"readSyscalls":1718,"writeSyscalls":0,"readReal":8249344,"writeReal":0,"writeCancelled":0,"pid":25,"name":"mDiffFit"}
[2020-05-13T09:55:40.749] [INFO] hftrace - NetDev: pid: 25 [{"name":"lo","rxBytes":0,"rxPackets":0,"rxErrors":0,"rxDrop":0,"rxFifo":0,"rxFrame":0,"rxCompressed":0,"rxMulticast":0,"txBytes":0,"txPackets":0,"txErrors":0,"txDrop":0,"txFifo":0,"txColls":0,"txCarrier":0,"txCompressed":0},{"name":"eth0","rxBytes":6267,"rxPackets":17,"rxErrors":0,"rxDrop":0,"rxFifo":0,"rxFrame":0,"rxCompressed":0,"rxMulticast":0,"txBytes":1403,"txPackets":16,"txErrors":0,"txDrop":0,"txFifo":0,"txColls":0,"txCarrier":0,"txCompressed":0}]
[2020-05-13T09:55:40.791] [INFO] hftrace - Procusage: pid: 23 {"cpu":0,"memory":479232,"ctime":0,"elapsed":180,"timestamp":1589363740791,"pid":23,"ppid":11}
[2020-05-13T09:55:40.792] [INFO] hftrace - Procusage: pid: 25 {"cpu":0,"memory":2809856,"ctime":30,"elapsed":160,"timestamp":1589363740792,"pid":25,"ppid":23}
[2020-05-13T09:55:40.800] [INFO] hftrace - Sysinfo: {"cpu":{"manufacturer":"Intel®","brand":"Xeon®","vendor":"GenuineIntel","family":"6","model":"85","stepping":"3","revision":"","voltage":"","speed":"2.00","speedmin":"","speedmax":"","governor":"","cores":2,"physicalCores":1,"processors":1,"socket":"","cache":{"l1d":32768,"l1i":32768,"l2":1048576,"l3":40370176}},"mem":{"total":2092941312,"free":185450496,"used":1907490816,"active":890429440,"available":1202511872,"buffers":75145216,"cached":995872768,"slab":192544768,"buffcache":1263562752,"swaptotal":0,"swapused":0,"swapfree":0}}
[2020-05-13T09:55:40.871] [INFO] hftrace - job successful (try 1): mDiffFit
[2020-05-13T09:55:40.871] [INFO] hftrace - job exit code: 0
[2020-05-13T09:55:40.875] [INFO] hftrace - Job inputs: [{"p2mass-atlas-001124n-j0880044.fits":4124160},{"p2mass-atlas-001124n-j0880044_area.fits":4124160},{"big_region_20180402_165339_22325.hdr":306},{"p2mass-atlas-001124n-j0870232.fits":4121280},{"p2mass-atlas-001124n-j0870232_area.fits":4121280},{"mDiff":-1},{"mFitplane":-1}]
[2020-05-13T09:55:40.875] [INFO] hftrace - Job outputs: [{"fit.000001.000005.txt":253},{"diff.000001.000005.fits":498240}]
[2020-05-13T09:55:40.875] [INFO] hftrace - handler exiting
