[2020-05-13T09:55:27.462] [INFO] hftrace - Environment variables (HF_LOG): {"podIp":"10.40.0.54","nodeName":"gke-cluster-x-default-pool-917ea268-7zqx","podName":"jobaj69ye-mdifffit-20-1-j848f","podServiceAccount":"default","podNamespace":"default"}
[2020-05-13T09:55:27.478] [INFO] hftrace - handler started
[2020-05-13T09:55:27.501] [INFO] hftrace - jobMessage:  [
  'j6Bb_ZBMN:1:20:1_msg',
  '{"executable":"mDiffFit","args":["-s","fit.000004.000007.txt","p2mass-atlas-001124n-j0870244.fits","p2mass-atlas-001124n-j0860032.fits","diff.000004.000007.fits","big_region_20180402_165339_22325.hdr"],"inputs":[{"name":"big_region_20180402_165339_22325.hdr","_id":4,"data":[{}],"sigIdx":1},{"name":"p2mass-atlas-001124n-j0870244.fits","_id":12,"source":4,"firingId":1,"sigIdx":1},{"name":"p2mass-atlas-001124n-j0870244_area.fits","_id":13,"source":4,"firingId":1,"sigIdx":1},{"name":"p2mass-atlas-001124n-j0860032.fits","_id":21,"source":7,"firingId":1,"sigIdx":1},{"name":"p2mass-atlas-001124n-j0860032_area.fits","_id":22,"source":7,"firingId":1,"sigIdx":1},{"name":"mDiff","_id":32,"data":[{}],"sigIdx":1},{"name":"mFitplane","_id":33,"data":[{}],"sigIdx":1}],"outputs":[{"name":"fit.000004.000007.txt"},{"name":"diff.000004.000007.fits"}],"redis_url":"redis://redis.default.svc.cluster.local:6379","taskId":"j6Bb_ZBMN:1:20:1","name":"mDiffFit"}'
]
[2020-05-13T09:55:27.503] [INFO] hftrace - Job command: 'mDiffFit -s fit.000004.000007.txt p2mass-atlas-001124n-j0870244.fits p2mass-atlas-001124n-j0860032.fits diff.000004.000007.fits big_region_20180402_165339_22325.hdr'
[2020-05-13T09:55:27.516] [INFO] hftrace - command: {"pid":23,"name":"mDiffFit","command":["mDiffFit","-s","fit.000004.000007.txt","p2mass-atlas-001124n-j0870244.fits","p2mass-atlas-001124n-j0860032.fits","diff.000004.000007.fits","big_region_20180402_165339_22325.hdr"]}
[2020-05-13T09:55:27.517] [INFO] hftrace - IO: {"read":1225,"write":1,"readSyscalls":5,"writeSyscalls":1,"readReal":0,"writeReal":0,"writeCancelled":0,"pid":23,"name":"mDiffFit"}
[2020-05-13T09:55:27.532] [INFO] hftrace - NetDev: pid: 23 [{"name":"lo","rxBytes":0,"rxPackets":0,"rxErrors":0,"rxDrop":0,"rxFifo":0,"rxFrame":0,"rxCompressed":0,"rxMulticast":0,"txBytes":0,"txPackets":0,"txErrors":0,"txDrop":0,"txFifo":0,"txColls":0,"txCarrier":0,"txCompressed":0},{"name":"eth0","rxBytes":6444,"rxPackets":20,"rxErrors":0,"rxDrop":0,"rxFifo":0,"rxFrame":0,"rxCompressed":0,"rxMulticast":0,"txBytes":1337,"txPackets":15,"txErrors":0,"txDrop":0,"txFifo":0,"txColls":0,"txCarrier":0,"txCompressed":0}]
[2020-05-13T09:55:27.561] [INFO] hftrace - job started: mDiffFit
[2020-05-13T09:55:27.604] [INFO] hftrace - command: {"pid":24,"name":"mDiffFit","command":["mDiff","p2mass-atlas-001124n-j0870244.fits","p2mass-atlas-001124n-j0860032.fits","diff.000004.000007.fits","big_region_20180402_165339_22325.hdr"]}
[2020-05-13T09:55:27.604] [INFO] hftrace - IO: {"read":10132307,"write":0,"readSyscalls":3533,"writeSyscalls":0,"readReal":8232960,"writeReal":0,"writeCancelled":0,"pid":24,"name":"mDiffFit"}
[2020-05-13T09:55:27.604] [INFO] hftrace - NetDev: pid: 24 [{"name":"lo","rxBytes":0,"rxPackets":0,"rxErrors":0,"rxDrop":0,"rxFifo":0,"rxFrame":0,"rxCompressed":0,"rxMulticast":0,"txBytes":0,"txPackets":0,"txErrors":0,"txDrop":0,"txFifo":0,"txColls":0,"txCarrier":0,"txCompressed":0},{"name":"eth0","rxBytes":6444,"rxPackets":20,"rxErrors":0,"rxDrop":0,"rxFifo":0,"rxFrame":0,"rxCompressed":0,"rxMulticast":0,"txBytes":1403,"txPackets":16,"txErrors":0,"txDrop":0,"txFifo":0,"txColls":0,"txCarrier":0,"txCompressed":0}]
[2020-05-13T09:55:27.646] [INFO] hftrace - Procusage: pid: 24 undefined
[2020-05-13T09:55:27.647] [INFO] hftrace - Procusage: pid: 23 {"cpu":0,"memory":532480,"ctime":0,"elapsed":140,"timestamp":1589363727646,"pid":23,"ppid":11}
[2020-05-13T09:55:27.648] [INFO] hftrace - Sysinfo: {"cpu":{"manufacturer":"Intel®","brand":"Xeon®","vendor":"GenuineIntel","family":"6","model":"85","stepping":"3","revision":"","voltage":"","speed":"2.00","speedmin":"","speedmax":"","governor":"","cores":2,"physicalCores":1,"processors":1,"socket":"","cache":{"l1d":32768,"l1i":32768,"l2":1048576,"l3":40370176}},"mem":{"total":2092941312,"free":241856512,"used":1851084800,"active":1053798400,"available":1039142912,"buffers":87310336,"cached":775888896,"slab":174915584,"buffcache":1038114816,"swaptotal":0,"swapused":0,"swapfree":0}}
[2020-05-13T09:55:27.713] [INFO] hftrace - job successful (try 1): mDiffFit
[2020-05-13T09:55:27.713] [INFO] hftrace - job exit code: 0
[2020-05-13T09:55:27.716] [INFO] hftrace - Job inputs: [{"big_region_20180402_165339_22325.hdr":306},{"p2mass-atlas-001124n-j0870244.fits":4115520},{"p2mass-atlas-001124n-j0870244_area.fits":4115520},{"p2mass-atlas-001124n-j0860032.fits":4121280},{"p2mass-atlas-001124n-j0860032_area.fits":4121280},{"mDiff":-1},{"mFitplane":-1}]
[2020-05-13T09:55:27.716] [INFO] hftrace - Job outputs: [{"fit.000004.000007.txt":250},{"diff.000004.000007.fits":478080}]
[2020-05-13T09:55:27.716] [INFO] hftrace - handler exiting
