[2020-05-13T09:55:30.138] [INFO] hftrace - Environment variables (HF_LOG): {"podIp":"10.40.1.37","nodeName":"gke-cluster-x-default-pool-917ea268-8629","podName":"jobqfqi1b-mdifffit-25-1-87hq5","podServiceAccount":"default","podNamespace":"default"}
[2020-05-13T09:55:30.166] [INFO] hftrace - handler started
[2020-05-13T09:55:30.206] [INFO] hftrace - jobMessage:  [
  'j6Bb_ZBMN:1:25:1_msg',
  '{"executable":"mDiffFit","args":["-s","fit.000007.000009.txt","p2mass-atlas-001124n-j0860032.fits","p2mass-atlas-001124n-j0850232.fits","diff.000007.000009.fits","big_region_20180402_165339_22325.hdr"],"inputs":[{"name":"big_region_20180402_165339_22325.hdr","_id":4,"data":[{}],"sigIdx":1},{"name":"p2mass-atlas-001124n-j0860032.fits","_id":21,"source":7,"firingId":1,"sigIdx":1},{"name":"p2mass-atlas-001124n-j0860032_area.fits","_id":22,"source":7,"firingId":1,"sigIdx":1},{"name":"p2mass-atlas-001124n-j0850232.fits","_id":27,"source":9,"firingId":1,"sigIdx":1},{"name":"p2mass-atlas-001124n-j0850232_area.fits","_id":28,"source":9,"firingId":1,"sigIdx":1},{"name":"mDiff","_id":32,"data":[{}],"sigIdx":1},{"name":"mFitplane","_id":33,"data":[{}],"sigIdx":1}],"outputs":[{"name":"fit.000007.000009.txt"},{"name":"diff.000007.000009.fits"}],"redis_url":"redis://redis.default.svc.cluster.local:6379","taskId":"j6Bb_ZBMN:1:25:1","name":"mDiffFit"}'
]
[2020-05-13T09:55:30.208] [INFO] hftrace - Job command: 'mDiffFit -s fit.000007.000009.txt p2mass-atlas-001124n-j0860032.fits p2mass-atlas-001124n-j0850232.fits diff.000007.000009.fits big_region_20180402_165339_22325.hdr'
[2020-05-13T09:55:30.229] [INFO] hftrace - command: {"pid":23,"name":"mDiffFit","command":["mDiffFit","-s","fit.000007.000009.txt","p2mass-atlas-001124n-j0860032.fits","p2mass-atlas-001124n-j0850232.fits","diff.000007.000009.fits","big_region_20180402_165339_22325.hdr"]}
[2020-05-13T09:55:30.230] [INFO] hftrace - IO: {"read":2185,"write":1,"readSyscalls":6,"writeSyscalls":1,"readReal":0,"writeReal":0,"writeCancelled":0,"pid":23,"name":"mDiffFit"}
[2020-05-13T09:55:30.236] [INFO] hftrace - NetDev: pid: 23 [{"name":"lo","rxBytes":0,"rxPackets":0,"rxErrors":0,"rxDrop":0,"rxFifo":0,"rxFrame":0,"rxCompressed":0,"rxMulticast":0,"txBytes":0,"txPackets":0,"txErrors":0,"txDrop":0,"txFifo":0,"txColls":0,"txCarrier":0,"txCompressed":0},{"name":"eth0","rxBytes":6318,"rxPackets":17,"rxErrors":0,"rxDrop":0,"rxFifo":0,"rxFrame":0,"rxCompressed":0,"rxMulticast":0,"txBytes":1337,"txPackets":15,"txErrors":0,"txDrop":0,"txFifo":0,"txColls":0,"txCarrier":0,"txCompressed":0}]
[2020-05-13T09:55:30.260] [INFO] hftrace - job started: mDiffFit
[2020-05-13T09:55:30.805] [INFO] hftrace - command: {"pid":24,"name":"mDiffFit","command":["mDiff","p2mass-atlas-001124n-j0860032.fits","p2mass-atlas-001124n-j0850232.fits","diff.000007.000009.fits","big_region_20180402_165339_22325.hdr"]}
[2020-05-13T09:55:30.808] [INFO] hftrace - IO: {"read":11655827,"write":0,"readSyscalls":4062,"writeSyscalls":0,"readReal":8249344,"writeReal":0,"writeCancelled":0,"pid":24,"name":"mDiffFit"}
[2020-05-13T09:55:30.808] [INFO] hftrace - NetDev: pid: 24 [{"name":"lo","rxBytes":0,"rxPackets":0,"rxErrors":0,"rxDrop":0,"rxFifo":0,"rxFrame":0,"rxCompressed":0,"rxMulticast":0,"txBytes":0,"txPackets":0,"txErrors":0,"txDrop":0,"txFifo":0,"txColls":0,"txCarrier":0,"txCompressed":0},{"name":"eth0","rxBytes":6730,"rxPackets":22,"rxErrors":0,"rxDrop":0,"rxFifo":0,"rxFrame":0,"rxCompressed":0,"rxMulticast":0,"txBytes":1403,"txPackets":16,"txErrors":0,"txDrop":0,"txFifo":0,"txColls":0,"txCarrier":0,"txCompressed":0}]
[2020-05-13T09:55:30.854] [INFO] hftrace - Procusage: pid: 23 {"cpu":0,"memory":598016,"ctime":0,"elapsed":390,"timestamp":1589363730853,"pid":23,"ppid":11}
[2020-05-13T09:55:30.854] [INFO] hftrace - Procusage: pid: 24 undefined
[2020-05-13T09:55:30.869] [INFO] hftrace - Sysinfo: {"cpu":{"manufacturer":"Intel®","brand":"Xeon®","vendor":"GenuineIntel","family":"6","model":"85","stepping":"3","revision":"","voltage":"","speed":"2.00","speedmin":"","speedmax":"","governor":"","cores":2,"physicalCores":1,"processors":1,"socket":"","cache":{"l1d":32768,"l1i":32768,"l2":1048576,"l3":40370176}},"mem":{"total":2092941312,"free":205160448,"used":1887780864,"active":900784128,"available":1192157184,"buffers":73957376,"cached":968011776,"slab":192819200,"buffcache":1234788352,"swaptotal":0,"swapused":0,"swapfree":0}}
[2020-05-13T09:55:30.910] [INFO] hftrace - job successful (try 1): mDiffFit
[2020-05-13T09:55:30.910] [INFO] hftrace - job exit code: 0
[2020-05-13T09:55:30.917] [INFO] hftrace - Job inputs: [{"big_region_20180402_165339_22325.hdr":306},{"p2mass-atlas-001124n-j0860032.fits":4121280},{"p2mass-atlas-001124n-j0860032_area.fits":4121280},{"p2mass-atlas-001124n-j0850232.fits":4124160},{"p2mass-atlas-001124n-j0850232_area.fits":4124160},{"mDiff":-1},{"mFitplane":-1}]
[2020-05-13T09:55:30.917] [INFO] hftrace - Job outputs: [{"fit.000007.000009.txt":247},{"diff.000007.000009.fits":155520}]
[2020-05-13T09:55:30.917] [INFO] hftrace - handler exiting
