[2020-05-13T09:55:36.171] [INFO] hftrace - Environment variables (HF_LOG): {"podIp":"10.40.2.41","nodeName":"gke-cluster-x-default-pool-917ea268-mwwq","podName":"jobzqtapx-mdifffit-22-1-lkrdf","podServiceAccount":"default","podNamespace":"default"}
[2020-05-13T09:55:36.184] [INFO] hftrace - handler started
[2020-05-13T09:55:36.223] [INFO] hftrace - jobMessage:  [
  'j6Bb_ZBMN:1:22:1_msg',
  '{"executable":"mDiffFit","args":["-s","fit.000005.000007.txt","p2mass-atlas-001124n-j0870232.fits","p2mass-atlas-001124n-j0860032.fits","diff.000005.000007.fits","big_region_20180402_165339_22325.hdr"],"inputs":[{"name":"big_region_20180402_165339_22325.hdr","_id":4,"data":[{}],"sigIdx":1},{"name":"p2mass-atlas-001124n-j0870232.fits","_id":15,"source":5,"firingId":1,"sigIdx":1},{"name":"p2mass-atlas-001124n-j0870232_area.fits","_id":16,"source":5,"firingId":1,"sigIdx":1},{"name":"p2mass-atlas-001124n-j0860032.fits","_id":21,"source":7,"firingId":1,"sigIdx":1},{"name":"p2mass-atlas-001124n-j0860032_area.fits","_id":22,"source":7,"firingId":1,"sigIdx":1},{"name":"mDiff","_id":32,"data":[{}],"sigIdx":1},{"name":"mFitplane","_id":33,"data":[{}],"sigIdx":1}],"outputs":[{"name":"fit.000005.000007.txt"},{"name":"diff.000005.000007.fits"}],"redis_url":"redis://redis.default.svc.cluster.local:6379","taskId":"j6Bb_ZBMN:1:22:1","name":"mDiffFit"}'
]
[2020-05-13T09:55:36.234] [INFO] hftrace - Job command: 'mDiffFit -s fit.000005.000007.txt p2mass-atlas-001124n-j0870232.fits p2mass-atlas-001124n-j0860032.fits diff.000005.000007.fits big_region_20180402_165339_22325.hdr'
[2020-05-13T09:55:36.253] [INFO] hftrace - command: {"pid":23,"name":"mDiffFit","command":["mDiffFit","-s","fit.000005.000007.txt","p2mass-atlas-001124n-j0870232.fits","p2mass-atlas-001124n-j0860032.fits","diff.000005.000007.fits","big_region_20180402_165339_22325.hdr"]}
[2020-05-13T09:55:36.255] [INFO] hftrace - IO: {"read":2185,"write":1,"readSyscalls":6,"writeSyscalls":1,"readReal":0,"writeReal":0,"writeCancelled":0,"pid":23,"name":"mDiffFit"}
[2020-05-13T09:55:36.260] [INFO] hftrace - NetDev: pid: 23 [{"name":"lo","rxBytes":0,"rxPackets":0,"rxErrors":0,"rxDrop":0,"rxFifo":0,"rxFrame":0,"rxCompressed":0,"rxMulticast":0,"txBytes":0,"txPackets":0,"txErrors":0,"txDrop":0,"txFifo":0,"txColls":0,"txCarrier":0,"txCompressed":0},{"name":"eth0","rxBytes":6314,"rxPackets":17,"rxErrors":0,"rxDrop":0,"rxFifo":0,"rxFrame":0,"rxCompressed":0,"rxMulticast":0,"txBytes":1337,"txPackets":15,"txErrors":0,"txDrop":0,"txFifo":0,"txColls":0,"txCarrier":0,"txCompressed":0}]
[2020-05-13T09:55:36.284] [INFO] hftrace - job started: mDiffFit
[2020-05-13T09:55:36.424] [INFO] hftrace - command: {"pid":24,"name":"mDiffFit","command":["mDiff","p2mass-atlas-001124n-j0870232.fits","p2mass-atlas-001124n-j0860032.fits","diff.000005.000007.fits","big_region_20180402_165339_22325.hdr"]}
[2020-05-13T09:55:36.425] [INFO] hftrace - IO: {"read":8056657,"write":0,"readSyscalls":2811,"writeSyscalls":0,"readReal":8282112,"writeReal":0,"writeCancelled":0,"pid":24,"name":"mDiffFit"}
[2020-05-13T09:55:36.425] [INFO] hftrace - NetDev: pid: 24 [{"name":"lo","rxBytes":0,"rxPackets":0,"rxErrors":0,"rxDrop":0,"rxFifo":0,"rxFrame":0,"rxCompressed":0,"rxMulticast":0,"txBytes":0,"txPackets":0,"txErrors":0,"txDrop":0,"txFifo":0,"txColls":0,"txCarrier":0,"txCompressed":0},{"name":"eth0","rxBytes":6314,"rxPackets":17,"rxErrors":0,"rxDrop":0,"rxFifo":0,"rxFrame":0,"rxCompressed":0,"rxMulticast":0,"txBytes":1403,"txPackets":16,"txErrors":0,"txDrop":0,"txFifo":0,"txColls":0,"txCarrier":0,"txCompressed":0}]
[2020-05-13T09:55:36.542] [INFO] hftrace - Procusage: pid: 23 {"cpu":0,"memory":1343488,"ctime":0,"elapsed":300,"timestamp":1589363736542,"pid":23,"ppid":11}
[2020-05-13T09:55:36.543] [INFO] hftrace - Procusage: pid: 24 undefined
[2020-05-13T09:55:36.550] [INFO] hftrace - Sysinfo: {"cpu":{"manufacturer":"Intel®","brand":"Xeon®","vendor":"GenuineIntel","family":"6","model":"85","stepping":"3","revision":"","voltage":"","speed":"2.00","speedmin":"","speedmax":"","governor":"","cores":2,"physicalCores":1,"processors":1,"socket":"","cache":{"l1d":32768,"l1i":32768,"l2":1048576,"l3":40370176}},"mem":{"total":2092941312,"free":145240064,"used":1947701248,"active":864796672,"available":1228144640,"buffers":59084800,"cached":1084907520,"slab":184852480,"buffcache":1328844800,"swaptotal":0,"swapused":0,"swapfree":0}}
[2020-05-13T09:55:36.575] [INFO] hftrace - job successful (try 1): mDiffFit
[2020-05-13T09:55:36.575] [INFO] hftrace - job exit code: 0
[2020-05-13T09:55:36.579] [INFO] hftrace - Job inputs: [{"big_region_20180402_165339_22325.hdr":306},{"p2mass-atlas-001124n-j0870232.fits":4121280},{"p2mass-atlas-001124n-j0870232_area.fits":4121280},{"p2mass-atlas-001124n-j0860032.fits":4121280},{"p2mass-atlas-001124n-j0860032_area.fits":4121280},{"mDiff":-1},{"mFitplane":-1}]
[2020-05-13T09:55:36.579] [INFO] hftrace - Job outputs: [{"fit.000005.000007.txt":247},{"diff.000005.000007.fits":149760}]
[2020-05-13T09:55:36.579] [INFO] hftrace - handler exiting
