[2020-05-03T21:33:28.408] [INFO] hftrace - handler started
[2020-05-03T21:33:28.411] [ERROR] hftrace - nethogs execution error: Error: spawn nethogs-wrapper.py ENOENT
    at Process.ChildProcess._handle.onexit (internal/child_process.js:267:19)
    at onErrorNT (internal/child_process.js:469:16)
    at processTicksAndRejections (internal/process/task_queues.js:84:21) {
  errno: 'ENOENT',
  code: 'ENOENT',
  syscall: 'spawn nethogs-wrapper.py',
  path: 'nethogs-wrapper.py',
  spawnargs: []
}
[2020-05-03T21:33:28.423] [INFO] hftrace - jobMessage:  [
  'TGMfC62C8:1:24:1_msg',
  '{"executable":"mConcatFit","args":["3-stat.tbl","3-fits.tbl","."],"inputs":[{"name":"3-fit.000001.000002.txt","_id":51,"source":23,"firingId":1,"sigIdx":1},{"name":"3-stat.tbl","_id":52,"data":[{}],"sigIdx":1}],"outputs":[{"name":"3-fits.tbl"}],"redis_url":"redis://redis.default.svc.cluster.local:6379","taskId":"TGMfC62C8:1:24:1","name":"mConcatFit"}'
]
[2020-05-03T21:33:28.424] [INFO] hftrace - Job command: 'mConcatFit 3-stat.tbl 3-fits.tbl .'
[2020-05-03T21:33:28.449] [INFO] hftrace - command: {"pid":18,"name":"mConcatFit","command":["mConcatFit","3-stat.tbl","3-fits.tbl","."]}
[2020-05-03T21:33:28.450] [INFO] hftrace - IO: {"read":1225,"write":1,"readSyscalls":5,"writeSyscalls":1,"readReal":49152,"writeReal":0,"writeCancelled":0,"pid":18,"name":"mConcatFit"}
[2020-05-03T21:33:28.451] [INFO] hftrace - NetDev: pid: 18 [{"name":"eth0","rxBytes":5497,"rxPackets":14,"rxErrors":0,"rxDrop":0,"rxFifo":0,"rxFrame":0,"rxCompressed":0,"rxMulticast":0,"txBytes":1337,"txPackets":15,"txErrors":0,"txDrop":0,"txFifo":0,"txColls":0,"txCarrier":0,"txCompressed":0},{"name":"lo","rxBytes":0,"rxPackets":0,"rxErrors":0,"rxDrop":0,"rxFifo":0,"rxFrame":0,"rxCompressed":0,"rxMulticast":0,"txBytes":0,"txPackets":0,"txErrors":0,"txDrop":0,"txFifo":0,"txColls":0,"txCarrier":0,"txCompressed":0}]
[2020-05-03T21:33:28.459] [INFO] hftrace - job started: mConcatFit
[2020-05-03T21:33:28.482] [INFO] hftrace - Procusage: pid: 18 {"cpu":0,"memory":16625664,"ctime":30,"elapsed":40,"timestamp":1588541608482,"pid":18,"ppid":6}
[2020-05-03T21:33:28.483] [INFO] hftrace - Sysinfo: {"cpu":{"manufacturer":"Intel®","brand":"Xeon®","vendor":"","family":"","model":"","stepping":"","revision":"","voltage":"","speed":"2.00","speedmin":"","speedmax":"","governor":"","cores":4,"physicalCores":4,"processors":1,"socket":"","cache":{"l1d":"","l1i":"","l2":"","l3":""}},"mem":{"total":4140511232,"free":1573793792,"used":2566717440,"active":1363271680,"available":2777239552,"buffers":188444672,"cached":1068376064,"slab":328032256,"buffcache":1584852992,"swaptotal":0,"swapused":0,"swapfree":0}}
[2020-05-03T21:33:28.630] [INFO] hftrace - job successful (try 1): mConcatFit
[2020-05-03T21:33:28.630] [INFO] hftrace - job exit code: 0
[2020-05-03T21:33:28.631] [INFO] hftrace - Job inputs: [ { '3-fit.000001.000002.txt': 265 }, { '3-stat.tbl': 650 } ]
[2020-05-03T21:33:28.632] [INFO] hftrace - Job outputs: [ { '3-fits.tbl': 417 } ]
[2020-05-03T21:33:28.632] [INFO] hftrace - handler exiting
