[2020-05-03T21:33:38.705] [INFO] hftrace - handler started
[2020-05-03T21:33:38.708] [ERROR] hftrace - nethogs execution error: Error: spawn nethogs-wrapper.py ENOENT
    at Process.ChildProcess._handle.onexit (internal/child_process.js:267:19)
    at onErrorNT (internal/child_process.js:469:16)
    at processTicksAndRejections (internal/process/task_queues.js:84:21) {
  errno: 'ENOENT',
  code: 'ENOENT',
  syscall: 'spawn nethogs-wrapper.py',
  path: 'nethogs-wrapper.py',
  spawnargs: []
}
[2020-05-03T21:33:38.719] [INFO] hftrace - jobMessage:  [
  'TGMfC62C8:1:9:1_msg',
  '{"executable":"mAdd","args":["-e","1-updated-corrected.tbl","region.hdr","1-mosaic.fits"],"inputs":[{"name":"c2mass-atlas-980914s-j0820044_area.fits","_id":14,"source":6,"firingId":1,"sigIdx":1},{"name":"c2mass-atlas-980914s-j0820044.fits","_id":15,"source":6,"firingId":1,"sigIdx":1},{"name":"c2mass-atlas-001021s-j0490233.fits","_id":16,"source":7,"firingId":1,"sigIdx":1},{"name":"c2mass-atlas-001021s-j0490233_area.fits","_id":17,"source":7,"firingId":1,"sigIdx":1},{"name":"1-updated-corrected.tbl","_id":19,"source":8,"firingId":1,"sigIdx":1},{"name":"region.hdr","_id":20,"data":[{}],"sigIdx":1}],"outputs":[{"name":"1-mosaic.fits"},{"name":"1-mosaic_area.fits"}],"redis_url":"redis://redis.default.svc.cluster.local:6379","taskId":"TGMfC62C8:1:9:1","name":"mAdd"}'
]
[2020-05-03T21:33:38.720] [INFO] hftrace - Job command: 'mAdd -e 1-updated-corrected.tbl region.hdr 1-mosaic.fits'
[2020-05-03T21:33:38.734] [INFO] hftrace - command: {"pid":18,"name":"mAdd","command":["mAdd","-e","1-updated-corrected.tbl","region.hdr","1-mosaic.fits"]}
[2020-05-03T21:33:38.735] [INFO] hftrace - IO: {"read":2301,"write":1,"readSyscalls":12,"writeSyscalls":1,"readReal":0,"writeReal":0,"writeCancelled":0,"pid":18,"name":"mAdd"}
[2020-05-03T21:33:38.736] [INFO] hftrace - NetDev: pid: 18 [{"name":"eth0","rxBytes":6049,"rxPackets":16,"rxErrors":0,"rxDrop":0,"rxFifo":0,"rxFrame":0,"rxCompressed":0,"rxMulticast":0,"txBytes":1336,"txPackets":15,"txErrors":0,"txDrop":0,"txFifo":0,"txColls":0,"txCarrier":0,"txCompressed":0},{"name":"lo","rxBytes":0,"rxPackets":0,"rxErrors":0,"rxDrop":0,"rxFifo":0,"rxFrame":0,"rxCompressed":0,"rxMulticast":0,"txBytes":0,"txPackets":0,"txErrors":0,"txDrop":0,"txFifo":0,"txColls":0,"txCarrier":0,"txCompressed":0}]
[2020-05-03T21:33:38.743] [INFO] hftrace - job started: mAdd
[2020-05-03T21:33:38.764] [INFO] hftrace - Procusage: pid: 18 {"cpu":0,"memory":16367616,"ctime":30,"elapsed":30,"timestamp":1588541618764,"pid":18,"ppid":6}
[2020-05-03T21:33:38.765] [INFO] hftrace - Sysinfo: {"cpu":{"manufacturer":"Intel®","brand":"Xeon®","vendor":"","family":"","model":"","stepping":"","revision":"","voltage":"","speed":"2.00","speedmin":"","speedmax":"","governor":"","cores":4,"physicalCores":4,"processors":1,"socket":"","cache":{"l1d":"","l1i":"","l2":"","l3":""}},"mem":{"total":4140511232,"free":1568239616,"used":2572271616,"active":1369206784,"available":2771304448,"buffers":190636032,"cached":1065648128,"slab":327663616,"buffcache":1583947776,"swaptotal":0,"swapused":0,"swapfree":0}}
[2020-05-03T21:33:38.919] [INFO] hftrace - job successful (try 1): mAdd
[2020-05-03T21:33:38.919] [INFO] hftrace - job exit code: 0
[2020-05-03T21:33:38.921] [INFO] hftrace - Job inputs: [
  { 'c2mass-atlas-980914s-j0820044_area.fits': 4152960 },
  { 'c2mass-atlas-980914s-j0820044.fits': 4152960 },
  { 'c2mass-atlas-001021s-j0490233.fits': 4152960 },
  { 'c2mass-atlas-001021s-j0490233_area.fits': 4152960 },
  { '1-updated-corrected.tbl': 1764 },
  { 'region.hdr': 269 }
]
[2020-05-03T21:33:38.921] [INFO] hftrace - Job outputs: [ { '1-mosaic.fits': 14400 }, { '1-mosaic_area.fits': 14400 } ]
[2020-05-03T21:33:38.921] [INFO] hftrace - handler exiting
