[2020-05-13T09:55:21.155] [INFO] hftrace - Environment variables (HF_LOG): {"podIp":"10.40.1.33","nodeName":"gke-cluster-x-default-pool-917ea268-8629","podName":"jobwkjgt-mprojectpp-2-1-gbr7m","podServiceAccount":"default","podNamespace":"default"}
[2020-05-13T09:55:21.173] [INFO] hftrace - handler started
[2020-05-13T09:55:21.192] [INFO] hftrace - jobMessage:  [
  'j6Bb_ZBMN:1:2:1_msg',
  '{"executable":"mProjectPP","args":["-X","-x","0.90274","2mass-atlas-001124n-j0890232.fits","p2mass-atlas-001124n-j0890232.fits","big_region_20180402_165339_22325.hdr"],"inputs":[{"name":"big_region_20180402_165339_22325.hdr","_id":4,"data":[{}],"sigIdx":1},{"name":"2mass-atlas-001124n-j0890232.fits","_id":5,"data":[{}],"sigIdx":1}],"outputs":[{"name":"p2mass-atlas-001124n-j0890232.fits"},{"name":"p2mass-atlas-001124n-j0890232_area.fits"}],"redis_url":"redis://redis.default.svc.cluster.local:6379","taskId":"j6Bb_ZBMN:1:2:1","name":"mProjectPP"}'
]
[2020-05-13T09:55:21.202] [INFO] hftrace - Job command: 'mProjectPP -X -x 0.90274 2mass-atlas-001124n-j0890232.fits p2mass-atlas-001124n-j0890232.fits big_region_20180402_165339_22325.hdr'
[2020-05-13T09:55:21.260] [INFO] hftrace - command: {"pid":24,"name":"mProjectPP","command":["mProjectPP","-X","-x","0.90274","2mass-atlas-001124n-j0890232.fits","p2mass-atlas-001124n-j0890232.fits","big_region_20180402_165339_22325.hdr"]}
[2020-05-13T09:55:21.262] [INFO] hftrace - IO: {"read":1225,"write":1,"readSyscalls":5,"writeSyscalls":1,"readReal":131072,"writeReal":0,"writeCancelled":0,"pid":24,"name":"mProjectPP"}
[2020-05-13T09:55:21.265] [INFO] hftrace - NetDev: pid: 24 [{"name":"lo","rxBytes":0,"rxPackets":0,"rxErrors":0,"rxDrop":0,"rxFifo":0,"rxFrame":0,"rxCompressed":0,"rxMulticast":0,"txBytes":0,"txPackets":0,"txErrors":0,"txDrop":0,"txFifo":0,"txColls":0,"txCarrier":0,"txCompressed":0},{"name":"eth0","rxBytes":5910,"rxPackets":18,"rxErrors":0,"rxDrop":0,"rxFifo":0,"rxFrame":0,"rxCompressed":0,"rxMulticast":0,"txBytes":1402,"txPackets":16,"txErrors":0,"txDrop":0,"txFifo":0,"txColls":0,"txCarrier":0,"txCompressed":0}]
[2020-05-13T09:55:21.291] [INFO] hftrace - job started: mProjectPP
[2020-05-13T09:55:21.380] [INFO] hftrace - Procusage: pid: 24 {"cpu":0,"memory":2043904,"ctime":20,"elapsed":140,"timestamp":1589363721380,"pid":24,"ppid":12}
[2020-05-13T09:55:21.431] [INFO] hftrace - Sysinfo: {"cpu":{"manufacturer":"Intel®","brand":"Xeon®","vendor":"GenuineIntel","family":"6","model":"85","stepping":"3","revision":"","voltage":"","speed":"2.00","speedmin":"","speedmax":"","governor":"","cores":2,"physicalCores":1,"processors":1,"socket":"","cache":{"l1d":32768,"l1i":32768,"l2":1048576,"l3":40370176}},"mem":{"total":2092941312,"free":231436288,"used":1861505024,"active":921456640,"available":1171484672,"buffers":72888320,"cached":923095040,"slab":192024576,"buffcache":1188007936,"swaptotal":0,"swapused":0,"swapfree":0}}
[2020-05-13T09:55:23.264] [INFO] hftrace - IO: {"read":3224191,"write":8248321,"readSyscalls":123,"writeSyscalls":2865,"readReal":1740800,"writeReal":8249344,"writeCancelled":0,"pid":24,"name":"mProjectPP"}
[2020-05-13T09:55:23.265] [INFO] hftrace - NetDev: pid: 24 [{"name":"lo","rxBytes":0,"rxPackets":0,"rxErrors":0,"rxDrop":0,"rxFifo":0,"rxFrame":0,"rxCompressed":0,"rxMulticast":0,"txBytes":0,"txPackets":0,"txErrors":0,"txDrop":0,"txFifo":0,"txColls":0,"txCarrier":0,"txCompressed":0},{"name":"eth0","rxBytes":6806,"rxPackets":27,"rxErrors":0,"rxDrop":0,"rxFifo":0,"rxFrame":0,"rxCompressed":0,"rxMulticast":0,"txBytes":1402,"txPackets":16,"txErrors":0,"txDrop":0,"txFifo":0,"txColls":0,"txCarrier":0,"txCompressed":0}]
[2020-05-13T09:55:23.387] [INFO] hftrace - job successful (try 1): mProjectPP
[2020-05-13T09:55:23.388] [INFO] hftrace - job exit code: 0
[2020-05-13T09:55:23.390] [INFO] hftrace - Job inputs: [{"big_region_20180402_165339_22325.hdr":306},{"2mass-atlas-001124n-j0890232.fits":1604128}]
[2020-05-13T09:55:23.390] [INFO] hftrace - Job outputs: [{"p2mass-atlas-001124n-j0890232.fits":4124160},{"p2mass-atlas-001124n-j0890232_area.fits":4124160}]
[2020-05-13T09:55:23.390] [INFO] hftrace - handler exiting
